Files already downloaded and verified
Writing logs to logs/CNN_bs=128_lr=0.001_run_0
/mnt/storage/software/languages/anaconda/Anaconda3.8.8/lib/python3.8/site-packages/torch/utils/data/dataloader.py:563: UserWarning: This DataLoader will create 28 worker processes in total. Our suggested max number of worker in current system is 1, which is smaller than what this DataLoader is going to create. Please be aware that excessive worker creation might get DataLoader running slow or even freeze, lower the worker number to avoid potential slowness/freeze if necessary.
  warnings.warn(_create_warning_msg(
epoch: [0], step: [9/391], batch loss: 2.30523, batch accuracy: 12.50, data load time: 0.00031, step time: 0.02761
epoch: [0], step: [19/391], batch loss: 2.29152, batch accuracy: 13.28, data load time: 0.00031, step time: 0.02573
epoch: [0], step: [29/391], batch loss: 2.30017, batch accuracy: 10.16, data load time: 0.00031, step time: 0.02583
epoch: [0], step: [39/391], batch loss: 2.28153, batch accuracy: 13.28, data load time: 0.00031, step time: 0.02596
epoch: [0], step: [49/391], batch loss: 2.24511, batch accuracy: 19.53, data load time: 0.00030, step time: 0.02588
epoch: [0], step: [59/391], batch loss: 2.20675, batch accuracy: 16.41, data load time: 0.00031, step time: 0.02572
epoch: [0], step: [69/391], batch loss: 2.18249, batch accuracy: 19.53, data load time: 0.00031, step time: 0.02576
epoch: [0], step: [79/391], batch loss: 2.16333, batch accuracy: 24.22, data load time: 0.00031, step time: 0.02579
epoch: [0], step: [89/391], batch loss: 2.19105, batch accuracy: 24.22, data load time: 0.00032, step time: 0.02575
epoch: [0], step: [99/391], batch loss: 2.21046, batch accuracy: 20.31, data load time: 0.00031, step time: 0.02575
epoch: [0], step: [109/391], batch loss: 2.15680, batch accuracy: 24.22, data load time: 0.00031, step time: 0.02597
epoch: [0], step: [119/391], batch loss: 2.16569, batch accuracy: 20.31, data load time: 0.00031, step time: 0.02574
epoch: [0], step: [129/391], batch loss: 2.15881, batch accuracy: 21.88, data load time: 0.00032, step time: 0.02573
epoch: [0], step: [139/391], batch loss: 2.10753, batch accuracy: 25.78, data load time: 0.00031, step time: 0.02572
epoch: [0], step: [149/391], batch loss: 2.13392, batch accuracy: 25.78, data load time: 0.00031, step time: 0.02579
epoch: [0], step: [159/391], batch loss: 2.12953, batch accuracy: 25.78, data load time: 0.00031, step time: 0.02582
epoch: [0], step: [169/391], batch loss: 2.12675, batch accuracy: 23.44, data load time: 0.00031, step time: 0.02551
epoch: [0], step: [179/391], batch loss: 2.08062, batch accuracy: 25.00, data load time: 0.00031, step time: 0.02576
epoch: [0], step: [189/391], batch loss: 2.20851, batch accuracy: 17.97, data load time: 0.00031, step time: 0.02558
epoch: [0], step: [199/391], batch loss: 2.14512, batch accuracy: 25.00, data load time: 0.00032, step time: 0.02552
epoch: [0], step: [209/391], batch loss: 2.19858, batch accuracy: 18.75, data load time: 0.00032, step time: 0.02557
epoch: [0], step: [219/391], batch loss: 2.09653, batch accuracy: 31.25, data load time: 0.00032, step time: 0.02552
epoch: [0], step: [229/391], batch loss: 2.06578, batch accuracy: 27.34, data load time: 0.00031, step time: 0.02547
epoch: [0], step: [239/391], batch loss: 2.08138, batch accuracy: 24.22, data load time: 0.00031, step time: 0.02554
epoch: [0], step: [249/391], batch loss: 2.10000, batch accuracy: 21.88, data load time: 0.00032, step time: 0.02561
epoch: [0], step: [259/391], batch loss: 2.08747, batch accuracy: 23.44, data load time: 0.00033, step time: 0.02555
epoch: [0], step: [269/391], batch loss: 2.07245, batch accuracy: 26.56, data load time: 0.00032, step time: 0.02553
epoch: [0], step: [279/391], batch loss: 2.10975, batch accuracy: 25.00, data load time: 0.00032, step time: 0.02561
epoch: [0], step: [289/391], batch loss: 2.07157, batch accuracy: 29.69, data load time: 0.00032, step time: 0.02553
epoch: [0], step: [299/391], batch loss: 2.04779, batch accuracy: 24.22, data load time: 0.00031, step time: 0.02559
epoch: [0], step: [309/391], batch loss: 2.03083, batch accuracy: 32.03, data load time: 0.00031, step time: 0.02554
epoch: [0], step: [319/391], batch loss: 2.00106, batch accuracy: 28.91, data load time: 0.00031, step time: 0.02558
epoch: [0], step: [329/391], batch loss: 2.03026, batch accuracy: 32.81, data load time: 0.00032, step time: 0.02561
epoch: [0], step: [339/391], batch loss: 2.05626, batch accuracy: 24.22, data load time: 0.00027, step time: 0.00422
epoch: [0], step: [349/391], batch loss: 1.99174, batch accuracy: 32.81, data load time: 0.00027, step time: 0.00423
epoch: [0], step: [359/391], batch loss: 2.01821, batch accuracy: 24.22, data load time: 0.00027, step time: 0.00423
epoch: [0], step: [369/391], batch loss: 2.04374, batch accuracy: 29.69, data load time: 0.00027, step time: 0.00422
epoch: [0], step: [379/391], batch loss: 1.96622, batch accuracy: 30.47, data load time: 0.00027, step time: 0.00395
epoch: [0], step: [389/391], batch loss: 2.04781, batch accuracy: 24.22, data load time: 0.00027, step time: 0.00395
epoch: [1], step: [8/391], batch loss: 2.06915, batch accuracy: 27.34, data load time: 0.00031, step time: 0.02635
epoch: [1], step: [18/391], batch loss: 1.98218, batch accuracy: 32.03, data load time: 0.00031, step time: 0.02592
epoch: [1], step: [28/391], batch loss: 2.00869, batch accuracy: 26.56, data load time: 0.00030, step time: 0.02571
epoch: [1], step: [38/391], batch loss: 2.03610, batch accuracy: 25.00, data load time: 0.00030, step time: 0.02584
epoch: [1], step: [48/391], batch loss: 1.96257, batch accuracy: 28.12, data load time: 0.00030, step time: 0.02592
epoch: [1], step: [58/391], batch loss: 1.87457, batch accuracy: 36.72, data load time: 0.00030, step time: 0.02584
epoch: [1], step: [68/391], batch loss: 1.95381, batch accuracy: 32.81, data load time: 0.00033, step time: 0.02652
epoch: [1], step: [78/391], batch loss: 1.93839, batch accuracy: 27.34, data load time: 0.00031, step time: 0.02583
epoch: [1], step: [88/391], batch loss: 1.93096, batch accuracy: 31.25, data load time: 0.00030, step time: 0.02584
epoch: [1], step: [98/391], batch loss: 1.95731, batch accuracy: 36.72, data load time: 0.00032, step time: 0.02584
epoch: [1], step: [108/391], batch loss: 1.85365, batch accuracy: 32.81, data load time: 0.00032, step time: 0.02597
epoch: [1], step: [118/391], batch loss: 1.97796, batch accuracy: 28.91, data load time: 0.00031, step time: 0.02579
epoch: [1], step: [128/391], batch loss: 1.94514, batch accuracy: 28.91, data load time: 0.00031, step time: 0.02591
epoch: [1], step: [138/391], batch loss: 2.00138, batch accuracy: 25.00, data load time: 0.00032, step time: 0.02596
epoch: [1], step: [148/391], batch loss: 1.96825, batch accuracy: 39.06, data load time: 0.00031, step time: 0.02594
epoch: [1], step: [158/391], batch loss: 1.88256, batch accuracy: 32.81, data load time: 0.00031, step time: 0.02584
epoch: [1], step: [168/391], batch loss: 2.02400, batch accuracy: 30.47, data load time: 0.00031, step time: 0.02567
epoch: [1], step: [178/391], batch loss: 1.86683, batch accuracy: 40.62, data load time: 0.00032, step time: 0.02552
epoch: [1], step: [188/391], batch loss: 1.93474, batch accuracy: 32.03, data load time: 0.00031, step time: 0.02566
epoch: [1], step: [198/391], batch loss: 1.93865, batch accuracy: 39.06, data load time: 0.00031, step time: 0.02568
epoch: [1], step: [208/391], batch loss: 1.95505, batch accuracy: 32.81, data load time: 0.00032, step time: 0.02564
epoch: [1], step: [218/391], batch loss: 1.90324, batch accuracy: 37.50, data load time: 0.00031, step time: 0.02567
epoch: [1], step: [228/391], batch loss: 1.97540, batch accuracy: 31.25, data load time: 0.00031, step time: 0.02552
epoch: [1], step: [238/391], batch loss: 1.96572, batch accuracy: 35.16, data load time: 0.00031, step time: 0.02562
epoch: [1], step: [248/391], batch loss: 1.94014, batch accuracy: 31.25, data load time: 0.00031, step time: 0.02564
epoch: [1], step: [258/391], batch loss: 1.88117, batch accuracy: 32.81, data load time: 0.00031, step time: 0.02566
epoch: [1], step: [268/391], batch loss: 1.81563, batch accuracy: 39.06, data load time: 0.00031, step time: 0.02570
epoch: [1], step: [278/391], batch loss: 1.92562, batch accuracy: 37.50, data load time: 0.00031, step time: 0.02572
epoch: [1], step: [288/391], batch loss: 1.86728, batch accuracy: 35.94, data load time: 0.00031, step time: 0.02572
epoch: [1], step: [298/391], batch loss: 1.87277, batch accuracy: 39.06, data load time: 0.00031, step time: 0.02559
epoch: [1], step: [308/391], batch loss: 1.89014, batch accuracy: 31.25, data load time: 0.00031, step time: 0.02570
epoch: [1], step: [318/391], batch loss: 1.96262, batch accuracy: 25.00, data load time: 0.00031, step time: 0.02560
epoch: [1], step: [328/391], batch loss: 1.81484, batch accuracy: 36.72, data load time: 0.00032, step time: 0.02568
epoch: [1], step: [338/391], batch loss: 1.90531, batch accuracy: 35.16, data load time: 0.00029, step time: 0.00422
epoch: [1], step: [348/391], batch loss: 1.90440, batch accuracy: 31.25, data load time: 0.00027, step time: 0.00423
epoch: [1], step: [358/391], batch loss: 1.90030, batch accuracy: 31.25, data load time: 0.00028, step time: 0.00423
epoch: [1], step: [368/391], batch loss: 1.83570, batch accuracy: 35.16, data load time: 0.00027, step time: 0.00396
epoch: [1], step: [378/391], batch loss: 1.87555, batch accuracy: 35.94, data load time: 0.00027, step time: 0.00395
epoch: [1], step: [388/391], batch loss: 1.90605, batch accuracy: 34.38, data load time: 0.00027, step time: 0.00395
validation loss: 1.89220, accuracy: 33.58
epoch: [2], step: [7/391], batch loss: 1.82697, batch accuracy: 38.28, data load time: 0.00031, step time: 0.01041
epoch: [2], step: [17/391], batch loss: 1.91168, batch accuracy: 29.69, data load time: 0.00031, step time: 0.02610
epoch: [2], step: [27/391], batch loss: 1.73427, batch accuracy: 41.41, data load time: 0.00711, step time: 0.02361
epoch: [2], step: [37/391], batch loss: 1.88786, batch accuracy: 27.34, data load time: 0.00031, step time: 0.02564
epoch: [2], step: [47/391], batch loss: 1.85168, batch accuracy: 36.72, data load time: 0.00030, step time: 0.02574
epoch: [2], step: [57/391], batch loss: 1.89685, batch accuracy: 28.12, data load time: 0.00030, step time: 0.02555
epoch: [2], step: [67/391], batch loss: 1.90783, batch accuracy: 30.47, data load time: 0.00030, step time: 0.02571
epoch: [2], step: [77/391], batch loss: 1.88745, batch accuracy: 27.34, data load time: 0.00030, step time: 0.02587
epoch: [2], step: [87/391], batch loss: 1.78676, batch accuracy: 37.50, data load time: 0.00031, step time: 0.02579
epoch: [2], step: [97/391], batch loss: 1.82474, batch accuracy: 38.28, data load time: 0.00031, step time: 0.02581
epoch: [2], step: [107/391], batch loss: 1.84982, batch accuracy: 44.53, data load time: 0.00031, step time: 0.02706
epoch: [2], step: [117/391], batch loss: 1.75797, batch accuracy: 37.50, data load time: 0.00032, step time: 0.02574
epoch: [2], step: [127/391], batch loss: 1.78672, batch accuracy: 42.19, data load time: 0.00031, step time: 0.02585
epoch: [2], step: [137/391], batch loss: 1.86710, batch accuracy: 31.25, data load time: 0.00032, step time: 0.02568
epoch: [2], step: [147/391], batch loss: 1.82747, batch accuracy: 33.59, data load time: 0.00031, step time: 0.02578
epoch: [2], step: [157/391], batch loss: 1.87849, batch accuracy: 38.28, data load time: 0.00031, step time: 0.02590
epoch: [2], step: [167/391], batch loss: 1.84387, batch accuracy: 37.50, data load time: 0.00031, step time: 0.02586
epoch: [2], step: [177/391], batch loss: 1.87231, batch accuracy: 35.16, data load time: 0.00031, step time: 0.02557
epoch: [2], step: [187/391], batch loss: 1.82681, batch accuracy: 32.03, data load time: 0.00031, step time: 0.02566
epoch: [2], step: [197/391], batch loss: 1.94218, batch accuracy: 34.38, data load time: 0.00031, step time: 0.02556
epoch: [2], step: [207/391], batch loss: 1.78169, batch accuracy: 38.28, data load time: 0.00032, step time: 0.02567
epoch: [2], step: [217/391], batch loss: 1.80814, batch accuracy: 32.81, data load time: 0.00031, step time: 0.02571
epoch: [2], step: [227/391], batch loss: 1.75200, batch accuracy: 39.06, data load time: 0.00031, step time: 0.02556
epoch: [2], step: [237/391], batch loss: 1.73173, batch accuracy: 39.06, data load time: 0.00032, step time: 0.02561
epoch: [2], step: [247/391], batch loss: 1.92259, batch accuracy: 33.59, data load time: 0.00031, step time: 0.02566
epoch: [2], step: [257/391], batch loss: 1.72018, batch accuracy: 45.31, data load time: 0.00032, step time: 0.02563
epoch: [2], step: [267/391], batch loss: 1.90226, batch accuracy: 28.91, data load time: 0.00031, step time: 0.02566
epoch: [2], step: [277/391], batch loss: 1.82542, batch accuracy: 28.91, data load time: 0.00031, step time: 0.02556
epoch: [2], step: [287/391], batch loss: 1.89775, batch accuracy: 32.81, data load time: 0.00032, step time: 0.02567
epoch: [2], step: [297/391], batch loss: 1.83041, batch accuracy: 35.94, data load time: 0.00032, step time: 0.02565
epoch: [2], step: [307/391], batch loss: 1.84135, batch accuracy: 35.16, data load time: 0.00031, step time: 0.02555
epoch: [2], step: [317/391], batch loss: 1.79505, batch accuracy: 36.72, data load time: 0.00031, step time: 0.02568
epoch: [2], step: [327/391], batch loss: 1.83383, batch accuracy: 34.38, data load time: 0.00031, step time: 0.02561
epoch: [2], step: [337/391], batch loss: 1.77042, batch accuracy: 36.72, data load time: 0.00027, step time: 0.00390
epoch: [2], step: [347/391], batch loss: 1.63053, batch accuracy: 51.56, data load time: 0.00028, step time: 0.00390
epoch: [2], step: [357/391], batch loss: 1.97279, batch accuracy: 32.03, data load time: 0.00027, step time: 0.00391
epoch: [2], step: [367/391], batch loss: 1.76912, batch accuracy: 35.16, data load time: 0.00028, step time: 0.00389
epoch: [2], step: [377/391], batch loss: 1.92920, batch accuracy: 26.56, data load time: 0.00027, step time: 0.00390
epoch: [2], step: [387/391], batch loss: 1.81074, batch accuracy: 37.50, data load time: 0.00028, step time: 0.00389
epoch: [3], step: [6/391], batch loss: 1.74537, batch accuracy: 44.53, data load time: 0.00031, step time: 0.00391
epoch: [3], step: [16/391], batch loss: 1.74891, batch accuracy: 41.41, data load time: 0.00032, step time: 0.02610
epoch: [3], step: [26/391], batch loss: 1.79821, batch accuracy: 37.50, data load time: 0.03043, step time: 0.02357
epoch: [3], step: [36/391], batch loss: 1.81711, batch accuracy: 35.16, data load time: 0.02249, step time: 0.00390
epoch: [3], step: [46/391], batch loss: 1.72462, batch accuracy: 41.41, data load time: 0.00030, step time: 0.02568
epoch: [3], step: [56/391], batch loss: 1.83191, batch accuracy: 35.16, data load time: 0.00030, step time: 0.02552
epoch: [3], step: [66/391], batch loss: 1.88944, batch accuracy: 35.16, data load time: 0.00030, step time: 0.02575
epoch: [3], step: [76/391], batch loss: 1.82570, batch accuracy: 30.47, data load time: 0.00031, step time: 0.02592
epoch: [3], step: [86/391], batch loss: 1.85372, batch accuracy: 33.59, data load time: 0.00031, step time: 0.02584
epoch: [3], step: [96/391], batch loss: 1.82589, batch accuracy: 39.06, data load time: 0.00030, step time: 0.02610
epoch: [3], step: [106/391], batch loss: 1.87288, batch accuracy: 31.25, data load time: 0.00030, step time: 0.02591
epoch: [3], step: [116/391], batch loss: 1.72777, batch accuracy: 37.50, data load time: 0.00031, step time: 0.02580
epoch: [3], step: [126/391], batch loss: 1.79531, batch accuracy: 26.56, data load time: 0.00032, step time: 0.02590
epoch: [3], step: [136/391], batch loss: 1.83729, batch accuracy: 34.38, data load time: 0.00031, step time: 0.02594
epoch: [3], step: [146/391], batch loss: 1.80649, batch accuracy: 38.28, data load time: 0.00031, step time: 0.02587
epoch: [3], step: [156/391], batch loss: 1.84593, batch accuracy: 37.50, data load time: 0.00031, step time: 0.02587
epoch: [3], step: [166/391], batch loss: 1.71649, batch accuracy: 43.75, data load time: 0.00031, step time: 0.02589
epoch: [3], step: [176/391], batch loss: 1.88147, batch accuracy: 35.16, data load time: 0.00032, step time: 0.02570
epoch: [3], step: [186/391], batch loss: 1.80195, batch accuracy: 38.28, data load time: 0.00032, step time: 0.02569
epoch: [3], step: [196/391], batch loss: 1.71985, batch accuracy: 45.31, data load time: 0.00031, step time: 0.02559
epoch: [3], step: [206/391], batch loss: 1.73876, batch accuracy: 39.06, data load time: 0.00032, step time: 0.02575
epoch: [3], step: [216/391], batch loss: 1.72234, batch accuracy: 42.19, data load time: 0.00031, step time: 0.02568
epoch: [3], step: [226/391], batch loss: 1.94288, batch accuracy: 28.12, data load time: 0.00031, step time: 0.02564
epoch: [3], step: [236/391], batch loss: 1.74102, batch accuracy: 35.94, data load time: 0.00031, step time: 0.02561
epoch: [3], step: [246/391], batch loss: 1.77621, batch accuracy: 35.94, data load time: 0.00031, step time: 0.02578
epoch: [3], step: [256/391], batch loss: 1.78623, batch accuracy: 34.38, data load time: 0.00031, step time: 0.02559
epoch: [3], step: [266/391], batch loss: 1.79389, batch accuracy: 33.59, data load time: 0.00031, step time: 0.02568
epoch: [3], step: [276/391], batch loss: 1.91504, batch accuracy: 34.38, data load time: 0.00031, step time: 0.02570
epoch: [3], step: [286/391], batch loss: 1.80660, batch accuracy: 39.84, data load time: 0.00031, step time: 0.02581
epoch: [3], step: [296/391], batch loss: 1.72508, batch accuracy: 42.19, data load time: 0.00031, step time: 0.02567
epoch: [3], step: [306/391], batch loss: 1.78903, batch accuracy: 42.19, data load time: 0.00031, step time: 0.02567
epoch: [3], step: [316/391], batch loss: 1.81653, batch accuracy: 32.03, data load time: 0.00031, step time: 0.02575
epoch: [3], step: [326/391], batch loss: 1.76002, batch accuracy: 34.38, data load time: 0.00031, step time: 0.02575
epoch: [3], step: [336/391], batch loss: 1.89238, batch accuracy: 32.03, data load time: 0.00027, step time: 0.00391
epoch: [3], step: [346/391], batch loss: 1.75405, batch accuracy: 36.72, data load time: 0.00027, step time: 0.00390
epoch: [3], step: [356/391], batch loss: 1.76801, batch accuracy: 39.84, data load time: 0.00027, step time: 0.00390
epoch: [3], step: [366/391], batch loss: 1.71318, batch accuracy: 38.28, data load time: 0.00027, step time: 0.00389
epoch: [3], step: [376/391], batch loss: 1.64191, batch accuracy: 51.56, data load time: 0.00027, step time: 0.00390
epoch: [3], step: [386/391], batch loss: 1.67979, batch accuracy: 39.84, data load time: 0.00027, step time: 0.00391
validation loss: 1.76295, accuracy: 38.44
epoch: [4], step: [5/391], batch loss: 1.71097, batch accuracy: 39.84, data load time: 0.00031, step time: 0.03553
epoch: [4], step: [15/391], batch loss: 1.78325, batch accuracy: 42.19, data load time: 0.00031, step time: 0.02620
epoch: [4], step: [25/391], batch loss: 1.70019, batch accuracy: 43.75, data load time: 0.09867, step time: 0.02593
epoch: [4], step: [35/391], batch loss: 1.79339, batch accuracy: 35.94, data load time: 0.00030, step time: 0.02570
epoch: [4], step: [45/391], batch loss: 1.72377, batch accuracy: 39.84, data load time: 0.00030, step time: 0.02568
epoch: [4], step: [55/391], batch loss: 1.78161, batch accuracy: 42.19, data load time: 0.03010, step time: 0.02482
epoch: [4], step: [65/391], batch loss: 1.61206, batch accuracy: 46.88, data load time: 0.00030, step time: 0.02569
epoch: [4], step: [75/391], batch loss: 1.61343, batch accuracy: 48.44, data load time: 0.00031, step time: 0.02588
epoch: [4], step: [85/391], batch loss: 1.73638, batch accuracy: 39.84, data load time: 0.00030, step time: 0.02601
epoch: [4], step: [95/391], batch loss: 1.85165, batch accuracy: 38.28, data load time: 0.00030, step time: 0.02586
epoch: [4], step: [105/391], batch loss: 1.79980, batch accuracy: 41.41, data load time: 0.00031, step time: 0.02593
epoch: [4], step: [115/391], batch loss: 1.73864, batch accuracy: 42.19, data load time: 0.00031, step time: 0.02722
epoch: [4], step: [125/391], batch loss: 1.70961, batch accuracy: 41.41, data load time: 0.00031, step time: 0.02722
epoch: [4], step: [135/391], batch loss: 1.84207, batch accuracy: 37.50, data load time: 0.00032, step time: 0.02726
epoch: [4], step: [145/391], batch loss: 1.76011, batch accuracy: 39.06, data load time: 0.00032, step time: 0.02606
epoch: [4], step: [155/391], batch loss: 1.85465, batch accuracy: 33.59, data load time: 0.00031, step time: 0.02587
epoch: [4], step: [165/391], batch loss: 1.68749, batch accuracy: 39.84, data load time: 0.00031, step time: 0.02596
epoch: [4], step: [175/391], batch loss: 1.73956, batch accuracy: 40.62, data load time: 0.00031, step time: 0.02564
epoch: [4], step: [185/391], batch loss: 1.70107, batch accuracy: 43.75, data load time: 0.00031, step time: 0.02566
epoch: [4], step: [195/391], batch loss: 1.83051, batch accuracy: 37.50, data load time: 0.00031, step time: 0.02579
epoch: [4], step: [205/391], batch loss: 1.78636, batch accuracy: 39.06, data load time: 0.00031, step time: 0.02576
epoch: [4], step: [215/391], batch loss: 1.77378, batch accuracy: 38.28, data load time: 0.00032, step time: 0.02563
epoch: [4], step: [225/391], batch loss: 1.81872, batch accuracy: 32.03, data load time: 0.00032, step time: 0.02569
epoch: [4], step: [235/391], batch loss: 1.76954, batch accuracy: 41.41, data load time: 0.00032, step time: 0.02570
epoch: [4], step: [245/391], batch loss: 1.66183, batch accuracy: 42.19, data load time: 0.00031, step time: 0.02571
epoch: [4], step: [255/391], batch loss: 1.78239, batch accuracy: 38.28, data load time: 0.00031, step time: 0.02556
epoch: [4], step: [265/391], batch loss: 1.79332, batch accuracy: 35.94, data load time: 0.00031, step time: 0.02580
epoch: [4], step: [275/391], batch loss: 1.75965, batch accuracy: 39.06, data load time: 0.00031, step time: 0.02572
epoch: [4], step: [285/391], batch loss: 1.78407, batch accuracy: 33.59, data load time: 0.00031, step time: 0.02577
epoch: [4], step: [295/391], batch loss: 1.80656, batch accuracy: 35.16, data load time: 0.00031, step time: 0.02564
epoch: [4], step: [305/391], batch loss: 1.69413, batch accuracy: 44.53, data load time: 0.00031, step time: 0.02570
epoch: [4], step: [315/391], batch loss: 1.84753, batch accuracy: 34.38, data load time: 0.00031, step time: 0.02568
epoch: [4], step: [325/391], batch loss: 1.77422, batch accuracy: 41.41, data load time: 0.00031, step time: 0.02563
epoch: [4], step: [335/391], batch loss: 1.86209, batch accuracy: 35.94, data load time: 0.00027, step time: 0.00422
epoch: [4], step: [345/391], batch loss: 1.71261, batch accuracy: 36.72, data load time: 0.00027, step time: 0.00423
epoch: [4], step: [355/391], batch loss: 1.67208, batch accuracy: 43.75, data load time: 0.00027, step time: 0.00422
epoch: [4], step: [365/391], batch loss: 1.78666, batch accuracy: 39.06, data load time: 0.00027, step time: 0.00394
epoch: [4], step: [375/391], batch loss: 1.69733, batch accuracy: 39.06, data load time: 0.00027, step time: 0.00394
epoch: [4], step: [385/391], batch loss: 1.78275, batch accuracy: 35.16, data load time: 0.00027, step time: 0.00393
epoch: [5], step: [4/391], batch loss: 1.64077, batch accuracy: 52.34, data load time: 0.00031, step time: 0.00404
epoch: [5], step: [14/391], batch loss: 1.72534, batch accuracy: 39.84, data load time: 0.00032, step time: 0.01300
epoch: [5], step: [24/391], batch loss: 1.47770, batch accuracy: 52.34, data load time: 0.00043, step time: 0.02821
epoch: [5], step: [34/391], batch loss: 1.76948, batch accuracy: 36.72, data load time: 0.00030, step time: 0.02603
epoch: [5], step: [44/391], batch loss: 1.70116, batch accuracy: 47.66, data load time: 0.00030, step time: 0.02578
epoch: [5], step: [54/391], batch loss: 1.61341, batch accuracy: 46.88, data load time: 0.00030, step time: 0.02574
epoch: [5], step: [64/391], batch loss: 1.75160, batch accuracy: 38.28, data load time: 0.00030, step time: 0.02569
epoch: [5], step: [74/391], batch loss: 1.64754, batch accuracy: 42.97, data load time: 0.00030, step time: 0.02587
epoch: [5], step: [84/391], batch loss: 1.66208, batch accuracy: 44.53, data load time: 0.00030, step time: 0.02584
epoch: [5], step: [94/391], batch loss: 1.66813, batch accuracy: 42.19, data load time: 0.00030, step time: 0.02594
epoch: [5], step: [104/391], batch loss: 1.71687, batch accuracy: 39.84, data load time: 0.00032, step time: 0.02590
epoch: [5], step: [114/391], batch loss: 1.65286, batch accuracy: 46.88, data load time: 0.00031, step time: 0.02584
epoch: [5], step: [124/391], batch loss: 1.76161, batch accuracy: 42.97, data load time: 0.00033, step time: 0.02593
epoch: [5], step: [134/391], batch loss: 1.84060, batch accuracy: 36.72, data load time: 0.00032, step time: 0.02584
epoch: [5], step: [144/391], batch loss: 1.75060, batch accuracy: 44.53, data load time: 0.00033, step time: 0.02591
epoch: [5], step: [154/391], batch loss: 1.72634, batch accuracy: 35.16, data load time: 0.00032, step time: 0.02596
epoch: [5], step: [164/391], batch loss: 1.79627, batch accuracy: 40.62, data load time: 0.00032, step time: 0.02589
epoch: [5], step: [174/391], batch loss: 1.73534, batch accuracy: 40.62, data load time: 0.00031, step time: 0.02571
epoch: [5], step: [184/391], batch loss: 1.63856, batch accuracy: 40.62, data load time: 0.00033, step time: 0.02566
epoch: [5], step: [194/391], batch loss: 1.73776, batch accuracy: 41.41, data load time: 0.00031, step time: 0.02567
epoch: [5], step: [204/391], batch loss: 1.68044, batch accuracy: 39.84, data load time: 0.00033, step time: 0.02568
epoch: [5], step: [214/391], batch loss: 1.62753, batch accuracy: 48.44, data load time: 0.00032, step time: 0.02567
epoch: [5], step: [224/391], batch loss: 1.68093, batch accuracy: 40.62, data load time: 0.00032, step time: 0.02557
epoch: [5], step: [234/391], batch loss: 1.74854, batch accuracy: 36.72, data load time: 0.00031, step time: 0.02568
epoch: [5], step: [244/391], batch loss: 1.75517, batch accuracy: 37.50, data load time: 0.00032, step time: 0.02568
epoch: [5], step: [254/391], batch loss: 1.74518, batch accuracy: 42.19, data load time: 0.00032, step time: 0.02868
epoch: [5], step: [264/391], batch loss: 1.57378, batch accuracy: 36.72, data load time: 0.00032, step time: 0.02563
epoch: [5], step: [274/391], batch loss: 1.75906, batch accuracy: 44.53, data load time: 0.00031, step time: 0.02570
epoch: [5], step: [284/391], batch loss: 1.60959, batch accuracy: 45.31, data load time: 0.00031, step time: 0.02580
epoch: [5], step: [294/391], batch loss: 1.81895, batch accuracy: 41.41, data load time: 0.00032, step time: 0.02573
epoch: [5], step: [304/391], batch loss: 1.72740, batch accuracy: 43.75, data load time: 0.00031, step time: 0.02566
epoch: [5], step: [314/391], batch loss: 1.78498, batch accuracy: 40.62, data load time: 0.00031, step time: 0.02572
epoch: [5], step: [324/391], batch loss: 1.73026, batch accuracy: 44.53, data load time: 0.00032, step time: 0.02573
epoch: [5], step: [334/391], batch loss: 1.66132, batch accuracy: 36.72, data load time: 0.00299, step time: 0.01755
epoch: [5], step: [344/391], batch loss: 1.68093, batch accuracy: 37.50, data load time: 0.00027, step time: 0.00390
epoch: [5], step: [354/391], batch loss: 1.58060, batch accuracy: 45.31, data load time: 0.00027, step time: 0.00389
epoch: [5], step: [364/391], batch loss: 1.65414, batch accuracy: 42.19, data load time: 0.00027, step time: 0.00390
epoch: [5], step: [374/391], batch loss: 1.65756, batch accuracy: 42.97, data load time: 0.00027, step time: 0.00391
epoch: [5], step: [384/391], batch loss: 1.68837, batch accuracy: 45.31, data load time: 0.00027, step time: 0.00391
validation loss: 1.67013, accuracy: 42.14
epoch: [6], step: [3/391], batch loss: 1.62118, batch accuracy: 44.53, data load time: 0.00031, step time: 0.00407
epoch: [6], step: [13/391], batch loss: 1.70298, batch accuracy: 42.19, data load time: 0.00031, step time: 0.02612
epoch: [6], step: [23/391], batch loss: 1.66975, batch accuracy: 40.62, data load time: 0.00031, step time: 0.02601
epoch: [6], step: [33/391], batch loss: 1.58179, batch accuracy: 44.53, data load time: 0.00030, step time: 0.02571
epoch: [6], step: [43/391], batch loss: 1.58341, batch accuracy: 50.78, data load time: 0.00030, step time: 0.02575
epoch: [6], step: [53/391], batch loss: 1.69854, batch accuracy: 42.19, data load time: 0.00031, step time: 0.02569
epoch: [6], step: [63/391], batch loss: 1.53010, batch accuracy: 50.00, data load time: 0.00030, step time: 0.02571
epoch: [6], step: [73/391], batch loss: 1.49512, batch accuracy: 45.31, data load time: 0.00030, step time: 0.02598
epoch: [6], step: [83/391], batch loss: 1.52383, batch accuracy: 44.53, data load time: 0.00039, step time: 0.02588
epoch: [6], step: [93/391], batch loss: 1.74095, batch accuracy: 39.84, data load time: 0.00030, step time: 0.02585
epoch: [6], step: [103/391], batch loss: 1.55449, batch accuracy: 46.88, data load time: 0.00031, step time: 0.02589
epoch: [6], step: [113/391], batch loss: 1.66112, batch accuracy: 47.66, data load time: 0.00032, step time: 0.02708
epoch: [6], step: [123/391], batch loss: 1.62967, batch accuracy: 44.53, data load time: 0.00032, step time: 0.02592
epoch: [6], step: [133/391], batch loss: 1.74684, batch accuracy: 36.72, data load time: 0.00031, step time: 0.02585
epoch: [6], step: [143/391], batch loss: 1.68029, batch accuracy: 39.06, data load time: 0.00031, step time: 0.02591
epoch: [6], step: [153/391], batch loss: 1.59571, batch accuracy: 45.31, data load time: 0.00031, step time: 0.02584
epoch: [6], step: [163/391], batch loss: 1.65710, batch accuracy: 43.75, data load time: 0.00031, step time: 0.02608
epoch: [6], step: [173/391], batch loss: 1.72608, batch accuracy: 42.97, data load time: 0.00031, step time: 0.02568
epoch: [6], step: [183/391], batch loss: 1.58414, batch accuracy: 46.09, data load time: 0.00031, step time: 0.02568
epoch: [6], step: [193/391], batch loss: 1.65564, batch accuracy: 42.19, data load time: 0.00031, step time: 0.02565
epoch: [6], step: [203/391], batch loss: 1.71798, batch accuracy: 46.09, data load time: 0.00031, step time: 0.02568
epoch: [6], step: [213/391], batch loss: 1.66873, batch accuracy: 42.19, data load time: 0.00031, step time: 0.02575
epoch: [6], step: [223/391], batch loss: 1.67652, batch accuracy: 47.66, data load time: 0.00031, step time: 0.02576
epoch: [6], step: [233/391], batch loss: 1.62649, batch accuracy: 41.41, data load time: 0.00031, step time: 0.02571
epoch: [6], step: [243/391], batch loss: 1.55766, batch accuracy: 50.00, data load time: 0.00031, step time: 0.02568
epoch: [6], step: [253/391], batch loss: 1.56651, batch accuracy: 49.22, data load time: 0.00031, step time: 0.02564
epoch: [6], step: [263/391], batch loss: 1.78187, batch accuracy: 40.62, data load time: 0.00031, step time: 0.02583
epoch: [6], step: [273/391], batch loss: 1.70423, batch accuracy: 42.97, data load time: 0.00031, step time: 0.02572
epoch: [6], step: [283/391], batch loss: 1.57071, batch accuracy: 48.44, data load time: 0.00031, step time: 0.02575
epoch: [6], step: [293/391], batch loss: 1.74282, batch accuracy: 46.09, data load time: 0.00031, step time: 0.02567
epoch: [6], step: [303/391], batch loss: 1.63655, batch accuracy: 46.88, data load time: 0.00031, step time: 0.02573
epoch: [6], step: [313/391], batch loss: 1.69538, batch accuracy: 38.28, data load time: 0.00032, step time: 0.02579
epoch: [6], step: [323/391], batch loss: 1.75440, batch accuracy: 38.28, data load time: 0.00031, step time: 0.02576
epoch: [6], step: [333/391], batch loss: 1.60835, batch accuracy: 46.09, data load time: 0.00031, step time: 0.02563
epoch: [6], step: [343/391], batch loss: 1.69890, batch accuracy: 42.97, data load time: 0.00027, step time: 0.00391
epoch: [6], step: [353/391], batch loss: 1.74351, batch accuracy: 45.31, data load time: 0.00027, step time: 0.00389
epoch: [6], step: [363/391], batch loss: 1.72168, batch accuracy: 38.28, data load time: 0.00027, step time: 0.00390
epoch: [6], step: [373/391], batch loss: 1.70435, batch accuracy: 40.62, data load time: 0.00027, step time: 0.00389
epoch: [6], step: [383/391], batch loss: 1.60824, batch accuracy: 43.75, data load time: 0.00027, step time: 0.00391
epoch: [7], step: [2/391], batch loss: 1.58785, batch accuracy: 40.62, data load time: 0.00031, step time: 0.00391
epoch: [7], step: [12/391], batch loss: 1.62586, batch accuracy: 46.09, data load time: 0.00033, step time: 0.02632
epoch: [7], step: [22/391], batch loss: 1.78304, batch accuracy: 34.38, data load time: 0.00031, step time: 0.03110
epoch: [7], step: [32/391], batch loss: 1.64169, batch accuracy: 39.06, data load time: 0.00030, step time: 0.02579
epoch: [7], step: [42/391], batch loss: 1.54981, batch accuracy: 43.75, data load time: 0.00030, step time: 0.02576
epoch: [7], step: [52/391], batch loss: 1.57207, batch accuracy: 48.44, data load time: 0.00030, step time: 0.02572
epoch: [7], step: [62/391], batch loss: 1.68832, batch accuracy: 40.62, data load time: 0.00030, step time: 0.02577
epoch: [7], step: [72/391], batch loss: 1.53300, batch accuracy: 50.78, data load time: 0.00030, step time: 0.02601
epoch: [7], step: [82/391], batch loss: 1.71577, batch accuracy: 49.22, data load time: 0.00030, step time: 0.02587
epoch: [7], step: [92/391], batch loss: 1.52115, batch accuracy: 46.88, data load time: 0.00031, step time: 0.02592
epoch: [7], step: [102/391], batch loss: 1.52219, batch accuracy: 46.88, data load time: 0.00031, step time: 0.02593
epoch: [7], step: [112/391], batch loss: 1.65883, batch accuracy: 47.66, data load time: 0.00031, step time: 0.02577
epoch: [7], step: [122/391], batch loss: 1.62092, batch accuracy: 42.19, data load time: 0.00031, step time: 0.02584
epoch: [7], step: [132/391], batch loss: 1.59831, batch accuracy: 46.09, data load time: 0.00032, step time: 0.02594
epoch: [7], step: [142/391], batch loss: 1.63402, batch accuracy: 41.41, data load time: 0.00031, step time: 0.02579
epoch: [7], step: [152/391], batch loss: 1.67542, batch accuracy: 38.28, data load time: 0.00031, step time: 0.02592
epoch: [7], step: [162/391], batch loss: 1.63150, batch accuracy: 39.84, data load time: 0.00031, step time: 0.02604
epoch: [7], step: [172/391], batch loss: 1.49914, batch accuracy: 48.44, data load time: 0.00032, step time: 0.02569
epoch: [7], step: [182/391], batch loss: 1.60955, batch accuracy: 41.41, data load time: 0.00031, step time: 0.02571
epoch: [7], step: [192/391], batch loss: 1.57647, batch accuracy: 45.31, data load time: 0.00031, step time: 0.02569
epoch: [7], step: [202/391], batch loss: 1.67079, batch accuracy: 39.84, data load time: 0.00031, step time: 0.02583
epoch: [7], step: [212/391], batch loss: 1.60150, batch accuracy: 48.44, data load time: 0.00031, step time: 0.02571
epoch: [7], step: [222/391], batch loss: 1.44393, batch accuracy: 54.69, data load time: 0.00031, step time: 0.02573
epoch: [7], step: [232/391], batch loss: 1.68524, batch accuracy: 42.97, data load time: 0.00031, step time: 0.02576
epoch: [7], step: [242/391], batch loss: 1.75444, batch accuracy: 35.94, data load time: 0.00031, step time: 0.02571
epoch: [7], step: [252/391], batch loss: 1.58420, batch accuracy: 47.66, data load time: 0.00032, step time: 0.02586
epoch: [7], step: [262/391], batch loss: 1.80090, batch accuracy: 35.94, data load time: 0.00031, step time: 0.02568
epoch: [7], step: [272/391], batch loss: 1.57155, batch accuracy: 43.75, data load time: 0.00031, step time: 0.02576
epoch: [7], step: [282/391], batch loss: 1.59357, batch accuracy: 48.44, data load time: 0.02406, step time: 0.00390
epoch: [7], step: [292/391], batch loss: 1.59103, batch accuracy: 49.22, data load time: 0.00031, step time: 0.02572
epoch: [7], step: [302/391], batch loss: 1.64239, batch accuracy: 45.31, data load time: 0.00031, step time: 0.02575
epoch: [7], step: [312/391], batch loss: 1.51505, batch accuracy: 46.88, data load time: 0.00031, step time: 0.02578
epoch: [7], step: [322/391], batch loss: 1.45400, batch accuracy: 49.22, data load time: 0.00031, step time: 0.02581
epoch: [7], step: [332/391], batch loss: 1.48986, batch accuracy: 49.22, data load time: 0.00031, step time: 0.02565
epoch: [7], step: [342/391], batch loss: 1.50804, batch accuracy: 50.78, data load time: 0.00027, step time: 0.00390
epoch: [7], step: [352/391], batch loss: 1.81292, batch accuracy: 35.16, data load time: 0.00027, step time: 0.00390
epoch: [7], step: [362/391], batch loss: 1.63158, batch accuracy: 43.75, data load time: 0.00027, step time: 0.00390
epoch: [7], step: [372/391], batch loss: 1.79759, batch accuracy: 35.16, data load time: 0.00027, step time: 0.00390
epoch: [7], step: [382/391], batch loss: 1.63317, batch accuracy: 42.19, data load time: 0.00027, step time: 0.00390
validation loss: 1.60119, accuracy: 44.98
epoch: [8], step: [1/391], batch loss: 1.61900, batch accuracy: 42.97, data load time: 0.00036, step time: 0.02227
epoch: [8], step: [11/391], batch loss: 1.66034, batch accuracy: 39.06, data load time: 0.00034, step time: 0.02662
epoch: [8], step: [21/391], batch loss: 1.59403, batch accuracy: 48.44, data load time: 0.00031, step time: 0.02631
epoch: [8], step: [31/391], batch loss: 1.53494, batch accuracy: 53.91, data load time: 0.00031, step time: 0.02574
epoch: [8], step: [41/391], batch loss: 1.57709, batch accuracy: 46.09, data load time: 0.00030, step time: 0.02575
epoch: [8], step: [51/391], batch loss: 1.67587, batch accuracy: 40.62, data load time: 0.00030, step time: 0.02574
epoch: [8], step: [61/391], batch loss: 1.66301, batch accuracy: 41.41, data load time: 0.00031, step time: 0.02563
epoch: [8], step: [71/391], batch loss: 1.74539, batch accuracy: 44.53, data load time: 0.00033, step time: 0.02650
epoch: [8], step: [81/391], batch loss: 1.59151, batch accuracy: 42.19, data load time: 0.00030, step time: 0.02584
epoch: [8], step: [91/391], batch loss: 1.53427, batch accuracy: 48.44, data load time: 0.00030, step time: 0.02586
epoch: [8], step: [101/391], batch loss: 1.60674, batch accuracy: 48.44, data load time: 0.00031, step time: 0.02589
epoch: [8], step: [111/391], batch loss: 1.55303, batch accuracy: 47.66, data load time: 0.00032, step time: 0.02587
epoch: [8], step: [121/391], batch loss: 1.52908, batch accuracy: 49.22, data load time: 0.00032, step time: 0.02588
epoch: [8], step: [131/391], batch loss: 1.68705, batch accuracy: 44.53, data load time: 0.00033, step time: 0.02586
epoch: [8], step: [141/391], batch loss: 1.43884, batch accuracy: 51.56, data load time: 0.00031, step time: 0.02593
epoch: [8], step: [151/391], batch loss: 1.56420, batch accuracy: 49.22, data load time: 0.00031, step time: 0.02589
epoch: [8], step: [161/391], batch loss: 1.54819, batch accuracy: 53.12, data load time: 0.00033, step time: 0.02594
epoch: [8], step: [171/391], batch loss: 1.54976, batch accuracy: 49.22, data load time: 0.00031, step time: 0.02582
epoch: [8], step: [181/391], batch loss: 1.80513, batch accuracy: 30.47, data load time: 0.00031, step time: 0.02571
epoch: [8], step: [191/391], batch loss: 1.65451, batch accuracy: 36.72, data load time: 0.00031, step time: 0.02576
epoch: [8], step: [201/391], batch loss: 1.58210, batch accuracy: 44.53, data load time: 0.00032, step time: 0.02562
epoch: [8], step: [211/391], batch loss: 1.53125, batch accuracy: 45.31, data load time: 0.00032, step time: 0.02570
epoch: [8], step: [221/391], batch loss: 1.72633, batch accuracy: 36.72, data load time: 0.00031, step time: 0.02568
epoch: [8], step: [231/391], batch loss: 1.55930, batch accuracy: 43.75, data load time: 0.00032, step time: 0.02561
epoch: [8], step: [241/391], batch loss: 1.69543, batch accuracy: 39.84, data load time: 0.00032, step time: 0.02573
epoch: [8], step: [251/391], batch loss: 1.63262, batch accuracy: 35.94, data load time: 0.00031, step time: 0.02579
epoch: [8], step: [261/391], batch loss: 1.67335, batch accuracy: 42.19, data load time: 0.00031, step time: 0.02571
epoch: [8], step: [271/391], batch loss: 1.59776, batch accuracy: 43.75, data load time: 0.00031, step time: 0.02572
epoch: [8], step: [281/391], batch loss: 1.67174, batch accuracy: 36.72, data load time: 0.00031, step time: 0.02712
epoch: [8], step: [291/391], batch loss: 1.59636, batch accuracy: 49.22, data load time: 0.00032, step time: 0.02710
epoch: [8], step: [301/391], batch loss: 1.55582, batch accuracy: 45.31, data load time: 0.00031, step time: 0.02707
epoch: [8], step: [311/391], batch loss: 1.50594, batch accuracy: 50.00, data load time: 0.00032, step time: 0.02584
epoch: [8], step: [321/391], batch loss: 1.65448, batch accuracy: 36.72, data load time: 0.00031, step time: 0.02571
epoch: [8], step: [331/391], batch loss: 1.67774, batch accuracy: 46.88, data load time: 0.00031, step time: 0.02578
epoch: [8], step: [341/391], batch loss: 1.61244, batch accuracy: 37.50, data load time: 0.00027, step time: 0.00390
epoch: [8], step: [351/391], batch loss: 1.68363, batch accuracy: 42.97, data load time: 0.00028, step time: 0.00390
epoch: [8], step: [361/391], batch loss: 1.67475, batch accuracy: 37.50, data load time: 0.00028, step time: 0.00390
epoch: [8], step: [371/391], batch loss: 1.72911, batch accuracy: 37.50, data load time: 0.00027, step time: 0.00391
epoch: [8], step: [381/391], batch loss: 1.69966, batch accuracy: 40.62, data load time: 0.00027, step time: 0.00390
epoch: [9], step: [0/391], batch loss: 1.65361, batch accuracy: 46.88, data load time: 1.59634, step time: 0.58654
epoch: [9], step: [10/391], batch loss: 1.68432, batch accuracy: 39.06, data load time: 0.00031, step time: 0.11611
epoch: [9], step: [20/391], batch loss: 1.54972, batch accuracy: 41.41, data load time: 0.00031, step time: 0.02628
epoch: [9], step: [30/391], batch loss: 1.54596, batch accuracy: 46.09, data load time: 0.00031, step time: 0.02566
epoch: [9], step: [40/391], batch loss: 1.42998, batch accuracy: 50.00, data load time: 0.00030, step time: 0.02519
epoch: [9], step: [50/391], batch loss: 1.47657, batch accuracy: 46.09, data load time: 0.00030, step time: 0.02582
epoch: [9], step: [60/391], batch loss: 1.63378, batch accuracy: 46.88, data load time: 0.00030, step time: 0.02570
epoch: [9], step: [70/391], batch loss: 1.63295, batch accuracy: 44.53, data load time: 0.00033, step time: 0.02660
epoch: [9], step: [80/391], batch loss: 1.50447, batch accuracy: 42.97, data load time: 0.00031, step time: 0.02598
epoch: [9], step: [90/391], batch loss: 1.59727, batch accuracy: 39.84, data load time: 0.00030, step time: 0.02724
epoch: [9], step: [100/391], batch loss: 1.50135, batch accuracy: 46.09, data load time: 0.00031, step time: 0.02738
epoch: [9], step: [110/391], batch loss: 1.60475, batch accuracy: 43.75, data load time: 0.00031, step time: 0.02732
epoch: [9], step: [120/391], batch loss: 1.48827, batch accuracy: 52.34, data load time: 0.00032, step time: 0.02586
epoch: [9], step: [130/391], batch loss: 1.47272, batch accuracy: 53.91, data load time: 0.00031, step time: 0.02592
epoch: [9], step: [140/391], batch loss: 1.58839, batch accuracy: 51.56, data load time: 0.00031, step time: 0.02591
epoch: [9], step: [150/391], batch loss: 1.65165, batch accuracy: 41.41, data load time: 0.00031, step time: 0.02597
epoch: [9], step: [160/391], batch loss: 1.65265, batch accuracy: 39.84, data load time: 0.00032, step time: 0.02611
epoch: [9], step: [170/391], batch loss: 1.53163, batch accuracy: 46.88, data load time: 0.00031, step time: 0.02573
epoch: [9], step: [180/391], batch loss: 1.63570, batch accuracy: 44.53, data load time: 0.00032, step time: 0.02579
epoch: [9], step: [190/391], batch loss: 1.42897, batch accuracy: 50.00, data load time: 0.00032, step time: 0.02583
epoch: [9], step: [200/391], batch loss: 1.68187, batch accuracy: 39.84, data load time: 0.00032, step time: 0.02573
epoch: [9], step: [210/391], batch loss: 1.70075, batch accuracy: 43.75, data load time: 0.00032, step time: 0.02580
epoch: [9], step: [220/391], batch loss: 1.48275, batch accuracy: 50.78, data load time: 0.00032, step time: 0.02577
epoch: [9], step: [230/391], batch loss: 1.58601, batch accuracy: 39.84, data load time: 0.00032, step time: 0.02576
epoch: [9], step: [240/391], batch loss: 1.62944, batch accuracy: 41.41, data load time: 0.00032, step time: 0.02572
epoch: [9], step: [250/391], batch loss: 1.52135, batch accuracy: 46.09, data load time: 0.00032, step time: 0.02585
epoch: [9], step: [260/391], batch loss: 1.49390, batch accuracy: 55.47, data load time: 0.00032, step time: 0.02573
epoch: [9], step: [270/391], batch loss: 1.44541, batch accuracy: 53.12, data load time: 0.00033, step time: 0.02572
epoch: [9], step: [280/391], batch loss: 1.63893, batch accuracy: 42.19, data load time: 0.00032, step time: 0.02559
epoch: [9], step: [290/391], batch loss: 1.44034, batch accuracy: 50.00, data load time: 0.00032, step time: 0.02574
epoch: [9], step: [300/391], batch loss: 1.52364, batch accuracy: 53.12, data load time: 0.00032, step time: 0.02577
epoch: [9], step: [310/391], batch loss: 1.47863, batch accuracy: 46.09, data load time: 0.00032, step time: 0.02572
epoch: [9], step: [320/391], batch loss: 1.50876, batch accuracy: 44.53, data load time: 0.00032, step time: 0.02578
epoch: [9], step: [330/391], batch loss: 1.57612, batch accuracy: 46.88, data load time: 0.00032, step time: 0.02582
epoch: [9], step: [340/391], batch loss: 1.60867, batch accuracy: 43.75, data load time: 0.00027, step time: 0.00389
epoch: [9], step: [350/391], batch loss: 1.60845, batch accuracy: 44.53, data load time: 0.00027, step time: 0.00390
epoch: [9], step: [360/391], batch loss: 1.52452, batch accuracy: 49.22, data load time: 0.00027, step time: 0.00389
epoch: [9], step: [370/391], batch loss: 1.49907, batch accuracy: 49.22, data load time: 0.00027, step time: 0.00392
epoch: [9], step: [380/391], batch loss: 1.59031, batch accuracy: 47.66, data load time: 0.00028, step time: 0.00391
epoch: [9], step: [390/391], batch loss: 1.47696, batch accuracy: 43.75, data load time: 0.00022, step time: 0.00333
validation loss: 1.55026, accuracy: 46.51
epoch: [10], step: [9/391], batch loss: 1.56046, batch accuracy: 47.66, data load time: 0.00031, step time: 0.00406
epoch: [10], step: [19/391], batch loss: 1.65015, batch accuracy: 46.88, data load time: 0.00031, step time: 0.02616
epoch: [10], step: [29/391], batch loss: 1.49604, batch accuracy: 49.22, data load time: 0.00030, step time: 0.02551
epoch: [10], step: [39/391], batch loss: 1.59897, batch accuracy: 43.75, data load time: 0.00030, step time: 0.02573
epoch: [10], step: [49/391], batch loss: 1.53498, batch accuracy: 50.00, data load time: 0.00031, step time: 0.02594
epoch: [10], step: [59/391], batch loss: 1.51075, batch accuracy: 49.22, data load time: 0.00031, step time: 0.02578
epoch: [10], step: [69/391], batch loss: 1.61041, batch accuracy: 46.88, data load time: 0.00030, step time: 0.05733
epoch: [10], step: [79/391], batch loss: 1.58970, batch accuracy: 42.19, data load time: 0.00030, step time: 0.02587
epoch: [10], step: [89/391], batch loss: 1.52550, batch accuracy: 48.44, data load time: 0.00031, step time: 0.02585
epoch: [10], step: [99/391], batch loss: 1.60685, batch accuracy: 45.31, data load time: 0.00030, step time: 0.02593
epoch: [10], step: [109/391], batch loss: 1.52327, batch accuracy: 46.88, data load time: 0.00030, step time: 0.02591
epoch: [10], step: [119/391], batch loss: 1.53657, batch accuracy: 47.66, data load time: 0.00031, step time: 0.02719
epoch: [10], step: [129/391], batch loss: 1.43425, batch accuracy: 53.12, data load time: 0.00031, step time: 0.02593
epoch: [10], step: [139/391], batch loss: 1.59676, batch accuracy: 46.09, data load time: 0.00032, step time: 0.02604
epoch: [10], step: [149/391], batch loss: 1.57093, batch accuracy: 46.88, data load time: 0.00032, step time: 0.02597
epoch: [10], step: [159/391], batch loss: 1.53159, batch accuracy: 50.78, data load time: 0.00031, step time: 0.02601
epoch: [10], step: [169/391], batch loss: 1.42792, batch accuracy: 45.31, data load time: 0.00032, step time: 0.02567
epoch: [10], step: [179/391], batch loss: 1.42288, batch accuracy: 50.00, data load time: 0.00032, step time: 0.02586
epoch: [10], step: [189/391], batch loss: 1.44667, batch accuracy: 45.31, data load time: 0.00032, step time: 0.02567
epoch: [10], step: [199/391], batch loss: 1.61606, batch accuracy: 42.19, data load time: 0.00031, step time: 0.02569
epoch: [10], step: [209/391], batch loss: 1.42843, batch accuracy: 50.78, data load time: 0.00031, step time: 0.02572
epoch: [10], step: [219/391], batch loss: 1.53872, batch accuracy: 51.56, data load time: 0.00033, step time: 0.02572
epoch: [10], step: [229/391], batch loss: 1.55524, batch accuracy: 46.09, data load time: 0.00031, step time: 0.02563
epoch: [10], step: [239/391], batch loss: 1.51051, batch accuracy: 50.00, data load time: 0.00032, step time: 0.02569
epoch: [10], step: [249/391], batch loss: 1.49370, batch accuracy: 50.00, data load time: 0.00031, step time: 0.02577
epoch: [10], step: [259/391], batch loss: 1.48949, batch accuracy: 49.22, data load time: 0.00032, step time: 0.02569
epoch: [10], step: [269/391], batch loss: 1.37391, batch accuracy: 57.81, data load time: 0.00031, step time: 0.02580
epoch: [10], step: [279/391], batch loss: 1.62707, batch accuracy: 38.28, data load time: 0.00032, step time: 0.02567
epoch: [10], step: [289/391], batch loss: 1.39678, batch accuracy: 55.47, data load time: 0.00031, step time: 0.02575
epoch: [10], step: [299/391], batch loss: 1.54151, batch accuracy: 49.22, data load time: 0.00031, step time: 0.02580
epoch: [10], step: [309/391], batch loss: 1.62478, batch accuracy: 43.75, data load time: 0.00031, step time: 0.02569
epoch: [10], step: [319/391], batch loss: 1.32648, batch accuracy: 57.03, data load time: 0.00031, step time: 0.02584
epoch: [10], step: [329/391], batch loss: 1.39606, batch accuracy: 47.66, data load time: 0.00031, step time: 0.02575
epoch: [10], step: [339/391], batch loss: 1.70250, batch accuracy: 40.62, data load time: 0.00027, step time: 0.00388
epoch: [10], step: [349/391], batch loss: 1.52134, batch accuracy: 47.66, data load time: 0.00027, step time: 0.00391
epoch: [10], step: [359/391], batch loss: 1.72007, batch accuracy: 37.50, data load time: 0.00027, step time: 0.00390
epoch: [10], step: [369/391], batch loss: 1.63834, batch accuracy: 45.31, data load time: 0.00027, step time: 0.00390
epoch: [10], step: [379/391], batch loss: 1.55207, batch accuracy: 47.66, data load time: 0.00027, step time: 0.00389
epoch: [10], step: [389/391], batch loss: 1.58273, batch accuracy: 48.44, data load time: 0.00027, step time: 0.00389
epoch: [11], step: [8/391], batch loss: 1.45042, batch accuracy: 52.34, data load time: 0.00031, step time: 0.00406
epoch: [11], step: [18/391], batch loss: 1.58497, batch accuracy: 44.53, data load time: 0.00031, step time: 0.02620
epoch: [11], step: [28/391], batch loss: 1.52000, batch accuracy: 46.09, data load time: 0.00030, step time: 0.00809
epoch: [11], step: [38/391], batch loss: 1.54107, batch accuracy: 50.78, data load time: 0.00030, step time: 0.02565
epoch: [11], step: [48/391], batch loss: 1.45913, batch accuracy: 46.88, data load time: 0.00030, step time: 0.02572
epoch: [11], step: [58/391], batch loss: 1.58313, batch accuracy: 42.19, data load time: 0.00030, step time: 0.02563
epoch: [11], step: [68/391], batch loss: 1.53628, batch accuracy: 48.44, data load time: 0.00031, step time: 0.02567
epoch: [11], step: [78/391], batch loss: 1.44382, batch accuracy: 46.88, data load time: 0.00030, step time: 0.02590
epoch: [11], step: [88/391], batch loss: 1.56611, batch accuracy: 48.44, data load time: 0.00030, step time: 0.02579
epoch: [11], step: [98/391], batch loss: 1.44689, batch accuracy: 47.66, data load time: 0.00031, step time: 0.02586
epoch: [11], step: [108/391], batch loss: 1.61257, batch accuracy: 46.09, data load time: 0.00031, step time: 0.02591
epoch: [11], step: [118/391], batch loss: 1.66748, batch accuracy: 42.97, data load time: 0.00031, step time: 0.02584
epoch: [11], step: [128/391], batch loss: 1.63006, batch accuracy: 43.75, data load time: 0.00031, step time: 0.02587
epoch: [11], step: [138/391], batch loss: 1.58617, batch accuracy: 42.19, data load time: 0.00031, step time: 0.02595
epoch: [11], step: [148/391], batch loss: 1.44993, batch accuracy: 50.78, data load time: 0.00031, step time: 0.02582
epoch: [11], step: [158/391], batch loss: 1.51592, batch accuracy: 48.44, data load time: 0.00031, step time: 0.02597
epoch: [11], step: [168/391], batch loss: 1.42757, batch accuracy: 43.75, data load time: 0.00031, step time: 0.02560
epoch: [11], step: [178/391], batch loss: 1.58305, batch accuracy: 43.75, data load time: 0.00031, step time: 0.02556
epoch: [11], step: [188/391], batch loss: 1.57399, batch accuracy: 44.53, data load time: 0.00031, step time: 0.02565
epoch: [11], step: [198/391], batch loss: 1.57623, batch accuracy: 50.78, data load time: 0.00031, step time: 0.02572
epoch: [11], step: [208/391], batch loss: 1.47720, batch accuracy: 49.22, data load time: 0.00032, step time: 0.02562
epoch: [11], step: [218/391], batch loss: 1.48094, batch accuracy: 50.00, data load time: 0.00032, step time: 0.02576
epoch: [11], step: [228/391], batch loss: 1.49925, batch accuracy: 50.00, data load time: 0.00032, step time: 0.02568
epoch: [11], step: [238/391], batch loss: 1.43256, batch accuracy: 46.88, data load time: 0.00032, step time: 0.02566
epoch: [11], step: [248/391], batch loss: 1.34797, batch accuracy: 53.91, data load time: 0.00031, step time: 0.02580
epoch: [11], step: [258/391], batch loss: 1.48263, batch accuracy: 53.91, data load time: 0.00032, step time: 0.02568
epoch: [11], step: [268/391], batch loss: 1.51256, batch accuracy: 50.00, data load time: 0.00031, step time: 0.02568
epoch: [11], step: [278/391], batch loss: 1.43777, batch accuracy: 57.81, data load time: 0.00031, step time: 0.02561
epoch: [11], step: [288/391], batch loss: 1.46423, batch accuracy: 47.66, data load time: 0.00031, step time: 0.02570
epoch: [11], step: [298/391], batch loss: 1.64961, batch accuracy: 44.53, data load time: 0.00031, step time: 0.02568
epoch: [11], step: [308/391], batch loss: 1.58556, batch accuracy: 45.31, data load time: 0.00032, step time: 0.02563
epoch: [11], step: [318/391], batch loss: 1.51438, batch accuracy: 51.56, data load time: 0.00031, step time: 0.02558
epoch: [11], step: [328/391], batch loss: 1.54314, batch accuracy: 46.09, data load time: 0.00031, step time: 0.02564
epoch: [11], step: [338/391], batch loss: 1.58000, batch accuracy: 40.62, data load time: 0.00027, step time: 0.00422
epoch: [11], step: [348/391], batch loss: 1.50148, batch accuracy: 47.66, data load time: 0.00028, step time: 0.00423
epoch: [11], step: [358/391], batch loss: 1.41200, batch accuracy: 56.25, data load time: 0.00027, step time: 0.00422
epoch: [11], step: [368/391], batch loss: 1.49659, batch accuracy: 46.88, data load time: 0.00027, step time: 0.00394
epoch: [11], step: [378/391], batch loss: 1.51295, batch accuracy: 40.62, data load time: 0.00028, step time: 0.00395
epoch: [11], step: [388/391], batch loss: 1.40071, batch accuracy: 50.78, data load time: 0.00027, step time: 0.00393
validation loss: 1.51321, accuracy: 47.40
epoch: [12], step: [7/391], batch loss: 1.50309, batch accuracy: 50.00, data load time: 0.00031, step time: 0.00410
epoch: [12], step: [17/391], batch loss: 1.43542, batch accuracy: 53.12, data load time: 0.00031, step time: 0.00406
epoch: [12], step: [27/391], batch loss: 1.48606, batch accuracy: 48.44, data load time: 0.01107, step time: 0.02352
epoch: [12], step: [37/391], batch loss: 1.58493, batch accuracy: 47.66, data load time: 0.00030, step time: 0.02579
epoch: [12], step: [47/391], batch loss: 1.46035, batch accuracy: 52.34, data load time: 0.00030, step time: 0.02586
epoch: [12], step: [57/391], batch loss: 1.45587, batch accuracy: 46.88, data load time: 0.00030, step time: 0.02573
epoch: [12], step: [67/391], batch loss: 1.48031, batch accuracy: 45.31, data load time: 0.00030, step time: 0.02579
epoch: [12], step: [77/391], batch loss: 1.46873, batch accuracy: 46.88, data load time: 0.00030, step time: 0.02604
epoch: [12], step: [87/391], batch loss: 1.61423, batch accuracy: 42.97, data load time: 0.00030, step time: 0.02598
epoch: [12], step: [97/391], batch loss: 1.56458, batch accuracy: 42.97, data load time: 0.00030, step time: 0.02596
epoch: [12], step: [107/391], batch loss: 1.46054, batch accuracy: 50.00, data load time: 0.00032, step time: 0.02602
epoch: [12], step: [117/391], batch loss: 1.51372, batch accuracy: 49.22, data load time: 0.00031, step time: 0.02594
epoch: [12], step: [127/391], batch loss: 1.51399, batch accuracy: 40.62, data load time: 0.00031, step time: 0.02599
epoch: [12], step: [137/391], batch loss: 1.44345, batch accuracy: 54.69, data load time: 0.00031, step time: 0.02590
epoch: [12], step: [147/391], batch loss: 1.24762, batch accuracy: 61.72, data load time: 0.00031, step time: 0.02590
epoch: [12], step: [157/391], batch loss: 1.61340, batch accuracy: 42.97, data load time: 0.00031, step time: 0.02595
epoch: [12], step: [167/391], batch loss: 1.39066, batch accuracy: 56.25, data load time: 0.00032, step time: 0.02591
epoch: [12], step: [177/391], batch loss: 1.39750, batch accuracy: 55.47, data load time: 0.00031, step time: 0.02576
epoch: [12], step: [187/391], batch loss: 1.61944, batch accuracy: 41.41, data load time: 0.00033, step time: 0.02588
epoch: [12], step: [197/391], batch loss: 1.47128, batch accuracy: 50.78, data load time: 0.00031, step time: 0.02579
epoch: [12], step: [207/391], batch loss: 1.54861, batch accuracy: 46.09, data load time: 0.00032, step time: 0.06053
epoch: [12], step: [217/391], batch loss: 1.51888, batch accuracy: 44.53, data load time: 0.00032, step time: 0.02590
epoch: [12], step: [227/391], batch loss: 1.50824, batch accuracy: 48.44, data load time: 0.00031, step time: 0.02595
epoch: [12], step: [237/391], batch loss: 1.59287, batch accuracy: 42.97, data load time: 0.00032, step time: 0.02587
epoch: [12], step: [247/391], batch loss: 1.60251, batch accuracy: 45.31, data load time: 0.00031, step time: 0.02592
epoch: [12], step: [257/391], batch loss: 1.42177, batch accuracy: 50.00, data load time: 0.00031, step time: 0.02583
epoch: [12], step: [267/391], batch loss: 1.43027, batch accuracy: 53.12, data load time: 0.00031, step time: 0.02586
epoch: [12], step: [277/391], batch loss: 1.40937, batch accuracy: 48.44, data load time: 0.00032, step time: 0.02583
epoch: [12], step: [287/391], batch loss: 1.59090, batch accuracy: 45.31, data load time: 0.00032, step time: 0.02574
epoch: [12], step: [297/391], batch loss: 1.50006, batch accuracy: 50.78, data load time: 0.00031, step time: 0.02579
epoch: [12], step: [307/391], batch loss: 1.55249, batch accuracy: 46.09, data load time: 0.00032, step time: 0.02574
epoch: [12], step: [317/391], batch loss: 1.41784, batch accuracy: 53.91, data load time: 0.00032, step time: 0.02578
epoch: [12], step: [327/391], batch loss: 1.38759, batch accuracy: 46.88, data load time: 0.00031, step time: 0.02584
epoch: [12], step: [337/391], batch loss: 1.44810, batch accuracy: 46.09, data load time: 0.00027, step time: 0.00390
epoch: [12], step: [347/391], batch loss: 1.56836, batch accuracy: 43.75, data load time: 0.00027, step time: 0.00391
epoch: [12], step: [357/391], batch loss: 1.65190, batch accuracy: 42.19, data load time: 0.00027, step time: 0.00390
epoch: [12], step: [367/391], batch loss: 1.37103, batch accuracy: 46.88, data load time: 0.00027, step time: 0.00389
epoch: [12], step: [377/391], batch loss: 1.43027, batch accuracy: 47.66, data load time: 0.00027, step time: 0.00389
epoch: [12], step: [387/391], batch loss: 1.60088, batch accuracy: 46.09, data load time: 0.00027, step time: 0.00390
epoch: [13], step: [6/391], batch loss: 1.46622, batch accuracy: 53.91, data load time: 0.00032, step time: 0.00408
epoch: [13], step: [16/391], batch loss: 1.40397, batch accuracy: 41.41, data load time: 0.00031, step time: 0.02622
epoch: [13], step: [26/391], batch loss: 1.63228, batch accuracy: 42.19, data load time: 0.03059, step time: 0.02358
epoch: [13], step: [36/391], batch loss: 1.50108, batch accuracy: 45.31, data load time: 0.00031, step time: 0.02570
epoch: [13], step: [46/391], batch loss: 1.46170, batch accuracy: 53.12, data load time: 0.00030, step time: 0.02575
epoch: [13], step: [56/391], batch loss: 1.46751, batch accuracy: 46.09, data load time: 0.00031, step time: 0.02571
epoch: [13], step: [66/391], batch loss: 1.48902, batch accuracy: 50.00, data load time: 0.00030, step time: 0.02573
epoch: [13], step: [76/391], batch loss: 1.51973, batch accuracy: 47.66, data load time: 0.00030, step time: 0.02598
epoch: [13], step: [86/391], batch loss: 1.52403, batch accuracy: 52.34, data load time: 0.00030, step time: 0.02591
epoch: [13], step: [96/391], batch loss: 1.55960, batch accuracy: 43.75, data load time: 0.00030, step time: 0.02584
epoch: [13], step: [106/391], batch loss: 1.47270, batch accuracy: 47.66, data load time: 0.00032, step time: 0.02586
epoch: [13], step: [116/391], batch loss: 1.50023, batch accuracy: 52.34, data load time: 0.00031, step time: 0.02589
epoch: [13], step: [126/391], batch loss: 1.54851, batch accuracy: 47.66, data load time: 0.00031, step time: 0.02594
epoch: [13], step: [136/391], batch loss: 1.29511, batch accuracy: 58.59, data load time: 0.00031, step time: 0.02582
epoch: [13], step: [146/391], batch loss: 1.59577, batch accuracy: 48.44, data load time: 0.00032, step time: 0.02587
epoch: [13], step: [156/391], batch loss: 1.49640, batch accuracy: 45.31, data load time: 0.00031, step time: 0.02608
epoch: [13], step: [166/391], batch loss: 1.37894, batch accuracy: 53.91, data load time: 0.00031, step time: 0.02588
epoch: [13], step: [176/391], batch loss: 1.43925, batch accuracy: 51.56, data load time: 0.00031, step time: 0.02574
epoch: [13], step: [186/391], batch loss: 1.55356, batch accuracy: 37.50, data load time: 0.00031, step time: 0.02576
epoch: [13], step: [196/391], batch loss: 1.47057, batch accuracy: 54.69, data load time: 0.00031, step time: 0.02575
epoch: [13], step: [206/391], batch loss: 1.42882, batch accuracy: 51.56, data load time: 0.00031, step time: 0.02568
epoch: [13], step: [216/391], batch loss: 1.45838, batch accuracy: 44.53, data load time: 0.00031, step time: 0.02569
epoch: [13], step: [226/391], batch loss: 1.48563, batch accuracy: 50.00, data load time: 0.00031, step time: 0.02578
epoch: [13], step: [236/391], batch loss: 1.48147, batch accuracy: 45.31, data load time: 0.00031, step time: 0.02567
epoch: [13], step: [246/391], batch loss: 1.54125, batch accuracy: 48.44, data load time: 0.00031, step time: 0.02577
epoch: [13], step: [256/391], batch loss: 1.42957, batch accuracy: 52.34, data load time: 0.00031, step time: 0.02714
epoch: [13], step: [266/391], batch loss: 1.41721, batch accuracy: 48.44, data load time: 0.00031, step time: 0.02721
epoch: [13], step: [276/391], batch loss: 1.45575, batch accuracy: 47.66, data load time: 0.00031, step time: 0.02698
epoch: [13], step: [286/391], batch loss: 1.44154, batch accuracy: 47.66, data load time: 0.00031, step time: 0.02562
epoch: [13], step: [296/391], batch loss: 1.61718, batch accuracy: 42.19, data load time: 0.00032, step time: 0.02591
epoch: [13], step: [306/391], batch loss: 1.41756, batch accuracy: 47.66, data load time: 0.00031, step time: 0.02575
epoch: [13], step: [316/391], batch loss: 1.29186, batch accuracy: 53.91, data load time: 0.00031, step time: 0.02593
epoch: [13], step: [326/391], batch loss: 1.39072, batch accuracy: 49.22, data load time: 0.00031, step time: 0.02584
epoch: [13], step: [336/391], batch loss: 1.43378, batch accuracy: 48.44, data load time: 0.00027, step time: 0.00390
epoch: [13], step: [346/391], batch loss: 1.51059, batch accuracy: 50.78, data load time: 0.00028, step time: 0.00389
epoch: [13], step: [356/391], batch loss: 1.45862, batch accuracy: 49.22, data load time: 0.00027, step time: 0.00389
epoch: [13], step: [366/391], batch loss: 1.41787, batch accuracy: 50.00, data load time: 0.00027, step time: 0.00389
epoch: [13], step: [376/391], batch loss: 1.61468, batch accuracy: 51.56, data load time: 0.00027, step time: 0.00391
epoch: [13], step: [386/391], batch loss: 1.44099, batch accuracy: 46.88, data load time: 0.00027, step time: 0.00390
validation loss: 1.47890, accuracy: 48.66
epoch: [14], step: [5/391], batch loss: 1.58988, batch accuracy: 40.62, data load time: 0.00031, step time: 0.00405
epoch: [14], step: [15/391], batch loss: 1.38848, batch accuracy: 49.22, data load time: 0.00031, step time: 0.02611
epoch: [14], step: [25/391], batch loss: 1.44303, batch accuracy: 53.91, data load time: 0.10097, step time: 0.02596
epoch: [14], step: [35/391], batch loss: 1.45215, batch accuracy: 47.66, data load time: 0.00030, step time: 0.02492
epoch: [14], step: [45/391], batch loss: 1.62019, batch accuracy: 45.31, data load time: 0.00030, step time: 0.02570
epoch: [14], step: [55/391], batch loss: 1.44735, batch accuracy: 42.97, data load time: 0.03225, step time: 0.02563
epoch: [14], step: [65/391], batch loss: 1.48888, batch accuracy: 51.56, data load time: 0.00030, step time: 0.02568
epoch: [14], step: [75/391], batch loss: 1.49939, batch accuracy: 46.88, data load time: 0.00031, step time: 0.02589
epoch: [14], step: [85/391], batch loss: 1.46136, batch accuracy: 47.66, data load time: 0.00030, step time: 0.02589
epoch: [14], step: [95/391], batch loss: 1.40849, batch accuracy: 52.34, data load time: 0.00030, step time: 0.02606
epoch: [14], step: [105/391], batch loss: 1.56001, batch accuracy: 49.22, data load time: 0.00031, step time: 0.02583
epoch: [14], step: [115/391], batch loss: 1.56357, batch accuracy: 46.09, data load time: 0.00031, step time: 0.02586
epoch: [14], step: [125/391], batch loss: 1.40816, batch accuracy: 55.47, data load time: 0.00031, step time: 0.02722
epoch: [14], step: [135/391], batch loss: 1.45450, batch accuracy: 50.78, data load time: 0.00032, step time: 0.02594
epoch: [14], step: [145/391], batch loss: 1.36524, batch accuracy: 58.59, data load time: 0.00031, step time: 0.02589
epoch: [14], step: [155/391], batch loss: 1.43913, batch accuracy: 47.66, data load time: 0.00031, step time: 0.02586
epoch: [14], step: [165/391], batch loss: 1.42078, batch accuracy: 51.56, data load time: 0.00032, step time: 0.02594
epoch: [14], step: [175/391], batch loss: 1.41634, batch accuracy: 51.56, data load time: 0.00031, step time: 0.02560
epoch: [14], step: [185/391], batch loss: 1.39402, batch accuracy: 46.09, data load time: 0.00031, step time: 0.02562
epoch: [14], step: [195/391], batch loss: 1.30887, batch accuracy: 56.25, data load time: 0.00032, step time: 0.02568
epoch: [14], step: [205/391], batch loss: 1.44197, batch accuracy: 50.00, data load time: 0.00031, step time: 0.02567
epoch: [14], step: [215/391], batch loss: 1.42388, batch accuracy: 53.12, data load time: 0.00031, step time: 0.02569
epoch: [14], step: [225/391], batch loss: 1.48831, batch accuracy: 47.66, data load time: 0.00031, step time: 0.02577
epoch: [14], step: [235/391], batch loss: 1.55008, batch accuracy: 43.75, data load time: 0.00031, step time: 0.02573
epoch: [14], step: [245/391], batch loss: 1.56117, batch accuracy: 48.44, data load time: 0.00032, step time: 0.02566
epoch: [14], step: [255/391], batch loss: 1.33000, batch accuracy: 50.78, data load time: 0.00031, step time: 0.02576
epoch: [14], step: [265/391], batch loss: 1.46594, batch accuracy: 49.22, data load time: 0.00031, step time: 0.02564
epoch: [14], step: [275/391], batch loss: 1.45932, batch accuracy: 48.44, data load time: 0.00031, step time: 0.02558
epoch: [14], step: [285/391], batch loss: 1.53837, batch accuracy: 47.66, data load time: 0.00032, step time: 0.02583
epoch: [14], step: [295/391], batch loss: 1.57093, batch accuracy: 52.34, data load time: 0.00031, step time: 0.02559
epoch: [14], step: [305/391], batch loss: 1.37258, batch accuracy: 50.00, data load time: 0.00031, step time: 0.02566
epoch: [14], step: [315/391], batch loss: 1.49860, batch accuracy: 46.09, data load time: 0.00031, step time: 0.02561
epoch: [14], step: [325/391], batch loss: 1.50388, batch accuracy: 44.53, data load time: 0.00031, step time: 0.02566
epoch: [14], step: [335/391], batch loss: 1.49635, batch accuracy: 46.09, data load time: 0.00027, step time: 0.00423
epoch: [14], step: [345/391], batch loss: 1.37326, batch accuracy: 53.12, data load time: 0.00027, step time: 0.00421
epoch: [14], step: [355/391], batch loss: 1.33812, batch accuracy: 57.81, data load time: 0.00028, step time: 0.00422
epoch: [14], step: [365/391], batch loss: 1.42499, batch accuracy: 47.66, data load time: 0.00027, step time: 0.00423
epoch: [14], step: [375/391], batch loss: 1.46076, batch accuracy: 49.22, data load time: 0.00028, step time: 0.00395
epoch: [14], step: [385/391], batch loss: 1.36967, batch accuracy: 49.22, data load time: 0.00027, step time: 0.00395
epoch: [15], step: [4/391], batch loss: 1.51536, batch accuracy: 48.44, data load time: 0.00031, step time: 0.01541
epoch: [15], step: [14/391], batch loss: 1.47648, batch accuracy: 53.12, data load time: 0.00031, step time: 0.02613
epoch: [15], step: [24/391], batch loss: 1.46930, batch accuracy: 52.34, data load time: 0.09694, step time: 0.02440
epoch: [15], step: [34/391], batch loss: 1.44300, batch accuracy: 55.47, data load time: 0.00030, step time: 0.02578
epoch: [15], step: [44/391], batch loss: 1.45793, batch accuracy: 48.44, data load time: 0.00031, step time: 0.02572
epoch: [15], step: [54/391], batch loss: 1.25533, batch accuracy: 56.25, data load time: 0.00030, step time: 0.02583
epoch: [15], step: [64/391], batch loss: 1.31713, batch accuracy: 52.34, data load time: 0.00030, step time: 0.02568
epoch: [15], step: [74/391], batch loss: 1.42693, batch accuracy: 44.53, data load time: 0.00031, step time: 0.02597
epoch: [15], step: [84/391], batch loss: 1.50112, batch accuracy: 52.34, data load time: 0.00030, step time: 0.02595
epoch: [15], step: [94/391], batch loss: 1.36860, batch accuracy: 52.34, data load time: 0.00030, step time: 0.02590
epoch: [15], step: [104/391], batch loss: 1.46305, batch accuracy: 46.09, data load time: 0.00031, step time: 0.02602
epoch: [15], step: [114/391], batch loss: 1.45376, batch accuracy: 56.25, data load time: 0.00031, step time: 0.02585
epoch: [15], step: [124/391], batch loss: 1.38829, batch accuracy: 50.78, data load time: 0.00031, step time: 0.02579
epoch: [15], step: [134/391], batch loss: 1.52342, batch accuracy: 48.44, data load time: 0.00032, step time: 0.02581
epoch: [15], step: [144/391], batch loss: 1.50247, batch accuracy: 43.75, data load time: 0.00033, step time: 0.02588
epoch: [15], step: [154/391], batch loss: 1.43555, batch accuracy: 46.09, data load time: 0.00031, step time: 0.02586
epoch: [15], step: [164/391], batch loss: 1.37721, batch accuracy: 50.78, data load time: 0.00032, step time: 0.02589
epoch: [15], step: [174/391], batch loss: 1.43834, batch accuracy: 46.88, data load time: 0.00032, step time: 0.02581
epoch: [15], step: [184/391], batch loss: 1.41898, batch accuracy: 51.56, data load time: 0.00031, step time: 0.02563
epoch: [15], step: [194/391], batch loss: 1.53504, batch accuracy: 50.78, data load time: 0.00031, step time: 0.02560
epoch: [15], step: [204/391], batch loss: 1.30901, batch accuracy: 54.69, data load time: 0.00031, step time: 0.02567
epoch: [15], step: [214/391], batch loss: 1.34402, batch accuracy: 53.91, data load time: 0.00032, step time: 0.02566
epoch: [15], step: [224/391], batch loss: 1.50499, batch accuracy: 50.00, data load time: 0.00031, step time: 0.02570
epoch: [15], step: [234/391], batch loss: 1.48939, batch accuracy: 45.31, data load time: 0.00031, step time: 0.02567
epoch: [15], step: [244/391], batch loss: 1.42491, batch accuracy: 50.00, data load time: 0.00031, step time: 0.02571
epoch: [15], step: [254/391], batch loss: 1.46299, batch accuracy: 50.78, data load time: 0.00031, step time: 0.02574
epoch: [15], step: [264/391], batch loss: 1.48656, batch accuracy: 46.88, data load time: 0.00032, step time: 0.02569
epoch: [15], step: [274/391], batch loss: 1.60688, batch accuracy: 51.56, data load time: 0.00032, step time: 0.02563
epoch: [15], step: [284/391], batch loss: 1.36988, batch accuracy: 55.47, data load time: 0.00031, step time: 0.02570
epoch: [15], step: [294/391], batch loss: 1.49615, batch accuracy: 44.53, data load time: 0.00031, step time: 0.02568
epoch: [15], step: [304/391], batch loss: 1.41473, batch accuracy: 50.78, data load time: 0.00031, step time: 0.02567
epoch: [15], step: [314/391], batch loss: 1.24691, batch accuracy: 57.81, data load time: 0.00032, step time: 0.02575
epoch: [15], step: [324/391], batch loss: 1.40591, batch accuracy: 50.00, data load time: 0.00032, step time: 0.02561
epoch: [15], step: [334/391], batch loss: 1.41327, batch accuracy: 50.78, data load time: 0.00283, step time: 0.01757
epoch: [15], step: [344/391], batch loss: 1.39509, batch accuracy: 53.12, data load time: 0.00027, step time: 0.00389
epoch: [15], step: [354/391], batch loss: 1.59632, batch accuracy: 44.53, data load time: 0.00027, step time: 0.00391
epoch: [15], step: [364/391], batch loss: 1.39428, batch accuracy: 54.69, data load time: 0.00028, step time: 0.00390
epoch: [15], step: [374/391], batch loss: 1.47618, batch accuracy: 46.88, data load time: 0.00027, step time: 0.00390
epoch: [15], step: [384/391], batch loss: 1.59218, batch accuracy: 46.09, data load time: 0.00027, step time: 0.00391
validation loss: 1.42851, accuracy: 50.39
epoch: [16], step: [3/391], batch loss: 1.34750, batch accuracy: 53.91, data load time: 0.00031, step time: 0.00389
epoch: [16], step: [13/391], batch loss: 1.59094, batch accuracy: 44.53, data load time: 0.00032, step time: 0.02622
epoch: [16], step: [23/391], batch loss: 1.43673, batch accuracy: 48.44, data load time: 0.00031, step time: 0.02623
epoch: [16], step: [33/391], batch loss: 1.37800, batch accuracy: 53.91, data load time: 0.00031, step time: 0.03038
epoch: [16], step: [43/391], batch loss: 1.42459, batch accuracy: 50.00, data load time: 0.00030, step time: 0.02571
epoch: [16], step: [53/391], batch loss: 1.47091, batch accuracy: 48.44, data load time: 0.00030, step time: 0.02580
epoch: [16], step: [63/391], batch loss: 1.53379, batch accuracy: 50.00, data load time: 0.00030, step time: 0.02570
epoch: [16], step: [73/391], batch loss: 1.60399, batch accuracy: 42.19, data load time: 0.00030, step time: 0.02605
epoch: [16], step: [83/391], batch loss: 1.22700, batch accuracy: 56.25, data load time: 0.00045, step time: 0.02590
epoch: [16], step: [93/391], batch loss: 1.44720, batch accuracy: 50.00, data load time: 0.00030, step time: 0.02579
epoch: [16], step: [103/391], batch loss: 1.51664, batch accuracy: 43.75, data load time: 0.00030, step time: 0.02603
epoch: [16], step: [113/391], batch loss: 1.41514, batch accuracy: 50.78, data load time: 0.00032, step time: 0.02598
epoch: [16], step: [123/391], batch loss: 1.30615, batch accuracy: 54.69, data load time: 0.00031, step time: 0.02604
epoch: [16], step: [133/391], batch loss: 1.49265, batch accuracy: 47.66, data load time: 0.00031, step time: 0.02592
epoch: [16], step: [143/391], batch loss: 1.40675, batch accuracy: 55.47, data load time: 0.00031, step time: 0.02593
epoch: [16], step: [153/391], batch loss: 1.47499, batch accuracy: 47.66, data load time: 0.00031, step time: 0.02592
epoch: [16], step: [163/391], batch loss: 1.35851, batch accuracy: 54.69, data load time: 0.00031, step time: 0.02595
epoch: [16], step: [173/391], batch loss: 1.24278, batch accuracy: 58.59, data load time: 0.00031, step time: 0.02568
epoch: [16], step: [183/391], batch loss: 1.37554, batch accuracy: 51.56, data load time: 0.00031, step time: 0.02573
epoch: [16], step: [193/391], batch loss: 1.63561, batch accuracy: 42.97, data load time: 0.00031, step time: 0.02569
epoch: [16], step: [203/391], batch loss: 1.47201, batch accuracy: 50.78, data load time: 0.00032, step time: 0.02572
epoch: [16], step: [213/391], batch loss: 1.51947, batch accuracy: 47.66, data load time: 0.00032, step time: 0.02571
epoch: [16], step: [223/391], batch loss: 1.24047, batch accuracy: 58.59, data load time: 0.00031, step time: 0.02564
epoch: [16], step: [233/391], batch loss: 1.33531, batch accuracy: 57.81, data load time: 0.00032, step time: 0.02566
epoch: [16], step: [243/391], batch loss: 1.40701, batch accuracy: 52.34, data load time: 0.00032, step time: 0.02568
epoch: [16], step: [253/391], batch loss: 1.45483, batch accuracy: 51.56, data load time: 0.00032, step time: 0.02573
epoch: [16], step: [263/391], batch loss: 1.23002, batch accuracy: 60.94, data load time: 0.00033, step time: 0.02569
epoch: [16], step: [273/391], batch loss: 1.48760, batch accuracy: 49.22, data load time: 0.00032, step time: 0.02565
epoch: [16], step: [283/391], batch loss: 1.49693, batch accuracy: 50.78, data load time: 0.00032, step time: 0.02582
epoch: [16], step: [293/391], batch loss: 1.46918, batch accuracy: 53.91, data load time: 0.00036, step time: 0.02566
epoch: [16], step: [303/391], batch loss: 1.43022, batch accuracy: 49.22, data load time: 0.00032, step time: 0.02576
epoch: [16], step: [313/391], batch loss: 1.48318, batch accuracy: 43.75, data load time: 0.00033, step time: 0.02572
epoch: [16], step: [323/391], batch loss: 1.34548, batch accuracy: 50.78, data load time: 0.00033, step time: 0.02573
epoch: [16], step: [333/391], batch loss: 1.37926, batch accuracy: 50.78, data load time: 0.00032, step time: 0.02565
epoch: [16], step: [343/391], batch loss: 1.65591, batch accuracy: 45.31, data load time: 0.00027, step time: 0.00390
epoch: [16], step: [353/391], batch loss: 1.37372, batch accuracy: 47.66, data load time: 0.00028, step time: 0.00389
epoch: [16], step: [363/391], batch loss: 1.32550, batch accuracy: 49.22, data load time: 0.00027, step time: 0.00390
epoch: [16], step: [373/391], batch loss: 1.44122, batch accuracy: 49.22, data load time: 0.00028, step time: 0.00389
epoch: [16], step: [383/391], batch loss: 1.43337, batch accuracy: 52.34, data load time: 0.00027, step time: 0.00391
epoch: [17], step: [2/391], batch loss: 1.48159, batch accuracy: 46.88, data load time: 0.00032, step time: 0.00403
epoch: [17], step: [12/391], batch loss: 1.26016, batch accuracy: 54.69, data load time: 0.00033, step time: 0.02634
epoch: [17], step: [22/391], batch loss: 1.36572, batch accuracy: 46.88, data load time: 0.00033, step time: 0.02617
epoch: [17], step: [32/391], batch loss: 1.34820, batch accuracy: 50.00, data load time: 0.00031, step time: 0.02286
epoch: [17], step: [42/391], batch loss: 1.29182, batch accuracy: 61.72, data load time: 0.00031, step time: 0.02569
epoch: [17], step: [52/391], batch loss: 1.39033, batch accuracy: 47.66, data load time: 0.00030, step time: 0.02574
epoch: [17], step: [62/391], batch loss: 1.62296, batch accuracy: 46.88, data load time: 0.00030, step time: 0.02566
epoch: [17], step: [72/391], batch loss: 1.49622, batch accuracy: 53.91, data load time: 0.00030, step time: 0.02592
epoch: [17], step: [82/391], batch loss: 1.28202, batch accuracy: 54.69, data load time: 0.00030, step time: 0.02584
epoch: [17], step: [92/391], batch loss: 1.46504, batch accuracy: 49.22, data load time: 0.00030, step time: 0.02586
epoch: [17], step: [102/391], batch loss: 1.27718, batch accuracy: 57.03, data load time: 0.00031, step time: 0.02586
epoch: [17], step: [112/391], batch loss: 1.33917, batch accuracy: 55.47, data load time: 0.00031, step time: 0.02588
epoch: [17], step: [122/391], batch loss: 1.25329, batch accuracy: 54.69, data load time: 0.00031, step time: 0.02590
epoch: [17], step: [132/391], batch loss: 1.41647, batch accuracy: 46.88, data load time: 0.00031, step time: 0.02584
epoch: [17], step: [142/391], batch loss: 1.28044, batch accuracy: 57.03, data load time: 0.00032, step time: 0.02600
epoch: [17], step: [152/391], batch loss: 1.30267, batch accuracy: 57.81, data load time: 0.00031, step time: 0.02591
epoch: [17], step: [162/391], batch loss: 1.42332, batch accuracy: 48.44, data load time: 0.00032, step time: 0.02589
epoch: [17], step: [172/391], batch loss: 1.47260, batch accuracy: 57.03, data load time: 0.00032, step time: 0.02577
epoch: [17], step: [182/391], batch loss: 1.38509, batch accuracy: 56.25, data load time: 0.00031, step time: 0.02569
epoch: [17], step: [192/391], batch loss: 1.54788, batch accuracy: 41.41, data load time: 0.00031, step time: 0.02565
epoch: [17], step: [202/391], batch loss: 1.48121, batch accuracy: 45.31, data load time: 0.00032, step time: 0.02579
epoch: [17], step: [212/391], batch loss: 1.41408, batch accuracy: 48.44, data load time: 0.00031, step time: 0.02561
epoch: [17], step: [222/391], batch loss: 1.48328, batch accuracy: 46.09, data load time: 0.00031, step time: 0.02558
epoch: [17], step: [232/391], batch loss: 1.48016, batch accuracy: 44.53, data load time: 0.00032, step time: 0.02570
epoch: [17], step: [242/391], batch loss: 1.48447, batch accuracy: 48.44, data load time: 0.00032, step time: 0.02565
epoch: [17], step: [252/391], batch loss: 1.34031, batch accuracy: 51.56, data load time: 0.00032, step time: 0.02572
epoch: [17], step: [262/391], batch loss: 1.42601, batch accuracy: 57.81, data load time: 0.00031, step time: 0.02566
epoch: [17], step: [272/391], batch loss: 1.60893, batch accuracy: 40.62, data load time: 0.00031, step time: 0.02563
epoch: [17], step: [282/391], batch loss: 1.27912, batch accuracy: 53.91, data load time: 0.00031, step time: 0.02574
epoch: [17], step: [292/391], batch loss: 1.38041, batch accuracy: 52.34, data load time: 0.00032, step time: 0.02573
epoch: [17], step: [302/391], batch loss: 1.42643, batch accuracy: 49.22, data load time: 0.00032, step time: 0.02569
epoch: [17], step: [312/391], batch loss: 1.46507, batch accuracy: 46.88, data load time: 0.00031, step time: 0.02572
epoch: [17], step: [322/391], batch loss: 1.48347, batch accuracy: 47.66, data load time: 0.00031, step time: 0.02570
epoch: [17], step: [332/391], batch loss: 1.43448, batch accuracy: 47.66, data load time: 0.00031, step time: 0.02567
epoch: [17], step: [342/391], batch loss: 1.42655, batch accuracy: 53.91, data load time: 0.00027, step time: 0.00390
epoch: [17], step: [352/391], batch loss: 1.42710, batch accuracy: 50.78, data load time: 0.00027, step time: 0.00390
epoch: [17], step: [362/391], batch loss: 1.34121, batch accuracy: 52.34, data load time: 0.00027, step time: 0.00390
epoch: [17], step: [372/391], batch loss: 1.44227, batch accuracy: 47.66, data load time: 0.00027, step time: 0.00389
epoch: [17], step: [382/391], batch loss: 1.43082, batch accuracy: 47.66, data load time: 0.00027, step time: 0.00390
validation loss: 1.42088, accuracy: 49.44
epoch: [18], step: [1/391], batch loss: 1.46335, batch accuracy: 54.69, data load time: 0.00036, step time: 0.00452
epoch: [18], step: [11/391], batch loss: 1.32014, batch accuracy: 57.03, data load time: 0.00034, step time: 0.04894
epoch: [18], step: [21/391], batch loss: 1.39501, batch accuracy: 53.12, data load time: 0.00032, step time: 0.02625
epoch: [18], step: [31/391], batch loss: 1.38636, batch accuracy: 50.78, data load time: 0.00030, step time: 0.02574
epoch: [18], step: [41/391], batch loss: 1.22507, batch accuracy: 64.84, data load time: 0.00030, step time: 0.02587
epoch: [18], step: [51/391], batch loss: 1.23808, batch accuracy: 57.03, data load time: 0.00030, step time: 0.02593
epoch: [18], step: [61/391], batch loss: 1.35936, batch accuracy: 53.12, data load time: 0.00031, step time: 0.02568
epoch: [18], step: [71/391], batch loss: 1.32538, batch accuracy: 56.25, data load time: 0.00031, step time: 0.02597
epoch: [18], step: [81/391], batch loss: 1.55263, batch accuracy: 48.44, data load time: 0.00030, step time: 0.02584
epoch: [18], step: [91/391], batch loss: 1.34097, batch accuracy: 53.91, data load time: 0.00030, step time: 0.02594
epoch: [18], step: [101/391], batch loss: 1.47765, batch accuracy: 52.34, data load time: 0.00031, step time: 0.02607
epoch: [18], step: [111/391], batch loss: 1.45376, batch accuracy: 52.34, data load time: 0.00031, step time: 0.02607
epoch: [18], step: [121/391], batch loss: 1.40900, batch accuracy: 48.44, data load time: 0.00032, step time: 0.02584
epoch: [18], step: [131/391], batch loss: 1.34928, batch accuracy: 50.00, data load time: 0.00031, step time: 0.02715
epoch: [18], step: [141/391], batch loss: 1.24607, batch accuracy: 57.03, data load time: 0.00032, step time: 0.02591
epoch: [18], step: [151/391], batch loss: 1.41147, batch accuracy: 48.44, data load time: 0.00031, step time: 0.02603
epoch: [18], step: [161/391], batch loss: 1.56678, batch accuracy: 49.22, data load time: 0.00031, step time: 0.02586
epoch: [18], step: [171/391], batch loss: 1.30881, batch accuracy: 53.91, data load time: 0.00031, step time: 0.02575
epoch: [18], step: [181/391], batch loss: 1.50540, batch accuracy: 50.00, data load time: 0.00031, step time: 0.02575
epoch: [18], step: [191/391], batch loss: 1.39012, batch accuracy: 49.22, data load time: 0.00032, step time: 0.02573
epoch: [18], step: [201/391], batch loss: 1.38492, batch accuracy: 52.34, data load time: 0.00031, step time: 0.02581
epoch: [18], step: [211/391], batch loss: 1.50083, batch accuracy: 51.56, data load time: 0.00032, step time: 0.02584
epoch: [18], step: [221/391], batch loss: 1.48352, batch accuracy: 46.09, data load time: 0.00031, step time: 0.02562
epoch: [18], step: [231/391], batch loss: 1.42498, batch accuracy: 51.56, data load time: 0.00032, step time: 0.02568
epoch: [18], step: [241/391], batch loss: 1.46833, batch accuracy: 50.78, data load time: 0.00031, step time: 0.02582
epoch: [18], step: [251/391], batch loss: 1.40812, batch accuracy: 58.59, data load time: 0.00032, step time: 0.02573
epoch: [18], step: [261/391], batch loss: 1.45614, batch accuracy: 46.09, data load time: 0.00031, step time: 0.02569
epoch: [18], step: [271/391], batch loss: 1.34864, batch accuracy: 54.69, data load time: 0.00031, step time: 0.02579
epoch: [18], step: [281/391], batch loss: 1.46581, batch accuracy: 52.34, data load time: 0.00031, step time: 0.02573
epoch: [18], step: [291/391], batch loss: 1.50096, batch accuracy: 49.22, data load time: 0.00031, step time: 0.02575
epoch: [18], step: [301/391], batch loss: 1.38025, batch accuracy: 50.00, data load time: 0.00031, step time: 0.02568
epoch: [18], step: [311/391], batch loss: 1.25073, batch accuracy: 57.81, data load time: 0.00031, step time: 0.02577
epoch: [18], step: [321/391], batch loss: 1.47181, batch accuracy: 56.25, data load time: 0.00031, step time: 0.02578
epoch: [18], step: [331/391], batch loss: 1.42106, batch accuracy: 48.44, data load time: 0.00032, step time: 0.02577
epoch: [18], step: [341/391], batch loss: 1.43533, batch accuracy: 45.31, data load time: 0.00028, step time: 0.00397
epoch: [18], step: [351/391], batch loss: 1.34319, batch accuracy: 51.56, data load time: 0.00027, step time: 0.00397
epoch: [18], step: [361/391], batch loss: 1.41244, batch accuracy: 48.44, data load time: 0.00028, step time: 0.00390
epoch: [18], step: [371/391], batch loss: 1.44908, batch accuracy: 50.78, data load time: 0.00027, step time: 0.00390
epoch: [18], step: [381/391], batch loss: 1.50135, batch accuracy: 41.41, data load time: 0.00027, step time: 0.00391
epoch: [19], step: [0/391], batch loss: 1.21849, batch accuracy: 60.94, data load time: 1.60558, step time: 0.59052
epoch: [19], step: [10/391], batch loss: 1.49629, batch accuracy: 50.78, data load time: 0.00031, step time: 0.13726
epoch: [19], step: [20/391], batch loss: 1.32941, batch accuracy: 52.34, data load time: 0.00032, step time: 0.02350
epoch: [19], step: [30/391], batch loss: 1.51911, batch accuracy: 47.66, data load time: 0.00030, step time: 0.02572
epoch: [19], step: [40/391], batch loss: 1.32802, batch accuracy: 54.69, data load time: 0.00031, step time: 0.02569
epoch: [19], step: [50/391], batch loss: 1.38271, batch accuracy: 51.56, data load time: 0.00030, step time: 0.02569
epoch: [19], step: [60/391], batch loss: 1.50837, batch accuracy: 49.22, data load time: 0.00030, step time: 0.02569
epoch: [19], step: [70/391], batch loss: 1.52883, batch accuracy: 41.41, data load time: 0.00032, step time: 0.02638
epoch: [19], step: [80/391], batch loss: 1.37175, batch accuracy: 51.56, data load time: 0.00031, step time: 0.02589
epoch: [19], step: [90/391], batch loss: 1.52325, batch accuracy: 39.06, data load time: 0.00031, step time: 0.02586
epoch: [19], step: [100/391], batch loss: 1.45855, batch accuracy: 45.31, data load time: 0.00032, step time: 0.02589
epoch: [19], step: [110/391], batch loss: 1.46452, batch accuracy: 45.31, data load time: 0.00031, step time: 0.02588
epoch: [19], step: [120/391], batch loss: 1.44797, batch accuracy: 50.00, data load time: 0.00031, step time: 0.02583
epoch: [19], step: [130/391], batch loss: 1.30166, batch accuracy: 55.47, data load time: 0.00031, step time: 0.02596
epoch: [19], step: [140/391], batch loss: 1.31536, batch accuracy: 55.47, data load time: 0.00031, step time: 0.02597
epoch: [19], step: [150/391], batch loss: 1.37749, batch accuracy: 50.78, data load time: 0.00031, step time: 0.02610
epoch: [19], step: [160/391], batch loss: 1.52675, batch accuracy: 49.22, data load time: 0.00032, step time: 0.02592
epoch: [19], step: [170/391], batch loss: 1.43406, batch accuracy: 50.00, data load time: 0.00032, step time: 0.02569
epoch: [19], step: [180/391], batch loss: 1.40365, batch accuracy: 48.44, data load time: 0.00031, step time: 0.02575
epoch: [19], step: [190/391], batch loss: 1.31100, batch accuracy: 56.25, data load time: 0.00031, step time: 0.02582
epoch: [19], step: [200/391], batch loss: 1.31667, batch accuracy: 51.56, data load time: 0.00032, step time: 0.02572
epoch: [19], step: [210/391], batch loss: 1.28639, batch accuracy: 59.38, data load time: 0.00031, step time: 0.02567
epoch: [19], step: [220/391], batch loss: 1.30711, batch accuracy: 51.56, data load time: 0.00031, step time: 0.02572
epoch: [19], step: [230/391], batch loss: 1.31468, batch accuracy: 56.25, data load time: 0.00031, step time: 0.02578
epoch: [19], step: [240/391], batch loss: 1.31771, batch accuracy: 50.78, data load time: 0.00032, step time: 0.02563
epoch: [19], step: [250/391], batch loss: 1.32866, batch accuracy: 57.03, data load time: 0.00031, step time: 0.02566
epoch: [19], step: [260/391], batch loss: 1.34852, batch accuracy: 50.00, data load time: 0.00031, step time: 0.02572
epoch: [19], step: [270/391], batch loss: 1.27112, batch accuracy: 53.12, data load time: 0.00031, step time: 0.02568
epoch: [19], step: [280/391], batch loss: 1.45831, batch accuracy: 45.31, data load time: 0.00031, step time: 0.02577
epoch: [19], step: [290/391], batch loss: 1.41259, batch accuracy: 51.56, data load time: 0.00032, step time: 0.02571
epoch: [19], step: [300/391], batch loss: 1.33350, batch accuracy: 51.56, data load time: 0.00031, step time: 0.02569
epoch: [19], step: [310/391], batch loss: 1.40975, batch accuracy: 48.44, data load time: 0.00031, step time: 0.02572
epoch: [19], step: [320/391], batch loss: 1.27437, batch accuracy: 58.59, data load time: 0.00032, step time: 0.02569
epoch: [19], step: [330/391], batch loss: 1.28423, batch accuracy: 56.25, data load time: 0.00031, step time: 0.02574
epoch: [19], step: [340/391], batch loss: 1.42410, batch accuracy: 47.66, data load time: 0.00027, step time: 0.00390
epoch: [19], step: [350/391], batch loss: 1.30931, batch accuracy: 53.12, data load time: 0.00027, step time: 0.00390
epoch: [19], step: [360/391], batch loss: 1.45580, batch accuracy: 46.88, data load time: 0.00028, step time: 0.00391
epoch: [19], step: [370/391], batch loss: 1.55309, batch accuracy: 46.09, data load time: 0.00027, step time: 0.00391
epoch: [19], step: [380/391], batch loss: 1.32069, batch accuracy: 60.16, data load time: 0.00027, step time: 0.00389
epoch: [19], step: [390/391], batch loss: 1.49030, batch accuracy: 56.25, data load time: 0.00021, step time: 0.00332
validation loss: 1.42387, accuracy: 49.39
