Files already downloaded and verified
Writing logs to logs/CNN_bn_dropout=0.5_bs=128_lr=0.1_momentum=0.9_brightness=0_run_0
/mnt/storage/software/languages/anaconda/Anaconda3.8.8/lib/python3.8/site-packages/torch/utils/data/dataloader.py:563: UserWarning: This DataLoader will create 28 worker processes in total. Our suggested max number of worker in current system is 1, which is smaller than what this DataLoader is going to create. Please be aware that excessive worker creation might get DataLoader running slow or even freeze, lower the worker number to avoid potential slowness/freeze if necessary.
  warnings.warn(_create_warning_msg(
epoch: [0], step: [9/391], batch loss: 2.85473, batch accuracy: 22.66, data load time: 0.00031, step time: 0.02890
epoch: [0], step: [19/391], batch loss: 3.46923, batch accuracy: 21.09, data load time: 0.00031, step time: 0.02977
epoch: [0], step: [29/391], batch loss: 3.41027, batch accuracy: 28.12, data load time: 0.00030, step time: 0.02737
epoch: [0], step: [39/391], batch loss: 3.03965, batch accuracy: 28.91, data load time: 0.00030, step time: 0.02742
epoch: [0], step: [49/391], batch loss: 3.94095, batch accuracy: 28.91, data load time: 0.00030, step time: 0.02731
epoch: [0], step: [59/391], batch loss: 3.35534, batch accuracy: 37.50, data load time: 0.00031, step time: 0.02743
epoch: [0], step: [69/391], batch loss: 3.60461, batch accuracy: 38.28, data load time: 0.00032, step time: 0.02746
epoch: [0], step: [79/391], batch loss: 2.32662, batch accuracy: 34.38, data load time: 0.00031, step time: 0.02737
epoch: [0], step: [89/391], batch loss: 2.40201, batch accuracy: 39.84, data load time: 0.00031, step time: 0.02745
epoch: [0], step: [99/391], batch loss: 2.30963, batch accuracy: 30.47, data load time: 0.00031, step time: 0.02742
epoch: [0], step: [109/391], batch loss: 2.81104, batch accuracy: 31.25, data load time: 0.00031, step time: 0.02739
epoch: [0], step: [119/391], batch loss: 3.29625, batch accuracy: 36.72, data load time: 0.00031, step time: 0.02734
epoch: [0], step: [129/391], batch loss: 3.02306, batch accuracy: 33.59, data load time: 0.00031, step time: 0.02742
epoch: [0], step: [139/391], batch loss: 2.37526, batch accuracy: 32.81, data load time: 0.00031, step time: 0.02736
epoch: [0], step: [149/391], batch loss: 1.94037, batch accuracy: 35.94, data load time: 0.00031, step time: 0.02749
epoch: [0], step: [159/391], batch loss: 1.57172, batch accuracy: 39.84, data load time: 0.00032, step time: 0.02739
epoch: [0], step: [169/391], batch loss: 2.17945, batch accuracy: 46.09, data load time: 0.00031, step time: 0.02706
epoch: [0], step: [179/391], batch loss: 1.83657, batch accuracy: 45.31, data load time: 0.00031, step time: 0.02715
epoch: [0], step: [189/391], batch loss: 1.99153, batch accuracy: 42.97, data load time: 0.00032, step time: 0.02711
epoch: [0], step: [199/391], batch loss: 1.85947, batch accuracy: 49.22, data load time: 0.00031, step time: 0.02712
epoch: [0], step: [209/391], batch loss: 1.65191, batch accuracy: 46.09, data load time: 0.00031, step time: 0.02709
epoch: [0], step: [219/391], batch loss: 1.56260, batch accuracy: 42.19, data load time: 0.00031, step time: 0.02706
epoch: [0], step: [229/391], batch loss: 1.35212, batch accuracy: 50.00, data load time: 0.00032, step time: 0.02714
epoch: [0], step: [239/391], batch loss: 1.42585, batch accuracy: 50.78, data load time: 0.00031, step time: 0.02723
epoch: [0], step: [249/391], batch loss: 1.62363, batch accuracy: 38.28, data load time: 0.00032, step time: 0.02710
epoch: [0], step: [259/391], batch loss: 1.66079, batch accuracy: 44.53, data load time: 0.00032, step time: 0.02713
epoch: [0], step: [269/391], batch loss: 1.60527, batch accuracy: 46.09, data load time: 0.00031, step time: 0.02715
epoch: [0], step: [279/391], batch loss: 1.52965, batch accuracy: 40.62, data load time: 0.00032, step time: 0.02706
epoch: [0], step: [289/391], batch loss: 1.55347, batch accuracy: 53.12, data load time: 0.00031, step time: 0.02721
epoch: [0], step: [299/391], batch loss: 1.34775, batch accuracy: 53.91, data load time: 0.00031, step time: 0.02711
epoch: [0], step: [309/391], batch loss: 1.51966, batch accuracy: 47.66, data load time: 0.00031, step time: 0.02711
epoch: [0], step: [319/391], batch loss: 1.46053, batch accuracy: 46.09, data load time: 0.00031, step time: 0.02714
epoch: [0], step: [329/391], batch loss: 1.26864, batch accuracy: 52.34, data load time: 0.00031, step time: 0.02723
epoch: [0], step: [339/391], batch loss: 1.48292, batch accuracy: 43.75, data load time: 0.00027, step time: 0.00515
epoch: [0], step: [349/391], batch loss: 1.25881, batch accuracy: 54.69, data load time: 0.00028, step time: 0.00515
epoch: [0], step: [359/391], batch loss: 1.31699, batch accuracy: 54.69, data load time: 0.00028, step time: 0.00515
epoch: [0], step: [369/391], batch loss: 1.26957, batch accuracy: 50.00, data load time: 0.00027, step time: 0.00484
epoch: [0], step: [379/391], batch loss: 1.26570, batch accuracy: 53.12, data load time: 0.00027, step time: 0.00483
epoch: [0], step: [389/391], batch loss: 1.39325, batch accuracy: 45.31, data load time: 0.00027, step time: 0.00482
epoch: [1], step: [8/391], batch loss: 1.39805, batch accuracy: 50.00, data load time: 0.00033, step time: 0.02972
epoch: [1], step: [18/391], batch loss: 1.30482, batch accuracy: 56.25, data load time: 0.00031, step time: 0.02743
epoch: [1], step: [28/391], batch loss: 1.14663, batch accuracy: 60.16, data load time: 0.00031, step time: 0.02722
epoch: [1], step: [38/391], batch loss: 1.20736, batch accuracy: 52.34, data load time: 0.00031, step time: 0.02760
epoch: [1], step: [48/391], batch loss: 1.23789, batch accuracy: 53.91, data load time: 0.00030, step time: 0.02750
epoch: [1], step: [58/391], batch loss: 1.22502, batch accuracy: 54.69, data load time: 0.00033, step time: 0.02833
epoch: [1], step: [68/391], batch loss: 1.36079, batch accuracy: 54.69, data load time: 0.00031, step time: 0.02766
epoch: [1], step: [78/391], batch loss: 1.21380, batch accuracy: 58.59, data load time: 0.00030, step time: 0.02758
epoch: [1], step: [88/391], batch loss: 1.11889, batch accuracy: 58.59, data load time: 0.00030, step time: 0.02760
epoch: [1], step: [98/391], batch loss: 1.25745, batch accuracy: 55.47, data load time: 0.00031, step time: 0.02750
epoch: [1], step: [108/391], batch loss: 1.29337, batch accuracy: 57.81, data load time: 0.00031, step time: 0.02761
epoch: [1], step: [118/391], batch loss: 1.26300, batch accuracy: 51.56, data load time: 0.00032, step time: 0.02765
epoch: [1], step: [128/391], batch loss: 1.08332, batch accuracy: 58.59, data load time: 0.00032, step time: 0.02766
epoch: [1], step: [138/391], batch loss: 1.30180, batch accuracy: 57.81, data load time: 0.00032, step time: 0.02754
epoch: [1], step: [148/391], batch loss: 1.35675, batch accuracy: 52.34, data load time: 0.00031, step time: 0.02759
epoch: [1], step: [158/391], batch loss: 1.09554, batch accuracy: 57.03, data load time: 0.00031, step time: 0.02762
epoch: [1], step: [168/391], batch loss: 1.21416, batch accuracy: 56.25, data load time: 0.00031, step time: 0.02740
epoch: [1], step: [178/391], batch loss: 1.19348, batch accuracy: 53.91, data load time: 0.00032, step time: 0.02741
epoch: [1], step: [188/391], batch loss: 1.26877, batch accuracy: 54.69, data load time: 0.00031, step time: 0.02753
epoch: [1], step: [198/391], batch loss: 1.36759, batch accuracy: 51.56, data load time: 0.00032, step time: 0.02739
epoch: [1], step: [208/391], batch loss: 1.14637, batch accuracy: 56.25, data load time: 0.00031, step time: 0.02742
epoch: [1], step: [218/391], batch loss: 1.18962, batch accuracy: 63.28, data load time: 0.00032, step time: 0.02733
epoch: [1], step: [228/391], batch loss: 1.18648, batch accuracy: 60.94, data load time: 0.00031, step time: 0.02734
epoch: [1], step: [238/391], batch loss: 1.25365, batch accuracy: 59.38, data load time: 0.00031, step time: 0.02736
epoch: [1], step: [248/391], batch loss: 1.30972, batch accuracy: 51.56, data load time: 0.00031, step time: 0.02733
epoch: [1], step: [258/391], batch loss: 1.19203, batch accuracy: 57.03, data load time: 0.00032, step time: 0.02727
epoch: [1], step: [268/391], batch loss: 1.06909, batch accuracy: 57.03, data load time: 0.00031, step time: 0.02740
epoch: [1], step: [278/391], batch loss: 1.21450, batch accuracy: 60.16, data load time: 0.00031, step time: 0.02731
epoch: [1], step: [288/391], batch loss: 1.34238, batch accuracy: 50.78, data load time: 0.00031, step time: 0.02730
epoch: [1], step: [298/391], batch loss: 1.14615, batch accuracy: 59.38, data load time: 0.00031, step time: 0.02735
epoch: [1], step: [308/391], batch loss: 1.12041, batch accuracy: 69.53, data load time: 0.00032, step time: 0.02731
epoch: [1], step: [318/391], batch loss: 1.34289, batch accuracy: 53.12, data load time: 0.00031, step time: 0.02740
epoch: [1], step: [328/391], batch loss: 1.16038, batch accuracy: 56.25, data load time: 0.00031, step time: 0.02736
epoch: [1], step: [338/391], batch loss: 1.05655, batch accuracy: 60.16, data load time: 0.00027, step time: 0.00514
epoch: [1], step: [348/391], batch loss: 0.93110, batch accuracy: 69.53, data load time: 0.00028, step time: 0.00514
epoch: [1], step: [358/391], batch loss: 1.12261, batch accuracy: 57.81, data load time: 0.00027, step time: 0.00515
epoch: [1], step: [368/391], batch loss: 1.25006, batch accuracy: 61.72, data load time: 0.00027, step time: 0.00515
epoch: [1], step: [378/391], batch loss: 1.21591, batch accuracy: 57.03, data load time: 0.00028, step time: 0.00485
epoch: [1], step: [388/391], batch loss: 1.23777, batch accuracy: 56.25, data load time: 0.00027, step time: 0.00486
validation loss: 1.04771, accuracy: 63.04
epoch: [2], step: [7/391], batch loss: 1.23218, batch accuracy: 60.16, data load time: 0.00031, step time: 0.15953
epoch: [2], step: [17/391], batch loss: 1.02829, batch accuracy: 65.62, data load time: 0.00032, step time: 0.02944
epoch: [2], step: [27/391], batch loss: 1.17281, batch accuracy: 54.69, data load time: 0.00721, step time: 0.02536
epoch: [2], step: [37/391], batch loss: 0.95291, batch accuracy: 64.06, data load time: 0.00030, step time: 0.02727
epoch: [2], step: [47/391], batch loss: 1.12320, batch accuracy: 61.72, data load time: 0.00030, step time: 0.02729
epoch: [2], step: [57/391], batch loss: 1.13644, batch accuracy: 57.03, data load time: 0.00030, step time: 0.02704
epoch: [2], step: [67/391], batch loss: 1.08712, batch accuracy: 61.72, data load time: 0.00030, step time: 0.02763
epoch: [2], step: [77/391], batch loss: 1.00717, batch accuracy: 65.62, data load time: 0.00031, step time: 0.02813
epoch: [2], step: [87/391], batch loss: 1.08709, batch accuracy: 63.28, data load time: 0.00030, step time: 0.02752
epoch: [2], step: [97/391], batch loss: 0.90730, batch accuracy: 67.97, data load time: 0.00031, step time: 0.02759
epoch: [2], step: [107/391], batch loss: 0.86518, batch accuracy: 71.88, data load time: 0.00031, step time: 0.02879
epoch: [2], step: [117/391], batch loss: 0.93087, batch accuracy: 69.53, data load time: 0.00032, step time: 0.02768
epoch: [2], step: [127/391], batch loss: 1.22912, batch accuracy: 56.25, data load time: 0.00031, step time: 0.02757
epoch: [2], step: [137/391], batch loss: 1.11858, batch accuracy: 57.81, data load time: 0.00031, step time: 0.02752
epoch: [2], step: [147/391], batch loss: 1.08445, batch accuracy: 65.62, data load time: 0.00032, step time: 0.02755
epoch: [2], step: [157/391], batch loss: 1.17364, batch accuracy: 60.94, data load time: 0.00031, step time: 0.02781
epoch: [2], step: [167/391], batch loss: 1.16358, batch accuracy: 59.38, data load time: 0.00031, step time: 0.02761
epoch: [2], step: [177/391], batch loss: 1.27218, batch accuracy: 57.03, data load time: 0.00031, step time: 0.02732
epoch: [2], step: [187/391], batch loss: 1.09501, batch accuracy: 63.28, data load time: 0.00031, step time: 0.02743
epoch: [2], step: [197/391], batch loss: 0.93694, batch accuracy: 68.75, data load time: 0.00031, step time: 0.02723
epoch: [2], step: [207/391], batch loss: 1.17829, batch accuracy: 56.25, data load time: 0.00032, step time: 0.02735
epoch: [2], step: [217/391], batch loss: 1.05958, batch accuracy: 64.84, data load time: 0.00035, step time: 0.02765
epoch: [2], step: [227/391], batch loss: 0.91459, batch accuracy: 68.75, data load time: 0.00035, step time: 0.02763
epoch: [2], step: [237/391], batch loss: 0.85892, batch accuracy: 70.31, data load time: 0.00032, step time: 0.02729
epoch: [2], step: [247/391], batch loss: 0.98543, batch accuracy: 62.50, data load time: 0.00031, step time: 0.02735
epoch: [2], step: [257/391], batch loss: 1.04148, batch accuracy: 65.62, data load time: 0.00031, step time: 0.02733
epoch: [2], step: [267/391], batch loss: 0.89527, batch accuracy: 67.97, data load time: 0.00031, step time: 0.02732
epoch: [2], step: [277/391], batch loss: 0.98708, batch accuracy: 64.06, data load time: 0.00032, step time: 0.02737
epoch: [2], step: [287/391], batch loss: 1.17636, batch accuracy: 57.81, data load time: 0.00031, step time: 0.02729
epoch: [2], step: [297/391], batch loss: 0.95907, batch accuracy: 71.09, data load time: 0.00031, step time: 0.02735
epoch: [2], step: [307/391], batch loss: 0.94200, batch accuracy: 66.41, data load time: 0.00032, step time: 0.02729
epoch: [2], step: [317/391], batch loss: 0.98514, batch accuracy: 67.97, data load time: 0.00031, step time: 0.02732
epoch: [2], step: [327/391], batch loss: 1.00926, batch accuracy: 62.50, data load time: 0.00032, step time: 0.02734
epoch: [2], step: [337/391], batch loss: 1.07988, batch accuracy: 67.19, data load time: 0.00027, step time: 0.00480
epoch: [2], step: [347/391], batch loss: 0.98116, batch accuracy: 63.28, data load time: 0.00028, step time: 0.00479
epoch: [2], step: [357/391], batch loss: 1.13344, batch accuracy: 64.06, data load time: 0.00027, step time: 0.00478
epoch: [2], step: [367/391], batch loss: 1.11271, batch accuracy: 59.38, data load time: 0.00027, step time: 0.00478
epoch: [2], step: [377/391], batch loss: 0.91541, batch accuracy: 68.75, data load time: 0.00027, step time: 0.00480
epoch: [2], step: [387/391], batch loss: 0.89366, batch accuracy: 75.00, data load time: 0.00027, step time: 0.00479
epoch: [3], step: [6/391], batch loss: 0.87274, batch accuracy: 72.66, data load time: 0.00031, step time: 0.01063
epoch: [3], step: [16/391], batch loss: 0.90475, batch accuracy: 65.62, data load time: 0.00031, step time: 0.02974
epoch: [3], step: [26/391], batch loss: 0.95635, batch accuracy: 67.97, data load time: 0.02985, step time: 0.01224
epoch: [3], step: [36/391], batch loss: 0.92589, batch accuracy: 64.84, data load time: 0.00030, step time: 0.02724
epoch: [3], step: [46/391], batch loss: 0.90509, batch accuracy: 66.41, data load time: 0.00030, step time: 0.02718
epoch: [3], step: [56/391], batch loss: 0.94944, batch accuracy: 68.75, data load time: 0.00031, step time: 0.02700
epoch: [3], step: [66/391], batch loss: 1.05094, batch accuracy: 63.28, data load time: 0.00030, step time: 0.02745
epoch: [3], step: [76/391], batch loss: 1.06218, batch accuracy: 62.50, data load time: 0.00030, step time: 0.02761
epoch: [3], step: [86/391], batch loss: 0.90203, batch accuracy: 66.41, data load time: 0.00030, step time: 0.02900
epoch: [3], step: [96/391], batch loss: 1.16811, batch accuracy: 61.72, data load time: 0.00032, step time: 0.02757
epoch: [3], step: [106/391], batch loss: 0.70424, batch accuracy: 78.12, data load time: 0.00031, step time: 0.02761
epoch: [3], step: [116/391], batch loss: 0.95302, batch accuracy: 62.50, data load time: 0.00033, step time: 0.02753
epoch: [3], step: [126/391], batch loss: 0.93185, batch accuracy: 64.06, data load time: 0.00031, step time: 0.02750
epoch: [3], step: [136/391], batch loss: 0.89229, batch accuracy: 66.41, data load time: 0.00033, step time: 0.02749
epoch: [3], step: [146/391], batch loss: 1.02651, batch accuracy: 63.28, data load time: 0.00031, step time: 0.02752
epoch: [3], step: [156/391], batch loss: 0.92838, batch accuracy: 66.41, data load time: 0.00033, step time: 0.02754
epoch: [3], step: [166/391], batch loss: 0.89529, batch accuracy: 65.62, data load time: 0.00031, step time: 0.02755
epoch: [3], step: [176/391], batch loss: 1.04164, batch accuracy: 64.06, data load time: 0.00033, step time: 0.02763
epoch: [3], step: [186/391], batch loss: 1.06835, batch accuracy: 62.50, data load time: 0.00031, step time: 0.02728
epoch: [3], step: [196/391], batch loss: 0.87094, batch accuracy: 64.84, data load time: 0.00033, step time: 0.02724
epoch: [3], step: [206/391], batch loss: 0.93009, batch accuracy: 63.28, data load time: 0.00033, step time: 0.02728
epoch: [3], step: [216/391], batch loss: 1.06462, batch accuracy: 67.19, data load time: 0.00033, step time: 0.02734
epoch: [3], step: [226/391], batch loss: 0.94418, batch accuracy: 67.19, data load time: 0.00032, step time: 0.02732
epoch: [3], step: [236/391], batch loss: 0.91025, batch accuracy: 68.75, data load time: 0.00032, step time: 0.02726
epoch: [3], step: [246/391], batch loss: 0.93726, batch accuracy: 64.84, data load time: 0.00032, step time: 0.02736
epoch: [3], step: [256/391], batch loss: 0.98387, batch accuracy: 69.53, data load time: 0.00032, step time: 0.02730
epoch: [3], step: [266/391], batch loss: 0.88059, batch accuracy: 71.88, data load time: 0.00032, step time: 0.02730
epoch: [3], step: [276/391], batch loss: 0.84693, batch accuracy: 69.53, data load time: 0.00032, step time: 0.02735
epoch: [3], step: [286/391], batch loss: 0.91407, batch accuracy: 71.09, data load time: 0.00032, step time: 0.02729
epoch: [3], step: [296/391], batch loss: 1.09268, batch accuracy: 60.94, data load time: 0.00032, step time: 0.02730
epoch: [3], step: [306/391], batch loss: 0.90291, batch accuracy: 67.19, data load time: 0.00032, step time: 0.02726
epoch: [3], step: [316/391], batch loss: 0.91368, batch accuracy: 67.19, data load time: 0.00032, step time: 0.02726
epoch: [3], step: [326/391], batch loss: 0.86665, batch accuracy: 68.75, data load time: 0.00033, step time: 0.02730
epoch: [3], step: [336/391], batch loss: 0.89994, batch accuracy: 70.31, data load time: 0.00027, step time: 0.00479
epoch: [3], step: [346/391], batch loss: 1.02569, batch accuracy: 64.06, data load time: 0.00027, step time: 0.00479
epoch: [3], step: [356/391], batch loss: 0.87330, batch accuracy: 71.09, data load time: 0.00027, step time: 0.00479
epoch: [3], step: [366/391], batch loss: 1.12652, batch accuracy: 65.62, data load time: 0.00027, step time: 0.00480
epoch: [3], step: [376/391], batch loss: 0.91613, batch accuracy: 71.88, data load time: 0.00027, step time: 0.00479
epoch: [3], step: [386/391], batch loss: 0.85105, batch accuracy: 71.88, data load time: 0.00027, step time: 0.00480
validation loss: 1.02295, accuracy: 63.71
epoch: [4], step: [5/391], batch loss: 0.61740, batch accuracy: 75.78, data load time: 0.00031, step time: 0.00741
epoch: [4], step: [15/391], batch loss: 0.94798, batch accuracy: 71.09, data load time: 0.00031, step time: 0.02918
epoch: [4], step: [25/391], batch loss: 0.92228, batch accuracy: 61.72, data load time: 0.07214, step time: 0.02750
epoch: [4], step: [35/391], batch loss: 0.80530, batch accuracy: 72.66, data load time: 0.00031, step time: 0.02740
epoch: [4], step: [45/391], batch loss: 0.77851, batch accuracy: 75.00, data load time: 0.00030, step time: 0.02747
epoch: [4], step: [55/391], batch loss: 0.80079, batch accuracy: 75.00, data load time: 0.02239, step time: 0.02738
epoch: [4], step: [65/391], batch loss: 0.89517, batch accuracy: 70.31, data load time: 0.00031, step time: 0.02757
epoch: [4], step: [75/391], batch loss: 1.06645, batch accuracy: 67.97, data load time: 0.00030, step time: 0.02752
epoch: [4], step: [85/391], batch loss: 0.77380, batch accuracy: 72.66, data load time: 0.00031, step time: 0.02756
epoch: [4], step: [95/391], batch loss: 0.95257, batch accuracy: 67.97, data load time: 0.00031, step time: 0.02749
epoch: [4], step: [105/391], batch loss: 0.85529, batch accuracy: 72.66, data load time: 0.00032, step time: 0.02756
epoch: [4], step: [115/391], batch loss: 0.84956, batch accuracy: 70.31, data load time: 0.00031, step time: 0.02874
epoch: [4], step: [125/391], batch loss: 0.77443, batch accuracy: 75.00, data load time: 0.00032, step time: 0.02899
epoch: [4], step: [135/391], batch loss: 0.83645, batch accuracy: 69.53, data load time: 0.00031, step time: 0.02881
epoch: [4], step: [145/391], batch loss: 0.85919, batch accuracy: 70.31, data load time: 0.00031, step time: 0.02758
epoch: [4], step: [155/391], batch loss: 0.97660, batch accuracy: 62.50, data load time: 0.00031, step time: 0.02769
epoch: [4], step: [165/391], batch loss: 0.95066, batch accuracy: 67.19, data load time: 0.00031, step time: 0.02749
epoch: [4], step: [175/391], batch loss: 0.84484, batch accuracy: 67.97, data load time: 0.00031, step time: 0.02730
epoch: [4], step: [185/391], batch loss: 0.71509, batch accuracy: 71.09, data load time: 0.00032, step time: 0.02735
epoch: [4], step: [195/391], batch loss: 0.99533, batch accuracy: 70.31, data load time: 0.00032, step time: 0.02721
epoch: [4], step: [205/391], batch loss: 0.65510, batch accuracy: 73.44, data load time: 0.00031, step time: 0.02732
epoch: [4], step: [215/391], batch loss: 0.77293, batch accuracy: 71.88, data load time: 0.00031, step time: 0.02719
epoch: [4], step: [225/391], batch loss: 1.19942, batch accuracy: 57.03, data load time: 0.00031, step time: 0.02727
epoch: [4], step: [235/391], batch loss: 0.85329, batch accuracy: 67.97, data load time: 0.00031, step time: 0.02726
epoch: [4], step: [245/391], batch loss: 0.73852, batch accuracy: 73.44, data load time: 0.00031, step time: 0.02730
epoch: [4], step: [255/391], batch loss: 0.99924, batch accuracy: 62.50, data load time: 0.00031, step time: 0.02718
epoch: [4], step: [265/391], batch loss: 0.75249, batch accuracy: 74.22, data load time: 0.00031, step time: 0.02729
epoch: [4], step: [275/391], batch loss: 0.70602, batch accuracy: 75.78, data load time: 0.00032, step time: 0.02727
epoch: [4], step: [285/391], batch loss: 0.82452, batch accuracy: 75.00, data load time: 0.00032, step time: 0.02729
epoch: [4], step: [295/391], batch loss: 0.71431, batch accuracy: 73.44, data load time: 0.00032, step time: 0.02726
epoch: [4], step: [305/391], batch loss: 0.80799, batch accuracy: 71.09, data load time: 0.00031, step time: 0.02722
epoch: [4], step: [315/391], batch loss: 1.04762, batch accuracy: 61.72, data load time: 0.00031, step time: 0.02733
epoch: [4], step: [325/391], batch loss: 0.94977, batch accuracy: 66.41, data load time: 0.00031, step time: 0.02732
epoch: [4], step: [335/391], batch loss: 0.95550, batch accuracy: 69.53, data load time: 0.00027, step time: 0.00514
epoch: [4], step: [345/391], batch loss: 0.77224, batch accuracy: 73.44, data load time: 0.00027, step time: 0.00513
epoch: [4], step: [355/391], batch loss: 0.75486, batch accuracy: 71.09, data load time: 0.00027, step time: 0.00486
epoch: [4], step: [365/391], batch loss: 0.91039, batch accuracy: 61.72, data load time: 0.00027, step time: 0.00483
epoch: [4], step: [375/391], batch loss: 0.95268, batch accuracy: 64.84, data load time: 0.00027, step time: 0.00481
epoch: [4], step: [385/391], batch loss: 0.72631, batch accuracy: 75.78, data load time: 0.00027, step time: 0.00480
epoch: [5], step: [4/391], batch loss: 0.97841, batch accuracy: 65.62, data load time: 0.00031, step time: 0.00544
epoch: [5], step: [14/391], batch loss: 0.80978, batch accuracy: 68.75, data load time: 0.00031, step time: 0.02838
epoch: [5], step: [24/391], batch loss: 0.66023, batch accuracy: 77.34, data load time: 0.00043, step time: 0.02986
epoch: [5], step: [34/391], batch loss: 0.75393, batch accuracy: 70.31, data load time: 0.00030, step time: 0.02724
epoch: [5], step: [44/391], batch loss: 0.76562, batch accuracy: 75.00, data load time: 0.00030, step time: 0.02730
epoch: [5], step: [54/391], batch loss: 0.79989, batch accuracy: 72.66, data load time: 0.00030, step time: 0.02725
epoch: [5], step: [64/391], batch loss: 0.70146, batch accuracy: 71.09, data load time: 0.00031, step time: 0.02759
epoch: [5], step: [74/391], batch loss: 0.81855, batch accuracy: 71.88, data load time: 0.00030, step time: 0.02764
epoch: [5], step: [84/391], batch loss: 0.78921, batch accuracy: 75.00, data load time: 0.00030, step time: 0.02766
epoch: [5], step: [94/391], batch loss: 0.88641, batch accuracy: 60.94, data load time: 0.00031, step time: 0.02765
epoch: [5], step: [104/391], batch loss: 0.89128, batch accuracy: 69.53, data load time: 0.00031, step time: 0.02774
epoch: [5], step: [114/391], batch loss: 0.82295, batch accuracy: 66.41, data load time: 0.00031, step time: 0.02760
epoch: [5], step: [124/391], batch loss: 0.91039, batch accuracy: 63.28, data load time: 0.00031, step time: 0.02756
epoch: [5], step: [134/391], batch loss: 0.86141, batch accuracy: 75.00, data load time: 0.00031, step time: 0.02758
epoch: [5], step: [144/391], batch loss: 0.91366, batch accuracy: 67.19, data load time: 0.00032, step time: 0.02766
epoch: [5], step: [154/391], batch loss: 0.78613, batch accuracy: 78.12, data load time: 0.00031, step time: 0.02769
epoch: [5], step: [164/391], batch loss: 0.76237, batch accuracy: 72.66, data load time: 0.00031, step time: 0.02762
epoch: [5], step: [174/391], batch loss: 0.63700, batch accuracy: 82.03, data load time: 0.00031, step time: 0.02728
epoch: [5], step: [184/391], batch loss: 0.69335, batch accuracy: 73.44, data load time: 0.00031, step time: 0.02740
epoch: [5], step: [194/391], batch loss: 0.74416, batch accuracy: 75.78, data load time: 0.00031, step time: 0.02865
epoch: [5], step: [204/391], batch loss: 0.78870, batch accuracy: 68.75, data load time: 0.00031, step time: 0.02735
epoch: [5], step: [214/391], batch loss: 0.84789, batch accuracy: 71.88, data load time: 0.00031, step time: 0.02735
epoch: [5], step: [224/391], batch loss: 0.91715, batch accuracy: 71.09, data load time: 0.00031, step time: 0.02744
epoch: [5], step: [234/391], batch loss: 0.73313, batch accuracy: 75.78, data load time: 0.00031, step time: 0.02734
epoch: [5], step: [244/391], batch loss: 0.82277, batch accuracy: 70.31, data load time: 0.00032, step time: 0.02741
epoch: [5], step: [254/391], batch loss: 0.83217, batch accuracy: 66.41, data load time: 0.00032, step time: 0.02735
epoch: [5], step: [264/391], batch loss: 0.85223, batch accuracy: 68.75, data load time: 0.00032, step time: 0.02733
epoch: [5], step: [274/391], batch loss: 0.67161, batch accuracy: 77.34, data load time: 0.00032, step time: 0.02735
epoch: [5], step: [284/391], batch loss: 0.84533, batch accuracy: 67.97, data load time: 0.00031, step time: 0.02741
epoch: [5], step: [294/391], batch loss: 0.81686, batch accuracy: 71.09, data load time: 0.00031, step time: 0.02732
epoch: [5], step: [304/391], batch loss: 0.82584, batch accuracy: 70.31, data load time: 0.00032, step time: 0.02735
epoch: [5], step: [314/391], batch loss: 0.97684, batch accuracy: 66.41, data load time: 0.00031, step time: 0.02725
epoch: [5], step: [324/391], batch loss: 0.92919, batch accuracy: 67.97, data load time: 0.00031, step time: 0.02741
epoch: [5], step: [334/391], batch loss: 0.62597, batch accuracy: 77.34, data load time: 0.00294, step time: 0.01914
epoch: [5], step: [344/391], batch loss: 0.93450, batch accuracy: 68.75, data load time: 0.00027, step time: 0.00479
epoch: [5], step: [354/391], batch loss: 0.77542, batch accuracy: 72.66, data load time: 0.00027, step time: 0.00480
epoch: [5], step: [364/391], batch loss: 0.81513, batch accuracy: 76.56, data load time: 0.00027, step time: 0.00479
epoch: [5], step: [374/391], batch loss: 0.59922, batch accuracy: 80.47, data load time: 0.00027, step time: 0.00479
epoch: [5], step: [384/391], batch loss: 0.78406, batch accuracy: 70.31, data load time: 0.00028, step time: 0.00479
validation loss: 0.89345, accuracy: 69.36
epoch: [6], step: [3/391], batch loss: 0.71378, batch accuracy: 73.44, data load time: 0.00032, step time: 0.00742
epoch: [6], step: [13/391], batch loss: 0.70173, batch accuracy: 75.78, data load time: 0.00031, step time: 0.02921
epoch: [6], step: [23/391], batch loss: 0.75290, batch accuracy: 75.00, data load time: 0.00031, step time: 0.02947
epoch: [6], step: [33/391], batch loss: 0.79749, batch accuracy: 78.12, data load time: 0.00030, step time: 0.02729
epoch: [6], step: [43/391], batch loss: 0.57940, batch accuracy: 78.91, data load time: 0.00031, step time: 0.02724
epoch: [6], step: [53/391], batch loss: 0.58311, batch accuracy: 82.81, data load time: 0.00030, step time: 0.02728
epoch: [6], step: [63/391], batch loss: 0.69802, batch accuracy: 75.00, data load time: 0.00030, step time: 0.02760
epoch: [6], step: [73/391], batch loss: 0.83754, batch accuracy: 71.88, data load time: 0.00030, step time: 0.02763
epoch: [6], step: [83/391], batch loss: 0.69878, batch accuracy: 72.66, data load time: 0.00038, step time: 0.02768
epoch: [6], step: [93/391], batch loss: 0.81836, batch accuracy: 70.31, data load time: 0.00030, step time: 0.02763
epoch: [6], step: [103/391], batch loss: 0.88346, batch accuracy: 67.97, data load time: 0.00031, step time: 0.02749
epoch: [6], step: [113/391], batch loss: 0.75958, batch accuracy: 71.88, data load time: 0.00031, step time: 0.02869
epoch: [6], step: [123/391], batch loss: 0.74795, batch accuracy: 71.88, data load time: 0.00031, step time: 0.02755
epoch: [6], step: [133/391], batch loss: 0.76118, batch accuracy: 72.66, data load time: 0.00031, step time: 0.02759
epoch: [6], step: [143/391], batch loss: 0.64349, batch accuracy: 78.12, data load time: 0.00031, step time: 0.02751
epoch: [6], step: [153/391], batch loss: 0.67383, batch accuracy: 74.22, data load time: 0.00031, step time: 0.02760
epoch: [6], step: [163/391], batch loss: 0.69765, batch accuracy: 76.56, data load time: 0.00031, step time: 0.02762
epoch: [6], step: [173/391], batch loss: 0.83291, batch accuracy: 68.75, data load time: 0.00031, step time: 0.02734
epoch: [6], step: [183/391], batch loss: 0.70686, batch accuracy: 75.00, data load time: 0.00032, step time: 0.02737
epoch: [6], step: [193/391], batch loss: 0.77174, batch accuracy: 68.75, data load time: 0.00031, step time: 0.02735
epoch: [6], step: [203/391], batch loss: 0.72646, batch accuracy: 75.78, data load time: 0.00032, step time: 0.02750
epoch: [6], step: [213/391], batch loss: 0.86688, batch accuracy: 69.53, data load time: 0.00031, step time: 0.02731
epoch: [6], step: [223/391], batch loss: 0.52953, batch accuracy: 78.91, data load time: 0.00032, step time: 0.02740
epoch: [6], step: [233/391], batch loss: 0.70663, batch accuracy: 79.69, data load time: 0.00031, step time: 0.02732
epoch: [6], step: [243/391], batch loss: 0.70333, batch accuracy: 74.22, data load time: 0.00031, step time: 0.02875
epoch: [6], step: [253/391], batch loss: 0.79207, batch accuracy: 71.88, data load time: 0.00031, step time: 0.02728
epoch: [6], step: [263/391], batch loss: 0.83728, batch accuracy: 71.88, data load time: 0.00032, step time: 0.02726
epoch: [6], step: [273/391], batch loss: 0.63400, batch accuracy: 78.12, data load time: 0.00031, step time: 0.02742
epoch: [6], step: [283/391], batch loss: 0.83538, batch accuracy: 70.31, data load time: 0.00031, step time: 0.02720
epoch: [6], step: [293/391], batch loss: 0.73830, batch accuracy: 68.75, data load time: 0.00032, step time: 0.02733
epoch: [6], step: [303/391], batch loss: 0.71801, batch accuracy: 75.78, data load time: 0.00031, step time: 0.02732
epoch: [6], step: [313/391], batch loss: 0.75346, batch accuracy: 76.56, data load time: 0.00031, step time: 0.02736
epoch: [6], step: [323/391], batch loss: 0.69252, batch accuracy: 78.91, data load time: 0.00031, step time: 0.02736
epoch: [6], step: [333/391], batch loss: 0.83538, batch accuracy: 73.44, data load time: 0.00031, step time: 0.02735
epoch: [6], step: [343/391], batch loss: 0.68350, batch accuracy: 76.56, data load time: 0.00027, step time: 0.00480
epoch: [6], step: [353/391], batch loss: 0.80045, batch accuracy: 76.56, data load time: 0.00027, step time: 0.00479
epoch: [6], step: [363/391], batch loss: 0.70262, batch accuracy: 75.00, data load time: 0.00027, step time: 0.00480
epoch: [6], step: [373/391], batch loss: 0.61862, batch accuracy: 80.47, data load time: 0.00027, step time: 0.00479
epoch: [6], step: [383/391], batch loss: 0.82174, batch accuracy: 73.44, data load time: 0.00028, step time: 0.00479
epoch: [7], step: [2/391], batch loss: 0.70395, batch accuracy: 76.56, data load time: 0.00032, step time: 0.00683
epoch: [7], step: [12/391], batch loss: 0.69772, batch accuracy: 70.31, data load time: 0.00031, step time: 0.03879
epoch: [7], step: [22/391], batch loss: 0.58215, batch accuracy: 77.34, data load time: 0.00032, step time: 0.02816
epoch: [7], step: [32/391], batch loss: 0.68365, batch accuracy: 73.44, data load time: 0.00030, step time: 0.02732
epoch: [7], step: [42/391], batch loss: 0.64334, batch accuracy: 78.12, data load time: 0.00030, step time: 0.02729
epoch: [7], step: [52/391], batch loss: 0.71687, batch accuracy: 82.03, data load time: 0.00030, step time: 0.02739
epoch: [7], step: [62/391], batch loss: 0.79280, batch accuracy: 73.44, data load time: 0.00030, step time: 0.02758
epoch: [7], step: [72/391], batch loss: 0.50548, batch accuracy: 81.25, data load time: 0.00030, step time: 0.02759
epoch: [7], step: [82/391], batch loss: 0.70721, batch accuracy: 76.56, data load time: 0.00030, step time: 0.02757
epoch: [7], step: [92/391], batch loss: 0.68266, batch accuracy: 73.44, data load time: 0.00030, step time: 0.02750
epoch: [7], step: [102/391], batch loss: 0.75501, batch accuracy: 71.88, data load time: 0.00031, step time: 0.02766
epoch: [7], step: [112/391], batch loss: 0.58887, batch accuracy: 78.12, data load time: 0.00031, step time: 0.02752
epoch: [7], step: [122/391], batch loss: 0.73268, batch accuracy: 76.56, data load time: 0.00031, step time: 0.02750
epoch: [7], step: [132/391], batch loss: 0.77265, batch accuracy: 71.09, data load time: 0.00032, step time: 0.02773
epoch: [7], step: [142/391], batch loss: 0.71550, batch accuracy: 70.31, data load time: 0.00033, step time: 0.02762
epoch: [7], step: [152/391], batch loss: 0.72708, batch accuracy: 74.22, data load time: 0.00032, step time: 0.02761
epoch: [7], step: [162/391], batch loss: 0.73933, batch accuracy: 75.78, data load time: 0.00031, step time: 0.02769
epoch: [7], step: [172/391], batch loss: 0.64639, batch accuracy: 79.69, data load time: 0.00032, step time: 0.02738
epoch: [7], step: [182/391], batch loss: 0.68418, batch accuracy: 75.78, data load time: 0.00032, step time: 0.02740
epoch: [7], step: [192/391], batch loss: 0.64718, batch accuracy: 75.78, data load time: 0.00031, step time: 0.02742
epoch: [7], step: [202/391], batch loss: 0.90082, batch accuracy: 66.41, data load time: 0.00032, step time: 0.02729
epoch: [7], step: [212/391], batch loss: 0.74082, batch accuracy: 75.00, data load time: 0.00031, step time: 0.02728
epoch: [7], step: [222/391], batch loss: 0.79086, batch accuracy: 72.66, data load time: 0.00031, step time: 0.02730
epoch: [7], step: [232/391], batch loss: 0.70373, batch accuracy: 75.00, data load time: 0.00031, step time: 0.02737
epoch: [7], step: [242/391], batch loss: 0.63702, batch accuracy: 78.91, data load time: 0.00031, step time: 0.02731
epoch: [7], step: [252/391], batch loss: 0.48570, batch accuracy: 84.38, data load time: 0.00032, step time: 0.02735
epoch: [7], step: [262/391], batch loss: 0.69569, batch accuracy: 73.44, data load time: 0.00031, step time: 0.02724
epoch: [7], step: [272/391], batch loss: 0.89643, batch accuracy: 67.97, data load time: 0.00031, step time: 0.02741
epoch: [7], step: [282/391], batch loss: 0.62887, batch accuracy: 74.22, data load time: 0.00031, step time: 0.02735
epoch: [7], step: [292/391], batch loss: 0.78368, batch accuracy: 72.66, data load time: 0.00032, step time: 0.02733
epoch: [7], step: [302/391], batch loss: 0.66650, batch accuracy: 71.88, data load time: 0.00032, step time: 0.02745
epoch: [7], step: [312/391], batch loss: 0.74679, batch accuracy: 75.00, data load time: 0.00032, step time: 0.02733
epoch: [7], step: [322/391], batch loss: 0.86224, batch accuracy: 65.62, data load time: 0.00031, step time: 0.02755
epoch: [7], step: [332/391], batch loss: 0.68040, batch accuracy: 75.78, data load time: 0.00031, step time: 0.02745
epoch: [7], step: [342/391], batch loss: 0.72796, batch accuracy: 75.78, data load time: 0.00027, step time: 0.00515
epoch: [7], step: [352/391], batch loss: 0.57937, batch accuracy: 78.12, data load time: 0.00027, step time: 0.00513
epoch: [7], step: [362/391], batch loss: 0.74468, batch accuracy: 76.56, data load time: 0.00027, step time: 0.00514
epoch: [7], step: [372/391], batch loss: 0.64256, batch accuracy: 74.22, data load time: 0.00027, step time: 0.00508
epoch: [7], step: [382/391], batch loss: 0.93765, batch accuracy: 70.31, data load time: 0.00027, step time: 0.00485
validation loss: 0.77933, accuracy: 72.36
epoch: [8], step: [1/391], batch loss: 0.76833, batch accuracy: 76.56, data load time: 0.00035, step time: 0.00912
epoch: [8], step: [11/391], batch loss: 0.52852, batch accuracy: 80.47, data load time: 0.00033, step time: 0.02770
epoch: [8], step: [21/391], batch loss: 0.60594, batch accuracy: 80.47, data load time: 0.00032, step time: 0.02777
epoch: [8], step: [31/391], batch loss: 0.55018, batch accuracy: 80.47, data load time: 0.00030, step time: 0.02001
epoch: [8], step: [41/391], batch loss: 0.77681, batch accuracy: 72.66, data load time: 0.00030, step time: 0.02727
epoch: [8], step: [51/391], batch loss: 0.77644, batch accuracy: 74.22, data load time: 0.00031, step time: 0.02723
epoch: [8], step: [61/391], batch loss: 0.71758, batch accuracy: 69.53, data load time: 0.00033, step time: 0.02829
epoch: [8], step: [71/391], batch loss: 0.78888, batch accuracy: 71.88, data load time: 0.00030, step time: 0.02761
epoch: [8], step: [81/391], batch loss: 0.45037, batch accuracy: 82.81, data load time: 0.00030, step time: 0.02753
epoch: [8], step: [91/391], batch loss: 0.61781, batch accuracy: 80.47, data load time: 0.00030, step time: 0.02744
epoch: [8], step: [101/391], batch loss: 0.64256, batch accuracy: 76.56, data load time: 0.00031, step time: 0.02756
epoch: [8], step: [111/391], batch loss: 0.59490, batch accuracy: 75.78, data load time: 0.00031, step time: 0.02763
epoch: [8], step: [121/391], batch loss: 0.69168, batch accuracy: 69.53, data load time: 0.00031, step time: 0.02747
epoch: [8], step: [131/391], batch loss: 0.61094, batch accuracy: 78.12, data load time: 0.00031, step time: 0.02757
epoch: [8], step: [141/391], batch loss: 0.70065, batch accuracy: 76.56, data load time: 0.00031, step time: 0.02761
epoch: [8], step: [151/391], batch loss: 0.69481, batch accuracy: 75.00, data load time: 0.00032, step time: 0.02760
epoch: [8], step: [161/391], batch loss: 0.71126, batch accuracy: 73.44, data load time: 0.00033, step time: 0.02760
epoch: [8], step: [171/391], batch loss: 0.60512, batch accuracy: 79.69, data load time: 0.00031, step time: 0.02736
epoch: [8], step: [181/391], batch loss: 0.67947, batch accuracy: 76.56, data load time: 0.00031, step time: 0.02732
epoch: [8], step: [191/391], batch loss: 0.72897, batch accuracy: 75.00, data load time: 0.00031, step time: 0.02735
epoch: [8], step: [201/391], batch loss: 0.59085, batch accuracy: 79.69, data load time: 0.00031, step time: 0.02732
epoch: [8], step: [211/391], batch loss: 0.65665, batch accuracy: 71.09, data load time: 0.00031, step time: 0.02730
epoch: [8], step: [221/391], batch loss: 0.57391, batch accuracy: 79.69, data load time: 0.00031, step time: 0.02728
epoch: [8], step: [231/391], batch loss: 0.64804, batch accuracy: 78.12, data load time: 0.00032, step time: 0.02724
epoch: [8], step: [241/391], batch loss: 0.71310, batch accuracy: 78.12, data load time: 0.00031, step time: 0.02732
epoch: [8], step: [251/391], batch loss: 0.66341, batch accuracy: 77.34, data load time: 0.00031, step time: 0.02732
epoch: [8], step: [261/391], batch loss: 0.46206, batch accuracy: 82.81, data load time: 0.00032, step time: 0.02735
epoch: [8], step: [271/391], batch loss: 0.57175, batch accuracy: 81.25, data load time: 0.00031, step time: 0.02730
epoch: [8], step: [281/391], batch loss: 0.74728, batch accuracy: 77.34, data load time: 0.00032, step time: 0.02856
epoch: [8], step: [291/391], batch loss: 0.60410, batch accuracy: 77.34, data load time: 0.00031, step time: 0.02874
epoch: [8], step: [301/391], batch loss: 0.67342, batch accuracy: 76.56, data load time: 0.00031, step time: 0.02862
epoch: [8], step: [311/391], batch loss: 0.71522, batch accuracy: 72.66, data load time: 0.00031, step time: 0.02729
epoch: [8], step: [321/391], batch loss: 0.69169, batch accuracy: 74.22, data load time: 0.00031, step time: 0.02729
epoch: [8], step: [331/391], batch loss: 0.60754, batch accuracy: 75.78, data load time: 0.00031, step time: 0.02734
epoch: [8], step: [341/391], batch loss: 0.64122, batch accuracy: 78.91, data load time: 0.00028, step time: 0.00479
epoch: [8], step: [351/391], batch loss: 0.63622, batch accuracy: 75.78, data load time: 0.00027, step time: 0.00479
epoch: [8], step: [361/391], batch loss: 0.68511, batch accuracy: 76.56, data load time: 0.00028, step time: 0.00480
epoch: [8], step: [371/391], batch loss: 0.68391, batch accuracy: 78.12, data load time: 0.00027, step time: 0.00480
epoch: [8], step: [381/391], batch loss: 0.54930, batch accuracy: 79.69, data load time: 0.00027, step time: 0.00480
epoch: [9], step: [0/391], batch loss: 0.72923, batch accuracy: 75.00, data load time: 1.70403, step time: 0.61068
epoch: [9], step: [10/391], batch loss: 0.64627, batch accuracy: 78.91, data load time: 0.00032, step time: 0.02778
epoch: [9], step: [20/391], batch loss: 0.56631, batch accuracy: 81.25, data load time: 0.00032, step time: 0.02777
epoch: [9], step: [30/391], batch loss: 0.59041, batch accuracy: 81.25, data load time: 0.00030, step time: 0.02718
epoch: [9], step: [40/391], batch loss: 0.54543, batch accuracy: 83.59, data load time: 0.00030, step time: 0.02726
epoch: [9], step: [50/391], batch loss: 0.70056, batch accuracy: 75.78, data load time: 0.00030, step time: 0.02728
epoch: [9], step: [60/391], batch loss: 0.52261, batch accuracy: 79.69, data load time: 0.00033, step time: 0.02817
epoch: [9], step: [70/391], batch loss: 0.45640, batch accuracy: 86.72, data load time: 0.00030, step time: 0.02755
epoch: [9], step: [80/391], batch loss: 0.60841, batch accuracy: 82.81, data load time: 0.00030, step time: 0.02763
epoch: [9], step: [90/391], batch loss: 0.72214, batch accuracy: 75.00, data load time: 0.00030, step time: 0.02890
epoch: [9], step: [100/391], batch loss: 0.62881, batch accuracy: 75.00, data load time: 0.00031, step time: 0.02899
epoch: [9], step: [110/391], batch loss: 0.56074, batch accuracy: 79.69, data load time: 0.00031, step time: 0.02884
epoch: [9], step: [120/391], batch loss: 0.69787, batch accuracy: 71.88, data load time: 0.00031, step time: 0.02758
epoch: [9], step: [130/391], batch loss: 0.90289, batch accuracy: 67.97, data load time: 0.00031, step time: 0.02756
epoch: [9], step: [140/391], batch loss: 0.63155, batch accuracy: 78.12, data load time: 0.00032, step time: 0.02753
epoch: [9], step: [150/391], batch loss: 0.62356, batch accuracy: 78.91, data load time: 0.00032, step time: 0.02762
epoch: [9], step: [160/391], batch loss: 0.42035, batch accuracy: 87.50, data load time: 0.00031, step time: 0.02755
epoch: [9], step: [170/391], batch loss: 0.54931, batch accuracy: 79.69, data load time: 0.00032, step time: 0.02721
epoch: [9], step: [180/391], batch loss: 0.76592, batch accuracy: 70.31, data load time: 0.00031, step time: 0.02738
epoch: [9], step: [190/391], batch loss: 0.53826, batch accuracy: 79.69, data load time: 0.00031, step time: 0.02731
epoch: [9], step: [200/391], batch loss: 0.49777, batch accuracy: 84.38, data load time: 0.00031, step time: 0.02724
epoch: [9], step: [210/391], batch loss: 0.62540, batch accuracy: 72.66, data load time: 0.00032, step time: 0.02732
epoch: [9], step: [220/391], batch loss: 0.56396, batch accuracy: 76.56, data load time: 0.00031, step time: 0.02732
epoch: [9], step: [230/391], batch loss: 0.73793, batch accuracy: 71.88, data load time: 0.00031, step time: 0.02732
epoch: [9], step: [240/391], batch loss: 0.82305, batch accuracy: 75.00, data load time: 0.00031, step time: 0.02730
epoch: [9], step: [250/391], batch loss: 0.75624, batch accuracy: 74.22, data load time: 0.00031, step time: 0.02731
epoch: [9], step: [260/391], batch loss: 0.58533, batch accuracy: 76.56, data load time: 0.00032, step time: 0.02735
epoch: [9], step: [270/391], batch loss: 0.76553, batch accuracy: 71.88, data load time: 0.00031, step time: 0.02733
epoch: [9], step: [280/391], batch loss: 0.57447, batch accuracy: 79.69, data load time: 0.00032, step time: 0.02728
epoch: [9], step: [290/391], batch loss: 0.70635, batch accuracy: 73.44, data load time: 0.00031, step time: 0.02735
epoch: [9], step: [300/391], batch loss: 0.58570, batch accuracy: 78.91, data load time: 0.00031, step time: 0.02724
epoch: [9], step: [310/391], batch loss: 0.61519, batch accuracy: 78.91, data load time: 0.00031, step time: 0.02722
epoch: [9], step: [320/391], batch loss: 0.50852, batch accuracy: 79.69, data load time: 0.00031, step time: 0.02729
epoch: [9], step: [330/391], batch loss: 0.57227, batch accuracy: 78.12, data load time: 0.00032, step time: 0.02732
epoch: [9], step: [340/391], batch loss: 0.77534, batch accuracy: 75.00, data load time: 0.00028, step time: 0.00479
epoch: [9], step: [350/391], batch loss: 0.60896, batch accuracy: 76.56, data load time: 0.00027, step time: 0.00478
epoch: [9], step: [360/391], batch loss: 0.48869, batch accuracy: 85.16, data load time: 0.00027, step time: 0.00480
epoch: [9], step: [370/391], batch loss: 0.55786, batch accuracy: 78.12, data load time: 0.00029, step time: 0.00480
epoch: [9], step: [380/391], batch loss: 0.68967, batch accuracy: 75.00, data load time: 0.00031, step time: 0.00479
epoch: [9], step: [390/391], batch loss: 0.55185, batch accuracy: 81.25, data load time: 0.00022, step time: 0.00436
validation loss: 0.66280, accuracy: 76.61
epoch: [10], step: [9/391], batch loss: 0.50402, batch accuracy: 80.47, data load time: 0.00031, step time: 0.02770
epoch: [10], step: [19/391], batch loss: 0.59837, batch accuracy: 75.00, data load time: 0.00032, step time: 0.02844
epoch: [10], step: [29/391], batch loss: 0.55102, batch accuracy: 81.25, data load time: 0.00030, step time: 0.02704
epoch: [10], step: [39/391], batch loss: 0.56142, batch accuracy: 79.69, data load time: 0.00030, step time: 0.02721
epoch: [10], step: [49/391], batch loss: 0.40766, batch accuracy: 86.72, data load time: 0.00030, step time: 0.02721
epoch: [10], step: [59/391], batch loss: 0.57284, batch accuracy: 78.91, data load time: 0.00030, step time: 0.07066
epoch: [10], step: [69/391], batch loss: 0.53545, batch accuracy: 80.47, data load time: 0.00030, step time: 0.02760
epoch: [10], step: [79/391], batch loss: 0.55372, batch accuracy: 78.12, data load time: 0.00030, step time: 0.02762
epoch: [10], step: [89/391], batch loss: 0.58769, batch accuracy: 82.81, data load time: 0.00031, step time: 0.02754
epoch: [10], step: [99/391], batch loss: 0.54504, batch accuracy: 82.03, data load time: 0.00031, step time: 0.02765
epoch: [10], step: [109/391], batch loss: 0.61825, batch accuracy: 74.22, data load time: 0.00032, step time: 0.02767
epoch: [10], step: [119/391], batch loss: 0.52879, batch accuracy: 81.25, data load time: 0.00031, step time: 0.02881
epoch: [10], step: [129/391], batch loss: 0.60906, batch accuracy: 78.91, data load time: 0.00031, step time: 0.02760
epoch: [10], step: [139/391], batch loss: 0.41640, batch accuracy: 83.59, data load time: 0.00032, step time: 0.02772
epoch: [10], step: [149/391], batch loss: 0.55880, batch accuracy: 78.12, data load time: 0.00031, step time: 0.02746
epoch: [10], step: [159/391], batch loss: 0.61586, batch accuracy: 80.47, data load time: 0.00032, step time: 0.02759
epoch: [10], step: [169/391], batch loss: 0.76969, batch accuracy: 74.22, data load time: 0.00031, step time: 0.02732
epoch: [10], step: [179/391], batch loss: 0.62063, batch accuracy: 74.22, data load time: 0.00031, step time: 0.02724
epoch: [10], step: [189/391], batch loss: 0.65614, batch accuracy: 78.12, data load time: 0.00031, step time: 0.02735
epoch: [10], step: [199/391], batch loss: 0.74003, batch accuracy: 73.44, data load time: 0.00031, step time: 0.02732
epoch: [10], step: [209/391], batch loss: 0.44744, batch accuracy: 85.16, data load time: 0.00032, step time: 0.02733
epoch: [10], step: [219/391], batch loss: 0.59121, batch accuracy: 77.34, data load time: 0.00031, step time: 0.02736
epoch: [10], step: [229/391], batch loss: 0.50374, batch accuracy: 82.81, data load time: 0.00032, step time: 0.02736
epoch: [10], step: [239/391], batch loss: 0.54229, batch accuracy: 77.34, data load time: 0.00031, step time: 0.02730
epoch: [10], step: [249/391], batch loss: 0.47942, batch accuracy: 84.38, data load time: 0.00031, step time: 0.02736
epoch: [10], step: [259/391], batch loss: 0.65511, batch accuracy: 78.91, data load time: 0.00031, step time: 0.02735
epoch: [10], step: [269/391], batch loss: 0.60443, batch accuracy: 77.34, data load time: 0.00031, step time: 0.02739
epoch: [10], step: [279/391], batch loss: 0.66306, batch accuracy: 78.91, data load time: 0.00032, step time: 0.02731
epoch: [10], step: [289/391], batch loss: 0.55606, batch accuracy: 82.81, data load time: 0.00031, step time: 0.02723
epoch: [10], step: [299/391], batch loss: 0.62574, batch accuracy: 77.34, data load time: 0.00032, step time: 0.02729
epoch: [10], step: [309/391], batch loss: 0.62751, batch accuracy: 78.12, data load time: 0.00031, step time: 0.02730
epoch: [10], step: [319/391], batch loss: 0.71073, batch accuracy: 75.00, data load time: 0.00031, step time: 0.02726
epoch: [10], step: [329/391], batch loss: 0.70725, batch accuracy: 78.12, data load time: 0.00032, step time: 0.02732
epoch: [10], step: [339/391], batch loss: 0.65008, batch accuracy: 73.44, data load time: 0.00027, step time: 0.00514
epoch: [10], step: [349/391], batch loss: 0.72170, batch accuracy: 77.34, data load time: 0.00027, step time: 0.00515
epoch: [10], step: [359/391], batch loss: 0.72891, batch accuracy: 76.56, data load time: 0.00027, step time: 0.00515
epoch: [10], step: [369/391], batch loss: 0.58943, batch accuracy: 78.12, data load time: 0.00027, step time: 0.00486
epoch: [10], step: [379/391], batch loss: 0.51476, batch accuracy: 81.25, data load time: 0.00028, step time: 0.00486
epoch: [10], step: [389/391], batch loss: 0.76521, batch accuracy: 74.22, data load time: 0.00027, step time: 0.00481
epoch: [11], step: [8/391], batch loss: 0.46408, batch accuracy: 83.59, data load time: 0.00033, step time: 0.02967
epoch: [11], step: [18/391], batch loss: 0.56836, batch accuracy: 74.22, data load time: 0.00031, step time: 0.02979
epoch: [11], step: [28/391], batch loss: 0.53399, batch accuracy: 84.38, data load time: 0.00030, step time: 0.02712
epoch: [11], step: [38/391], batch loss: 0.66190, batch accuracy: 73.44, data load time: 0.00030, step time: 0.02725
epoch: [11], step: [48/391], batch loss: 0.48159, batch accuracy: 82.81, data load time: 0.00031, step time: 0.02725
epoch: [11], step: [58/391], batch loss: 0.54771, batch accuracy: 81.25, data load time: 0.00031, step time: 0.06122
epoch: [11], step: [68/391], batch loss: 0.54598, batch accuracy: 81.25, data load time: 0.00030, step time: 0.02760
epoch: [11], step: [78/391], batch loss: 0.42471, batch accuracy: 85.16, data load time: 0.00030, step time: 0.02783
epoch: [11], step: [88/391], batch loss: 0.45324, batch accuracy: 81.25, data load time: 0.00030, step time: 0.02761
epoch: [11], step: [98/391], batch loss: 0.70948, batch accuracy: 73.44, data load time: 0.00032, step time: 0.02753
epoch: [11], step: [108/391], batch loss: 0.58368, batch accuracy: 76.56, data load time: 0.00031, step time: 0.02758
epoch: [11], step: [118/391], batch loss: 0.70463, batch accuracy: 76.56, data load time: 0.00033, step time: 0.02752
epoch: [11], step: [128/391], batch loss: 0.51321, batch accuracy: 78.91, data load time: 0.00033, step time: 0.02758
epoch: [11], step: [138/391], batch loss: 0.54043, batch accuracy: 82.03, data load time: 0.00032, step time: 0.02757
epoch: [11], step: [148/391], batch loss: 0.69291, batch accuracy: 78.12, data load time: 0.00032, step time: 0.02769
epoch: [11], step: [158/391], batch loss: 0.54227, batch accuracy: 77.34, data load time: 0.00032, step time: 0.02760
epoch: [11], step: [168/391], batch loss: 0.47615, batch accuracy: 83.59, data load time: 0.00032, step time: 0.02732
epoch: [11], step: [178/391], batch loss: 0.49733, batch accuracy: 86.72, data load time: 0.00032, step time: 0.02726
epoch: [11], step: [188/391], batch loss: 0.66298, batch accuracy: 77.34, data load time: 0.00032, step time: 0.02729
epoch: [11], step: [198/391], batch loss: 0.45078, batch accuracy: 85.94, data load time: 0.00032, step time: 0.02736
epoch: [11], step: [208/391], batch loss: 0.48348, batch accuracy: 82.81, data load time: 0.00032, step time: 0.02733
epoch: [11], step: [218/391], batch loss: 0.52084, batch accuracy: 84.38, data load time: 0.00033, step time: 0.02738
epoch: [11], step: [228/391], batch loss: 0.50197, batch accuracy: 83.59, data load time: 0.00032, step time: 0.02730
epoch: [11], step: [238/391], batch loss: 0.60965, batch accuracy: 78.12, data load time: 0.00033, step time: 0.02726
epoch: [11], step: [248/391], batch loss: 0.61475, batch accuracy: 77.34, data load time: 0.00031, step time: 0.02737
epoch: [11], step: [258/391], batch loss: 0.56847, batch accuracy: 79.69, data load time: 0.00032, step time: 0.02732
epoch: [11], step: [268/391], batch loss: 0.43353, batch accuracy: 84.38, data load time: 0.00032, step time: 0.02739
epoch: [11], step: [278/391], batch loss: 0.63734, batch accuracy: 78.12, data load time: 0.00032, step time: 0.02734
epoch: [11], step: [288/391], batch loss: 0.62760, batch accuracy: 81.25, data load time: 0.00033, step time: 0.02743
epoch: [11], step: [298/391], batch loss: 0.54278, batch accuracy: 79.69, data load time: 0.00032, step time: 0.02736
epoch: [11], step: [308/391], batch loss: 0.74768, batch accuracy: 71.88, data load time: 0.00032, step time: 0.02734
epoch: [11], step: [318/391], batch loss: 0.50381, batch accuracy: 80.47, data load time: 0.00031, step time: 0.02723
epoch: [11], step: [328/391], batch loss: 0.46189, batch accuracy: 84.38, data load time: 0.00032, step time: 0.02724
epoch: [11], step: [338/391], batch loss: 0.73175, batch accuracy: 75.78, data load time: 0.00027, step time: 0.00479
epoch: [11], step: [348/391], batch loss: 0.66569, batch accuracy: 78.12, data load time: 0.00027, step time: 0.00478
epoch: [11], step: [358/391], batch loss: 0.54317, batch accuracy: 78.12, data load time: 0.00027, step time: 0.00479
epoch: [11], step: [368/391], batch loss: 0.43585, batch accuracy: 84.38, data load time: 0.00027, step time: 0.00479
epoch: [11], step: [378/391], batch loss: 0.52879, batch accuracy: 82.81, data load time: 0.00027, step time: 0.00479
epoch: [11], step: [388/391], batch loss: 0.35709, batch accuracy: 88.28, data load time: 0.00027, step time: 0.00480
validation loss: 0.68867, accuracy: 76.14
epoch: [12], step: [7/391], batch loss: 0.59305, batch accuracy: 77.34, data load time: 0.00031, step time: 0.18051
epoch: [12], step: [17/391], batch loss: 0.52888, batch accuracy: 83.59, data load time: 0.00033, step time: 0.02773
epoch: [12], step: [27/391], batch loss: 0.54432, batch accuracy: 82.81, data load time: 0.00717, step time: 0.02501
epoch: [12], step: [37/391], batch loss: 0.50559, batch accuracy: 79.69, data load time: 0.00030, step time: 0.02720
epoch: [12], step: [47/391], batch loss: 0.54496, batch accuracy: 82.81, data load time: 0.00030, step time: 0.02726
epoch: [12], step: [57/391], batch loss: 0.62752, batch accuracy: 83.59, data load time: 0.00030, step time: 0.02706
epoch: [12], step: [67/391], batch loss: 0.55875, batch accuracy: 81.25, data load time: 0.00030, step time: 0.02756
epoch: [12], step: [77/391], batch loss: 0.56292, batch accuracy: 75.78, data load time: 0.00031, step time: 0.02762
epoch: [12], step: [87/391], batch loss: 0.72225, batch accuracy: 78.91, data load time: 0.00030, step time: 0.02735
epoch: [12], step: [97/391], batch loss: 0.60882, batch accuracy: 79.69, data load time: 0.00032, step time: 0.02747
epoch: [12], step: [107/391], batch loss: 0.49403, batch accuracy: 82.03, data load time: 0.00032, step time: 0.02751
epoch: [12], step: [117/391], batch loss: 0.53115, batch accuracy: 82.03, data load time: 0.00031, step time: 0.02745
epoch: [12], step: [127/391], batch loss: 0.65697, batch accuracy: 75.78, data load time: 0.00031, step time: 0.02756
epoch: [12], step: [137/391], batch loss: 0.43278, batch accuracy: 85.16, data load time: 0.00031, step time: 0.02760
epoch: [12], step: [147/391], batch loss: 0.65796, batch accuracy: 78.12, data load time: 0.00031, step time: 0.02757
epoch: [12], step: [157/391], batch loss: 0.50739, batch accuracy: 84.38, data load time: 0.00031, step time: 0.02752
epoch: [12], step: [167/391], batch loss: 0.52063, batch accuracy: 83.59, data load time: 0.00031, step time: 0.02747
epoch: [12], step: [177/391], batch loss: 0.73751, batch accuracy: 74.22, data load time: 0.00031, step time: 0.02745
epoch: [12], step: [187/391], batch loss: 0.47463, batch accuracy: 83.59, data load time: 0.00032, step time: 0.02737
epoch: [12], step: [197/391], batch loss: 0.52579, batch accuracy: 85.94, data load time: 0.00031, step time: 0.02726
epoch: [12], step: [207/391], batch loss: 0.74474, batch accuracy: 75.00, data load time: 0.00031, step time: 0.02730
epoch: [12], step: [217/391], batch loss: 0.45188, batch accuracy: 83.59, data load time: 0.00031, step time: 0.02728
epoch: [12], step: [227/391], batch loss: 0.46725, batch accuracy: 82.03, data load time: 0.00031, step time: 0.02724
epoch: [12], step: [237/391], batch loss: 0.56373, batch accuracy: 75.00, data load time: 0.00031, step time: 0.02728
epoch: [12], step: [247/391], batch loss: 0.54836, batch accuracy: 81.25, data load time: 0.00032, step time: 0.02731
epoch: [12], step: [257/391], batch loss: 0.47789, batch accuracy: 79.69, data load time: 0.00031, step time: 0.02720
epoch: [12], step: [267/391], batch loss: 0.68805, batch accuracy: 75.78, data load time: 0.00031, step time: 0.02735
epoch: [12], step: [277/391], batch loss: 0.51054, batch accuracy: 81.25, data load time: 0.00031, step time: 0.02730
epoch: [12], step: [287/391], batch loss: 0.45812, batch accuracy: 85.94, data load time: 0.00032, step time: 0.02784
epoch: [12], step: [297/391], batch loss: 0.60731, batch accuracy: 78.91, data load time: 0.00031, step time: 0.02728
epoch: [12], step: [307/391], batch loss: 0.51692, batch accuracy: 76.56, data load time: 0.00032, step time: 0.02724
epoch: [12], step: [317/391], batch loss: 0.52355, batch accuracy: 79.69, data load time: 0.00031, step time: 0.02725
epoch: [12], step: [327/391], batch loss: 0.61930, batch accuracy: 77.34, data load time: 0.00032, step time: 0.02738
epoch: [12], step: [337/391], batch loss: 0.45978, batch accuracy: 89.84, data load time: 0.00027, step time: 0.00480
epoch: [12], step: [347/391], batch loss: 0.44366, batch accuracy: 86.72, data load time: 0.00027, step time: 0.00480
epoch: [12], step: [357/391], batch loss: 0.40971, batch accuracy: 88.28, data load time: 0.00027, step time: 0.00477
epoch: [12], step: [367/391], batch loss: 0.48709, batch accuracy: 82.03, data load time: 0.00028, step time: 0.00479
epoch: [12], step: [377/391], batch loss: 0.55615, batch accuracy: 80.47, data load time: 0.00027, step time: 0.00479
epoch: [12], step: [387/391], batch loss: 0.40768, batch accuracy: 86.72, data load time: 0.00027, step time: 0.00478
epoch: [13], step: [6/391], batch loss: 0.67711, batch accuracy: 82.03, data load time: 0.00031, step time: 0.03313
epoch: [13], step: [16/391], batch loss: 0.54410, batch accuracy: 79.69, data load time: 0.00031, step time: 0.02783
epoch: [13], step: [26/391], batch loss: 0.41012, batch accuracy: 86.72, data load time: 0.02964, step time: 0.02507
epoch: [13], step: [36/391], batch loss: 0.50431, batch accuracy: 80.47, data load time: 0.00030, step time: 0.02724
epoch: [13], step: [46/391], batch loss: 0.49396, batch accuracy: 79.69, data load time: 0.00030, step time: 0.02737
epoch: [13], step: [56/391], batch loss: 0.43322, batch accuracy: 85.16, data load time: 0.00031, step time: 0.02715
epoch: [13], step: [66/391], batch loss: 0.47756, batch accuracy: 82.03, data load time: 0.00030, step time: 0.02758
epoch: [13], step: [76/391], batch loss: 0.40567, batch accuracy: 85.94, data load time: 0.00030, step time: 0.02761
epoch: [13], step: [86/391], batch loss: 0.60664, batch accuracy: 79.69, data load time: 0.00030, step time: 0.02762
epoch: [13], step: [96/391], batch loss: 0.47726, batch accuracy: 83.59, data load time: 0.00031, step time: 0.02770
epoch: [13], step: [106/391], batch loss: 0.50159, batch accuracy: 82.03, data load time: 0.00031, step time: 0.02759
epoch: [13], step: [116/391], batch loss: 0.51268, batch accuracy: 80.47, data load time: 0.00032, step time: 0.02761
epoch: [13], step: [126/391], batch loss: 0.64631, batch accuracy: 77.34, data load time: 0.00031, step time: 0.02760
epoch: [13], step: [136/391], batch loss: 0.66120, batch accuracy: 77.34, data load time: 0.00032, step time: 0.02759
epoch: [13], step: [146/391], batch loss: 0.63543, batch accuracy: 74.22, data load time: 0.00032, step time: 0.02749
epoch: [13], step: [156/391], batch loss: 0.55334, batch accuracy: 81.25, data load time: 0.00031, step time: 0.02756
epoch: [13], step: [166/391], batch loss: 0.53959, batch accuracy: 79.69, data load time: 0.00032, step time: 0.02751
epoch: [13], step: [176/391], batch loss: 0.34698, batch accuracy: 89.84, data load time: 0.00031, step time: 0.02739
epoch: [13], step: [186/391], batch loss: 0.59811, batch accuracy: 77.34, data load time: 0.00031, step time: 0.02733
epoch: [13], step: [196/391], batch loss: 0.48835, batch accuracy: 82.03, data load time: 0.00031, step time: 0.02735
epoch: [13], step: [206/391], batch loss: 0.49269, batch accuracy: 83.59, data load time: 0.00032, step time: 0.02735
epoch: [13], step: [216/391], batch loss: 0.53069, batch accuracy: 80.47, data load time: 0.00031, step time: 0.02738
epoch: [13], step: [226/391], batch loss: 0.46974, batch accuracy: 83.59, data load time: 0.00031, step time: 0.02735
epoch: [13], step: [236/391], batch loss: 0.50633, batch accuracy: 79.69, data load time: 0.00031, step time: 0.02748
epoch: [13], step: [246/391], batch loss: 0.41539, batch accuracy: 85.16, data load time: 0.00032, step time: 0.02734
epoch: [13], step: [256/391], batch loss: 0.37663, batch accuracy: 87.50, data load time: 0.00031, step time: 0.02876
epoch: [13], step: [266/391], batch loss: 0.46900, batch accuracy: 85.16, data load time: 0.00031, step time: 0.02874
epoch: [13], step: [276/391], batch loss: 0.58197, batch accuracy: 81.25, data load time: 0.00032, step time: 0.02884
epoch: [13], step: [286/391], batch loss: 0.56319, batch accuracy: 82.03, data load time: 0.00031, step time: 0.02727
epoch: [13], step: [296/391], batch loss: 0.53438, batch accuracy: 83.59, data load time: 0.00031, step time: 0.02729
epoch: [13], step: [306/391], batch loss: 0.72902, batch accuracy: 72.66, data load time: 0.00031, step time: 0.02739
epoch: [13], step: [316/391], batch loss: 0.54126, batch accuracy: 80.47, data load time: 0.00031, step time: 0.02727
epoch: [13], step: [326/391], batch loss: 0.62372, batch accuracy: 78.12, data load time: 0.00032, step time: 0.02730
epoch: [13], step: [336/391], batch loss: 0.44529, batch accuracy: 83.59, data load time: 0.00027, step time: 0.00514
epoch: [13], step: [346/391], batch loss: 0.65764, batch accuracy: 78.91, data load time: 0.00028, step time: 0.00482
epoch: [13], step: [356/391], batch loss: 0.53269, batch accuracy: 78.12, data load time: 0.00027, step time: 0.00481
epoch: [13], step: [366/391], batch loss: 0.55967, batch accuracy: 79.69, data load time: 0.00027, step time: 0.00480
epoch: [13], step: [376/391], batch loss: 0.56111, batch accuracy: 79.69, data load time: 0.00027, step time: 0.00479
epoch: [13], step: [386/391], batch loss: 0.49148, batch accuracy: 82.03, data load time: 0.00027, step time: 0.00480
validation loss: 0.68524, accuracy: 76.59
epoch: [14], step: [5/391], batch loss: 0.56985, batch accuracy: 76.56, data load time: 0.00031, step time: 0.00737
epoch: [14], step: [15/391], batch loss: 0.48863, batch accuracy: 82.03, data load time: 0.00031, step time: 0.02964
epoch: [14], step: [25/391], batch loss: 0.48481, batch accuracy: 83.59, data load time: 0.07089, step time: 0.02724
epoch: [14], step: [35/391], batch loss: 0.55625, batch accuracy: 76.56, data load time: 0.00031, step time: 0.02599
epoch: [14], step: [45/391], batch loss: 0.50610, batch accuracy: 81.25, data load time: 0.00030, step time: 0.02723
epoch: [14], step: [55/391], batch loss: 0.30724, batch accuracy: 90.62, data load time: 0.02444, step time: 0.02705
epoch: [14], step: [65/391], batch loss: 0.61938, batch accuracy: 76.56, data load time: 0.00030, step time: 0.02762
epoch: [14], step: [75/391], batch loss: 0.66309, batch accuracy: 75.78, data load time: 0.00030, step time: 0.02755
epoch: [14], step: [85/391], batch loss: 0.55798, batch accuracy: 79.69, data load time: 0.00030, step time: 0.02773
epoch: [14], step: [95/391], batch loss: 0.53593, batch accuracy: 79.69, data load time: 0.00033, step time: 0.02754
epoch: [14], step: [105/391], batch loss: 0.39010, batch accuracy: 88.28, data load time: 0.00033, step time: 0.02758
epoch: [14], step: [115/391], batch loss: 0.56931, batch accuracy: 83.59, data load time: 0.00031, step time: 0.02751
epoch: [14], step: [125/391], batch loss: 0.53189, batch accuracy: 81.25, data load time: 0.00031, step time: 0.02870
epoch: [14], step: [135/391], batch loss: 0.51656, batch accuracy: 82.03, data load time: 0.00033, step time: 0.02763
epoch: [14], step: [145/391], batch loss: 0.50491, batch accuracy: 80.47, data load time: 0.00032, step time: 0.02768
epoch: [14], step: [155/391], batch loss: 0.50061, batch accuracy: 83.59, data load time: 0.00031, step time: 0.02753
epoch: [14], step: [165/391], batch loss: 0.38263, batch accuracy: 85.94, data load time: 0.00031, step time: 0.02754
epoch: [14], step: [175/391], batch loss: 0.50293, batch accuracy: 81.25, data load time: 0.00032, step time: 0.02729
epoch: [14], step: [185/391], batch loss: 0.49460, batch accuracy: 80.47, data load time: 0.00031, step time: 0.02739
epoch: [14], step: [195/391], batch loss: 0.47992, batch accuracy: 83.59, data load time: 0.00032, step time: 0.02727
epoch: [14], step: [205/391], batch loss: 0.58984, batch accuracy: 78.12, data load time: 0.00032, step time: 0.02738
epoch: [14], step: [215/391], batch loss: 0.51293, batch accuracy: 82.81, data load time: 0.00032, step time: 0.02726
epoch: [14], step: [225/391], batch loss: 0.51831, batch accuracy: 78.91, data load time: 0.00032, step time: 0.02740
epoch: [14], step: [235/391], batch loss: 0.38245, batch accuracy: 85.94, data load time: 0.00031, step time: 0.02730
epoch: [14], step: [245/391], batch loss: 0.46802, batch accuracy: 85.94, data load time: 0.00031, step time: 0.02735
epoch: [14], step: [255/391], batch loss: 0.34451, batch accuracy: 87.50, data load time: 0.00031, step time: 0.02734
epoch: [14], step: [265/391], batch loss: 0.42950, batch accuracy: 83.59, data load time: 0.00032, step time: 0.02733
epoch: [14], step: [275/391], batch loss: 0.50018, batch accuracy: 79.69, data load time: 0.00031, step time: 0.02728
epoch: [14], step: [285/391], batch loss: 0.65857, batch accuracy: 76.56, data load time: 0.00031, step time: 0.02734
epoch: [14], step: [295/391], batch loss: 0.74075, batch accuracy: 76.56, data load time: 0.00032, step time: 0.02729
epoch: [14], step: [305/391], batch loss: 0.49606, batch accuracy: 82.81, data load time: 0.00031, step time: 0.02728
epoch: [14], step: [315/391], batch loss: 0.51006, batch accuracy: 82.03, data load time: 0.00031, step time: 0.02723
epoch: [14], step: [325/391], batch loss: 0.55240, batch accuracy: 79.69, data load time: 0.00031, step time: 0.02740
epoch: [14], step: [335/391], batch loss: 0.49138, batch accuracy: 80.47, data load time: 0.00027, step time: 0.00480
epoch: [14], step: [345/391], batch loss: 0.59513, batch accuracy: 78.91, data load time: 0.00027, step time: 0.00478
epoch: [14], step: [355/391], batch loss: 0.52975, batch accuracy: 81.25, data load time: 0.00027, step time: 0.00479
epoch: [14], step: [365/391], batch loss: 0.58573, batch accuracy: 78.91, data load time: 0.00028, step time: 0.00479
epoch: [14], step: [375/391], batch loss: 0.51972, batch accuracy: 82.81, data load time: 0.00027, step time: 0.00481
epoch: [14], step: [385/391], batch loss: 0.55703, batch accuracy: 82.81, data load time: 0.00027, step time: 0.00481
epoch: [15], step: [4/391], batch loss: 0.42415, batch accuracy: 83.59, data load time: 0.00031, step time: 0.01403
epoch: [15], step: [14/391], batch loss: 0.49446, batch accuracy: 81.25, data load time: 0.00031, step time: 0.02980
epoch: [15], step: [24/391], batch loss: 0.50858, batch accuracy: 85.16, data load time: 0.00044, step time: 0.02977
epoch: [15], step: [34/391], batch loss: 0.47525, batch accuracy: 82.03, data load time: 0.00030, step time: 0.02722
epoch: [15], step: [44/391], batch loss: 0.46133, batch accuracy: 83.59, data load time: 0.00030, step time: 0.02716
epoch: [15], step: [54/391], batch loss: 0.44577, batch accuracy: 84.38, data load time: 0.00030, step time: 0.02722
epoch: [15], step: [64/391], batch loss: 0.51626, batch accuracy: 81.25, data load time: 0.00030, step time: 0.02750
epoch: [15], step: [74/391], batch loss: 0.51478, batch accuracy: 78.91, data load time: 0.00030, step time: 0.02758
epoch: [15], step: [84/391], batch loss: 0.44405, batch accuracy: 85.16, data load time: 0.00030, step time: 0.02753
epoch: [15], step: [94/391], batch loss: 0.38326, batch accuracy: 88.28, data load time: 0.00030, step time: 0.02754
epoch: [15], step: [104/391], batch loss: 0.43659, batch accuracy: 85.94, data load time: 0.00033, step time: 0.02765
epoch: [15], step: [114/391], batch loss: 0.38284, batch accuracy: 87.50, data load time: 0.00031, step time: 0.02758
epoch: [15], step: [124/391], batch loss: 0.35406, batch accuracy: 89.06, data load time: 0.00031, step time: 0.02896
epoch: [15], step: [134/391], batch loss: 0.58720, batch accuracy: 78.91, data load time: 0.00031, step time: 0.02753
epoch: [15], step: [144/391], batch loss: 0.57854, batch accuracy: 79.69, data load time: 0.00032, step time: 0.02760
epoch: [15], step: [154/391], batch loss: 0.35607, batch accuracy: 84.38, data load time: 0.00032, step time: 0.02765
epoch: [15], step: [164/391], batch loss: 0.60202, batch accuracy: 78.12, data load time: 0.00032, step time: 0.02757
epoch: [15], step: [174/391], batch loss: 0.37819, batch accuracy: 85.16, data load time: 0.00031, step time: 0.02733
epoch: [15], step: [184/391], batch loss: 0.55021, batch accuracy: 75.78, data load time: 0.00031, step time: 0.02719
epoch: [15], step: [194/391], batch loss: 0.50017, batch accuracy: 82.03, data load time: 0.00031, step time: 0.02733
epoch: [15], step: [204/391], batch loss: 0.62047, batch accuracy: 79.69, data load time: 0.00031, step time: 0.02727
epoch: [15], step: [214/391], batch loss: 0.50699, batch accuracy: 81.25, data load time: 0.00031, step time: 0.02733
epoch: [15], step: [224/391], batch loss: 0.54092, batch accuracy: 81.25, data load time: 0.00031, step time: 0.02728
epoch: [15], step: [234/391], batch loss: 0.48859, batch accuracy: 82.81, data load time: 0.00031, step time: 0.02734
epoch: [15], step: [244/391], batch loss: 0.39939, batch accuracy: 82.81, data load time: 0.00031, step time: 0.02731
epoch: [15], step: [254/391], batch loss: 0.42519, batch accuracy: 85.94, data load time: 0.00031, step time: 0.02733
epoch: [15], step: [264/391], batch loss: 0.34712, batch accuracy: 86.72, data load time: 0.00031, step time: 0.02728
epoch: [15], step: [274/391], batch loss: 0.57905, batch accuracy: 78.91, data load time: 0.00031, step time: 0.02727
epoch: [15], step: [284/391], batch loss: 0.39473, batch accuracy: 90.62, data load time: 0.00032, step time: 0.02732
epoch: [15], step: [294/391], batch loss: 0.42087, batch accuracy: 83.59, data load time: 0.00031, step time: 0.02734
epoch: [15], step: [304/391], batch loss: 0.55286, batch accuracy: 77.34, data load time: 0.00031, step time: 0.02730
epoch: [15], step: [314/391], batch loss: 0.38284, batch accuracy: 85.94, data load time: 0.00031, step time: 0.02736
epoch: [15], step: [324/391], batch loss: 0.52960, batch accuracy: 80.47, data load time: 0.00031, step time: 0.02726
epoch: [15], step: [334/391], batch loss: 0.43895, batch accuracy: 86.72, data load time: 0.00289, step time: 0.01918
epoch: [15], step: [344/391], batch loss: 0.52155, batch accuracy: 82.03, data load time: 0.00027, step time: 0.00479
epoch: [15], step: [354/391], batch loss: 0.55765, batch accuracy: 79.69, data load time: 0.00027, step time: 0.00480
epoch: [15], step: [364/391], batch loss: 0.76882, batch accuracy: 75.00, data load time: 0.00027, step time: 0.00479
epoch: [15], step: [374/391], batch loss: 0.67566, batch accuracy: 78.12, data load time: 0.00027, step time: 0.00479
epoch: [15], step: [384/391], batch loss: 0.47703, batch accuracy: 82.81, data load time: 0.00027, step time: 0.00478
validation loss: 0.64758, accuracy: 77.79
epoch: [16], step: [3/391], batch loss: 0.48227, batch accuracy: 82.03, data load time: 0.00031, step time: 0.00746
epoch: [16], step: [13/391], batch loss: 0.53604, batch accuracy: 79.69, data load time: 0.00031, step time: 0.02937
epoch: [16], step: [23/391], batch loss: 0.36466, batch accuracy: 89.06, data load time: 0.00032, step time: 0.02952
epoch: [16], step: [33/391], batch loss: 0.59782, batch accuracy: 75.78, data load time: 0.00030, step time: 0.02729
epoch: [16], step: [43/391], batch loss: 0.44440, batch accuracy: 84.38, data load time: 0.00030, step time: 0.02723
epoch: [16], step: [53/391], batch loss: 0.34964, batch accuracy: 90.62, data load time: 0.00031, step time: 0.02729
epoch: [16], step: [63/391], batch loss: 0.32627, batch accuracy: 89.06, data load time: 0.00030, step time: 0.02759
epoch: [16], step: [73/391], batch loss: 0.47500, batch accuracy: 81.25, data load time: 0.00030, step time: 0.02754
epoch: [16], step: [83/391], batch loss: 0.54137, batch accuracy: 80.47, data load time: 0.00038, step time: 0.02764
epoch: [16], step: [93/391], batch loss: 0.50055, batch accuracy: 82.03, data load time: 0.00030, step time: 0.02768
epoch: [16], step: [103/391], batch loss: 0.58004, batch accuracy: 78.91, data load time: 0.00032, step time: 0.02760
epoch: [16], step: [113/391], batch loss: 0.41564, batch accuracy: 84.38, data load time: 0.00031, step time: 0.02751
epoch: [16], step: [123/391], batch loss: 0.53224, batch accuracy: 81.25, data load time: 0.00031, step time: 0.02761
epoch: [16], step: [133/391], batch loss: 0.42626, batch accuracy: 85.94, data load time: 0.00032, step time: 0.02758
epoch: [16], step: [143/391], batch loss: 0.50254, batch accuracy: 82.03, data load time: 0.00032, step time: 0.02753
epoch: [16], step: [153/391], batch loss: 0.53205, batch accuracy: 82.81, data load time: 0.00031, step time: 0.02768
epoch: [16], step: [163/391], batch loss: 0.34547, batch accuracy: 90.62, data load time: 0.00031, step time: 0.02770
epoch: [16], step: [173/391], batch loss: 0.38246, batch accuracy: 85.94, data load time: 0.00032, step time: 0.02727
epoch: [16], step: [183/391], batch loss: 0.54483, batch accuracy: 82.03, data load time: 0.00032, step time: 0.02725
epoch: [16], step: [193/391], batch loss: 0.47009, batch accuracy: 82.03, data load time: 0.00031, step time: 0.02733
epoch: [16], step: [203/391], batch loss: 0.42369, batch accuracy: 85.16, data load time: 0.00033, step time: 0.02732
epoch: [16], step: [213/391], batch loss: 0.56763, batch accuracy: 76.56, data load time: 0.00031, step time: 0.02742
epoch: [16], step: [223/391], batch loss: 0.45647, batch accuracy: 85.94, data load time: 0.00031, step time: 0.02742
epoch: [16], step: [233/391], batch loss: 0.48796, batch accuracy: 81.25, data load time: 0.00031, step time: 0.02741
epoch: [16], step: [243/391], batch loss: 0.54511, batch accuracy: 79.69, data load time: 0.00031, step time: 0.02887
epoch: [16], step: [253/391], batch loss: 0.56025, batch accuracy: 82.81, data load time: 0.00032, step time: 0.02731
epoch: [16], step: [263/391], batch loss: 0.59545, batch accuracy: 81.25, data load time: 0.00031, step time: 0.02731
epoch: [16], step: [273/391], batch loss: 0.55416, batch accuracy: 80.47, data load time: 0.00031, step time: 0.02735
epoch: [16], step: [283/391], batch loss: 0.57427, batch accuracy: 78.91, data load time: 0.00032, step time: 0.02731
epoch: [16], step: [293/391], batch loss: 0.38237, batch accuracy: 84.38, data load time: 0.00031, step time: 0.02748
epoch: [16], step: [303/391], batch loss: 0.41385, batch accuracy: 85.16, data load time: 0.00032, step time: 0.02729
epoch: [16], step: [313/391], batch loss: 0.49462, batch accuracy: 79.69, data load time: 0.00031, step time: 0.02733
epoch: [16], step: [323/391], batch loss: 0.46122, batch accuracy: 84.38, data load time: 0.00032, step time: 0.02727
epoch: [16], step: [333/391], batch loss: 0.43738, batch accuracy: 85.94, data load time: 0.00032, step time: 0.02744
epoch: [16], step: [343/391], batch loss: 0.46198, batch accuracy: 80.47, data load time: 0.00027, step time: 0.00479
epoch: [16], step: [353/391], batch loss: 0.49596, batch accuracy: 81.25, data load time: 0.00027, step time: 0.00480
epoch: [16], step: [363/391], batch loss: 0.38748, batch accuracy: 85.94, data load time: 0.00028, step time: 0.00479
epoch: [16], step: [373/391], batch loss: 0.35812, batch accuracy: 85.94, data load time: 0.00027, step time: 0.00479
epoch: [16], step: [383/391], batch loss: 0.49423, batch accuracy: 82.81, data load time: 0.00027, step time: 0.00479
epoch: [17], step: [2/391], batch loss: 0.55464, batch accuracy: 82.03, data load time: 0.00031, step time: 0.02093
epoch: [17], step: [12/391], batch loss: 0.27696, batch accuracy: 90.62, data load time: 0.00031, step time: 0.02973
epoch: [17], step: [22/391], batch loss: 0.41896, batch accuracy: 81.25, data load time: 0.00032, step time: 0.02979
epoch: [17], step: [32/391], batch loss: 0.41504, batch accuracy: 86.72, data load time: 0.00030, step time: 0.02747
epoch: [17], step: [42/391], batch loss: 0.44396, batch accuracy: 84.38, data load time: 0.00030, step time: 0.02747
epoch: [17], step: [52/391], batch loss: 0.40934, batch accuracy: 84.38, data load time: 0.00031, step time: 0.02760
epoch: [17], step: [62/391], batch loss: 0.36690, batch accuracy: 87.50, data load time: 0.00030, step time: 0.02765
epoch: [17], step: [72/391], batch loss: 0.39049, batch accuracy: 82.81, data load time: 0.00030, step time: 0.02753
epoch: [17], step: [82/391], batch loss: 0.48536, batch accuracy: 79.69, data load time: 0.00030, step time: 0.02753
epoch: [17], step: [92/391], batch loss: 0.50080, batch accuracy: 83.59, data load time: 0.00031, step time: 0.02755
epoch: [17], step: [102/391], batch loss: 0.40541, batch accuracy: 82.03, data load time: 0.00031, step time: 0.02756
epoch: [17], step: [112/391], batch loss: 0.44157, batch accuracy: 82.03, data load time: 0.00032, step time: 0.02741
epoch: [17], step: [122/391], batch loss: 0.41444, batch accuracy: 87.50, data load time: 0.00031, step time: 0.02753
epoch: [17], step: [132/391], batch loss: 0.41494, batch accuracy: 86.72, data load time: 0.00032, step time: 0.02758
epoch: [17], step: [142/391], batch loss: 0.56962, batch accuracy: 79.69, data load time: 0.00031, step time: 0.02755
epoch: [17], step: [152/391], batch loss: 0.51500, batch accuracy: 83.59, data load time: 0.00031, step time: 0.02758
epoch: [17], step: [162/391], batch loss: 0.45063, batch accuracy: 83.59, data load time: 0.00031, step time: 0.02763
epoch: [17], step: [172/391], batch loss: 0.38502, batch accuracy: 85.94, data load time: 0.00031, step time: 0.02735
epoch: [17], step: [182/391], batch loss: 0.35846, batch accuracy: 86.72, data load time: 0.00031, step time: 0.02729
epoch: [17], step: [192/391], batch loss: 0.44115, batch accuracy: 82.03, data load time: 0.00032, step time: 0.02742
epoch: [17], step: [202/391], batch loss: 0.39442, batch accuracy: 87.50, data load time: 0.00031, step time: 0.02738
epoch: [17], step: [212/391], batch loss: 0.42836, batch accuracy: 86.72, data load time: 0.00031, step time: 0.02737
epoch: [17], step: [222/391], batch loss: 0.42779, batch accuracy: 82.81, data load time: 0.00031, step time: 0.02729
epoch: [17], step: [232/391], batch loss: 0.42593, batch accuracy: 81.25, data load time: 0.00031, step time: 0.02735
epoch: [17], step: [242/391], batch loss: 0.31290, batch accuracy: 90.62, data load time: 0.00032, step time: 0.02736
epoch: [17], step: [252/391], batch loss: 0.42951, batch accuracy: 85.94, data load time: 0.00031, step time: 0.02717
epoch: [17], step: [262/391], batch loss: 0.57496, batch accuracy: 83.59, data load time: 0.00031, step time: 0.02728
epoch: [17], step: [272/391], batch loss: 0.36571, batch accuracy: 85.94, data load time: 0.00032, step time: 0.02740
epoch: [17], step: [282/391], batch loss: 0.54547, batch accuracy: 81.25, data load time: 0.00032, step time: 0.02733
epoch: [17], step: [292/391], batch loss: 0.33809, batch accuracy: 90.62, data load time: 0.00031, step time: 0.02735
epoch: [17], step: [302/391], batch loss: 0.42881, batch accuracy: 80.47, data load time: 0.00031, step time: 0.02728
epoch: [17], step: [312/391], batch loss: 0.37813, batch accuracy: 88.28, data load time: 0.00032, step time: 0.02734
epoch: [17], step: [322/391], batch loss: 0.38403, batch accuracy: 82.81, data load time: 0.00031, step time: 0.02729
epoch: [17], step: [332/391], batch loss: 0.46937, batch accuracy: 84.38, data load time: 0.00031, step time: 0.02736
epoch: [17], step: [342/391], batch loss: 0.47506, batch accuracy: 86.72, data load time: 0.00027, step time: 0.00515
epoch: [17], step: [352/391], batch loss: 0.42434, batch accuracy: 82.81, data load time: 0.00027, step time: 0.00516
epoch: [17], step: [362/391], batch loss: 0.56382, batch accuracy: 81.25, data load time: 0.00027, step time: 0.00515
epoch: [17], step: [372/391], batch loss: 0.44685, batch accuracy: 84.38, data load time: 0.00028, step time: 0.00485
epoch: [17], step: [382/391], batch loss: 0.40844, batch accuracy: 85.94, data load time: 0.00027, step time: 0.00486
validation loss: 0.65652, accuracy: 77.31
epoch: [18], step: [1/391], batch loss: 0.34905, batch accuracy: 85.94, data load time: 0.00035, step time: 0.00803
epoch: [18], step: [11/391], batch loss: 0.40419, batch accuracy: 85.94, data load time: 0.00032, step time: 0.02981
epoch: [18], step: [21/391], batch loss: 0.54635, batch accuracy: 79.69, data load time: 0.00031, step time: 0.02937
epoch: [18], step: [31/391], batch loss: 0.44504, batch accuracy: 82.81, data load time: 0.00030, step time: 0.02723
epoch: [18], step: [41/391], batch loss: 0.38381, batch accuracy: 85.94, data load time: 0.00030, step time: 0.02716
epoch: [18], step: [51/391], batch loss: 0.36302, batch accuracy: 88.28, data load time: 0.00032, step time: 0.02727
epoch: [18], step: [61/391], batch loss: 0.45776, batch accuracy: 82.81, data load time: 0.00032, step time: 0.02755
epoch: [18], step: [71/391], batch loss: 0.34488, batch accuracy: 89.06, data load time: 0.00031, step time: 0.02759
epoch: [18], step: [81/391], batch loss: 0.41942, batch accuracy: 85.16, data load time: 0.00031, step time: 0.02759
epoch: [18], step: [91/391], batch loss: 0.42037, batch accuracy: 84.38, data load time: 0.00031, step time: 0.02753
epoch: [18], step: [101/391], batch loss: 0.48261, batch accuracy: 83.59, data load time: 0.00033, step time: 0.02762
epoch: [18], step: [111/391], batch loss: 0.37842, batch accuracy: 89.84, data load time: 0.00032, step time: 0.02755
epoch: [18], step: [121/391], batch loss: 0.45741, batch accuracy: 82.81, data load time: 0.00032, step time: 0.02761
epoch: [18], step: [131/391], batch loss: 0.48893, batch accuracy: 82.81, data load time: 0.00032, step time: 0.02877
epoch: [18], step: [141/391], batch loss: 0.41167, batch accuracy: 82.81, data load time: 0.00032, step time: 0.02780
epoch: [18], step: [151/391], batch loss: 0.44436, batch accuracy: 85.16, data load time: 0.00032, step time: 0.02770
epoch: [18], step: [161/391], batch loss: 0.31240, batch accuracy: 90.62, data load time: 0.00033, step time: 0.02768
epoch: [18], step: [171/391], batch loss: 0.41840, batch accuracy: 86.72, data load time: 0.00032, step time: 0.02735
epoch: [18], step: [181/391], batch loss: 0.45974, batch accuracy: 85.16, data load time: 0.00033, step time: 0.02737
epoch: [18], step: [191/391], batch loss: 0.44867, batch accuracy: 85.94, data load time: 0.00032, step time: 0.02733
epoch: [18], step: [201/391], batch loss: 0.31588, batch accuracy: 87.50, data load time: 0.00032, step time: 0.02730
epoch: [18], step: [211/391], batch loss: 0.49725, batch accuracy: 82.03, data load time: 0.00032, step time: 0.02731
epoch: [18], step: [221/391], batch loss: 0.26782, batch accuracy: 93.75, data load time: 0.00033, step time: 0.02738
epoch: [18], step: [231/391], batch loss: 0.45668, batch accuracy: 84.38, data load time: 0.00033, step time: 0.02731
epoch: [18], step: [241/391], batch loss: 0.40314, batch accuracy: 84.38, data load time: 0.00032, step time: 0.02739
epoch: [18], step: [251/391], batch loss: 0.41981, batch accuracy: 82.81, data load time: 0.00032, step time: 0.02740
epoch: [18], step: [261/391], batch loss: 0.47225, batch accuracy: 80.47, data load time: 0.00032, step time: 0.02734
epoch: [18], step: [271/391], batch loss: 0.42687, batch accuracy: 84.38, data load time: 0.00032, step time: 0.02735
epoch: [18], step: [281/391], batch loss: 0.33360, batch accuracy: 87.50, data load time: 0.00032, step time: 0.02729
epoch: [18], step: [291/391], batch loss: 0.38864, batch accuracy: 88.28, data load time: 0.00033, step time: 0.02736
epoch: [18], step: [301/391], batch loss: 0.40573, batch accuracy: 86.72, data load time: 0.00032, step time: 0.02734
epoch: [18], step: [311/391], batch loss: 0.61520, batch accuracy: 78.91, data load time: 0.00032, step time: 0.02737
epoch: [18], step: [321/391], batch loss: 0.42897, batch accuracy: 84.38, data load time: 0.00033, step time: 0.02735
epoch: [18], step: [331/391], batch loss: 0.42444, batch accuracy: 82.81, data load time: 0.00033, step time: 0.02742
epoch: [18], step: [341/391], batch loss: 0.49082, batch accuracy: 85.16, data load time: 0.00027, step time: 0.00481
epoch: [18], step: [351/391], batch loss: 0.46821, batch accuracy: 83.59, data load time: 0.00027, step time: 0.00479
epoch: [18], step: [361/391], batch loss: 0.48271, batch accuracy: 85.94, data load time: 0.00027, step time: 0.00480
epoch: [18], step: [371/391], batch loss: 0.35946, batch accuracy: 88.28, data load time: 0.00027, step time: 0.00480
epoch: [18], step: [381/391], batch loss: 0.44457, batch accuracy: 84.38, data load time: 0.00027, step time: 0.00478
epoch: [19], step: [0/391], batch loss: 0.43427, batch accuracy: 86.72, data load time: 1.69411, step time: 0.59987
epoch: [19], step: [10/391], batch loss: 0.49072, batch accuracy: 81.25, data load time: 0.00032, step time: 0.02920
epoch: [19], step: [20/391], batch loss: 0.44503, batch accuracy: 86.72, data load time: 0.00031, step time: 0.02781
epoch: [19], step: [30/391], batch loss: 0.49274, batch accuracy: 82.03, data load time: 0.00030, step time: 0.02706
epoch: [19], step: [40/391], batch loss: 0.32212, batch accuracy: 88.28, data load time: 0.00030, step time: 0.02724
epoch: [19], step: [50/391], batch loss: 0.45095, batch accuracy: 84.38, data load time: 0.00030, step time: 0.02731
epoch: [19], step: [60/391], batch loss: 0.53427, batch accuracy: 84.38, data load time: 0.00030, step time: 0.07093
epoch: [19], step: [70/391], batch loss: 0.43510, batch accuracy: 83.59, data load time: 0.00030, step time: 0.02759
epoch: [19], step: [80/391], batch loss: 0.44093, batch accuracy: 85.16, data load time: 0.00030, step time: 0.02753
epoch: [19], step: [90/391], batch loss: 0.36632, batch accuracy: 85.94, data load time: 0.00030, step time: 0.02764
epoch: [19], step: [100/391], batch loss: 0.36263, batch accuracy: 86.72, data load time: 0.00031, step time: 0.02767
epoch: [19], step: [110/391], batch loss: 0.52423, batch accuracy: 83.59, data load time: 0.00031, step time: 0.02769
epoch: [19], step: [120/391], batch loss: 0.48044, batch accuracy: 81.25, data load time: 0.00031, step time: 0.02755
epoch: [19], step: [130/391], batch loss: 0.54511, batch accuracy: 81.25, data load time: 0.00031, step time: 0.02769
epoch: [19], step: [140/391], batch loss: 0.60733, batch accuracy: 80.47, data load time: 0.00031, step time: 0.02755
epoch: [19], step: [150/391], batch loss: 0.42534, batch accuracy: 88.28, data load time: 0.00031, step time: 0.02760
epoch: [19], step: [160/391], batch loss: 0.34806, batch accuracy: 88.28, data load time: 0.00031, step time: 0.02753
epoch: [19], step: [170/391], batch loss: 0.38169, batch accuracy: 85.16, data load time: 0.00032, step time: 0.02740
epoch: [19], step: [180/391], batch loss: 0.44830, batch accuracy: 83.59, data load time: 0.00031, step time: 0.02748
epoch: [19], step: [190/391], batch loss: 0.42048, batch accuracy: 82.03, data load time: 0.00032, step time: 0.02736
epoch: [19], step: [200/391], batch loss: 0.29272, batch accuracy: 90.62, data load time: 0.00032, step time: 0.02740
epoch: [19], step: [210/391], batch loss: 0.28746, batch accuracy: 87.50, data load time: 0.00031, step time: 0.02737
epoch: [19], step: [220/391], batch loss: 0.27005, batch accuracy: 87.50, data load time: 0.00031, step time: 0.02734
epoch: [19], step: [230/391], batch loss: 0.38927, batch accuracy: 85.94, data load time: 0.00031, step time: 0.02741
epoch: [19], step: [240/391], batch loss: 0.41466, batch accuracy: 86.72, data load time: 0.00031, step time: 0.02742
epoch: [19], step: [250/391], batch loss: 0.28504, batch accuracy: 89.06, data load time: 0.00031, step time: 0.02744
epoch: [19], step: [260/391], batch loss: 0.43201, batch accuracy: 86.72, data load time: 0.00031, step time: 0.02735
epoch: [19], step: [270/391], batch loss: 0.52002, batch accuracy: 83.59, data load time: 0.00032, step time: 0.02750
epoch: [19], step: [280/391], batch loss: 0.52721, batch accuracy: 80.47, data load time: 0.00031, step time: 0.02734
epoch: [19], step: [290/391], batch loss: 0.44994, batch accuracy: 83.59, data load time: 0.00032, step time: 0.02739
epoch: [19], step: [300/391], batch loss: 0.61473, batch accuracy: 81.25, data load time: 0.00031, step time: 0.02734
epoch: [19], step: [310/391], batch loss: 0.37145, batch accuracy: 89.84, data load time: 0.00031, step time: 0.02742
epoch: [19], step: [320/391], batch loss: 0.48592, batch accuracy: 82.81, data load time: 0.00032, step time: 0.02739
epoch: [19], step: [330/391], batch loss: 0.42631, batch accuracy: 85.16, data load time: 0.00032, step time: 0.02744
epoch: [19], step: [340/391], batch loss: 0.43763, batch accuracy: 82.81, data load time: 0.00027, step time: 0.00480
epoch: [19], step: [350/391], batch loss: 0.43294, batch accuracy: 82.81, data load time: 0.00027, step time: 0.00481
epoch: [19], step: [360/391], batch loss: 0.28099, batch accuracy: 92.19, data load time: 0.00027, step time: 0.00480
epoch: [19], step: [370/391], batch loss: 0.40997, batch accuracy: 85.16, data load time: 0.00027, step time: 0.00481
epoch: [19], step: [380/391], batch loss: 0.40008, batch accuracy: 86.72, data load time: 0.00027, step time: 0.00479
epoch: [19], step: [390/391], batch loss: 0.58917, batch accuracy: 77.50, data load time: 0.00021, step time: 0.00436
validation loss: 0.62595, accuracy: 78.93
