Files already downloaded and verified
Writing logs to logs/CNN_bn_bs=128_lr=0.1_momentum=1.8_run_0
/mnt/storage/software/languages/anaconda/Anaconda3.8.8/lib/python3.8/site-packages/torch/utils/data/dataloader.py:563: UserWarning: This DataLoader will create 28 worker processes in total. Our suggested max number of worker in current system is 1, which is smaller than what this DataLoader is going to create. Please be aware that excessive worker creation might get DataLoader running slow or even freeze, lower the worker number to avoid potential slowness/freeze if necessary.
  warnings.warn(_create_warning_msg(
epoch: [0], step: [9/391], batch loss: 31.34434, batch accuracy: 14.84, data load time: 0.00029, step time: 0.02537
epoch: [0], step: [19/391], batch loss: 158253.87500, batch accuracy: 17.19, data load time: 0.00029, step time: 0.02337
epoch: [0], step: [29/391], batch loss: 8744963072.00000, batch accuracy: 18.75, data load time: 0.00028, step time: 0.02350
epoch: [0], step: [39/391], batch loss: 628076086034432.00000, batch accuracy: 28.91, data load time: 0.00028, step time: 0.02346
epoch: [0], step: [49/391], batch loss: nan, batch accuracy: 14.06, data load time: 0.00027, step time: 0.02346
epoch: [0], step: [59/391], batch loss: nan, batch accuracy: 16.41, data load time: 0.00029, step time: 0.02348
epoch: [0], step: [69/391], batch loss: nan, batch accuracy: 12.50, data load time: 0.00029, step time: 0.02350
epoch: [0], step: [79/391], batch loss: nan, batch accuracy: 7.81, data load time: 0.00029, step time: 0.02343
epoch: [0], step: [89/391], batch loss: nan, batch accuracy: 12.50, data load time: 0.00030, step time: 0.02336
epoch: [0], step: [99/391], batch loss: nan, batch accuracy: 10.94, data load time: 0.00029, step time: 0.02334
epoch: [0], step: [109/391], batch loss: nan, batch accuracy: 7.81, data load time: 0.00029, step time: 0.02312
epoch: [0], step: [119/391], batch loss: nan, batch accuracy: 10.94, data load time: 0.00029, step time: 0.02299
epoch: [0], step: [129/391], batch loss: nan, batch accuracy: 7.81, data load time: 0.00029, step time: 0.02299
epoch: [0], step: [139/391], batch loss: nan, batch accuracy: 8.59, data load time: 0.00029, step time: 0.02308
epoch: [0], step: [149/391], batch loss: nan, batch accuracy: 12.50, data load time: 0.00030, step time: 0.02307
epoch: [0], step: [159/391], batch loss: nan, batch accuracy: 8.59, data load time: 0.00029, step time: 0.02310
epoch: [0], step: [169/391], batch loss: nan, batch accuracy: 8.59, data load time: 0.00029, step time: 0.02289
epoch: [0], step: [179/391], batch loss: nan, batch accuracy: 11.72, data load time: 0.00029, step time: 0.02285
epoch: [0], step: [189/391], batch loss: nan, batch accuracy: 10.16, data load time: 0.00029, step time: 0.02283
epoch: [0], step: [199/391], batch loss: nan, batch accuracy: 7.81, data load time: 0.00029, step time: 0.02289
epoch: [0], step: [209/391], batch loss: nan, batch accuracy: 7.81, data load time: 0.00029, step time: 0.02292
epoch: [0], step: [219/391], batch loss: nan, batch accuracy: 11.72, data load time: 0.00029, step time: 0.02284
epoch: [0], step: [229/391], batch loss: nan, batch accuracy: 10.94, data load time: 0.00029, step time: 0.02289
epoch: [0], step: [239/391], batch loss: nan, batch accuracy: 9.38, data load time: 0.00030, step time: 0.02304
epoch: [0], step: [249/391], batch loss: nan, batch accuracy: 10.94, data load time: 0.00029, step time: 0.02295
epoch: [0], step: [259/391], batch loss: nan, batch accuracy: 13.28, data load time: 0.00029, step time: 0.02285
epoch: [0], step: [269/391], batch loss: nan, batch accuracy: 8.59, data load time: 0.00030, step time: 0.02280
epoch: [0], step: [279/391], batch loss: nan, batch accuracy: 7.03, data load time: 0.00029, step time: 0.02297
epoch: [0], step: [289/391], batch loss: nan, batch accuracy: 10.94, data load time: 0.00030, step time: 0.02290
epoch: [0], step: [299/391], batch loss: nan, batch accuracy: 12.50, data load time: 0.00030, step time: 0.02289
epoch: [0], step: [309/391], batch loss: nan, batch accuracy: 4.69, data load time: 0.00029, step time: 0.02285
epoch: [0], step: [319/391], batch loss: nan, batch accuracy: 5.47, data load time: 0.00030, step time: 0.02293
epoch: [0], step: [329/391], batch loss: nan, batch accuracy: 9.38, data load time: 0.00030, step time: 0.02292
epoch: [0], step: [339/391], batch loss: nan, batch accuracy: 10.16, data load time: 0.00025, step time: 0.00503
epoch: [0], step: [349/391], batch loss: nan, batch accuracy: 6.25, data load time: 0.00025, step time: 0.00503
epoch: [0], step: [359/391], batch loss: nan, batch accuracy: 8.59, data load time: 0.00025, step time: 0.00501
epoch: [0], step: [369/391], batch loss: nan, batch accuracy: 10.16, data load time: 0.00025, step time: 0.00473
epoch: [0], step: [379/391], batch loss: nan, batch accuracy: 6.25, data load time: 0.00024, step time: 0.00473
epoch: [0], step: [389/391], batch loss: nan, batch accuracy: 5.47, data load time: 0.00025, step time: 0.00470
epoch: [1], step: [8/391], batch loss: nan, batch accuracy: 4.69, data load time: 0.00029, step time: 0.02355
epoch: [1], step: [18/391], batch loss: nan, batch accuracy: 10.16, data load time: 0.00029, step time: 0.02361
epoch: [1], step: [28/391], batch loss: nan, batch accuracy: 9.38, data load time: 0.00028, step time: 0.02364
epoch: [1], step: [38/391], batch loss: nan, batch accuracy: 10.94, data load time: 0.00028, step time: 0.02366
epoch: [1], step: [48/391], batch loss: nan, batch accuracy: 11.72, data load time: 0.00028, step time: 0.02375
epoch: [1], step: [58/391], batch loss: nan, batch accuracy: 9.38, data load time: 0.00028, step time: 0.02370
epoch: [1], step: [68/391], batch loss: nan, batch accuracy: 5.47, data load time: 0.00028, step time: 0.02346
epoch: [1], step: [78/391], batch loss: nan, batch accuracy: 14.84, data load time: 0.00028, step time: 0.02338
epoch: [1], step: [88/391], batch loss: nan, batch accuracy: 9.38, data load time: 0.00029, step time: 0.02318
epoch: [1], step: [98/391], batch loss: nan, batch accuracy: 8.59, data load time: 0.00029, step time: 0.02324
epoch: [1], step: [108/391], batch loss: nan, batch accuracy: 6.25, data load time: 0.00029, step time: 0.02390
epoch: [1], step: [118/391], batch loss: nan, batch accuracy: 7.03, data load time: 0.00029, step time: 0.02305
epoch: [1], step: [128/391], batch loss: nan, batch accuracy: 7.03, data load time: 0.00029, step time: 0.02308
epoch: [1], step: [138/391], batch loss: nan, batch accuracy: 14.06, data load time: 0.00029, step time: 0.02328
epoch: [1], step: [148/391], batch loss: nan, batch accuracy: 6.25, data load time: 0.00029, step time: 0.02329
epoch: [1], step: [158/391], batch loss: nan, batch accuracy: 10.94, data load time: 0.00029, step time: 0.02314
epoch: [1], step: [168/391], batch loss: nan, batch accuracy: 5.47, data load time: 0.00029, step time: 0.02296
epoch: [1], step: [178/391], batch loss: nan, batch accuracy: 8.59, data load time: 0.00029, step time: 0.02300
epoch: [1], step: [188/391], batch loss: nan, batch accuracy: 8.59, data load time: 0.00028, step time: 0.02296
epoch: [1], step: [198/391], batch loss: nan, batch accuracy: 14.84, data load time: 0.00029, step time: 0.02303
epoch: [1], step: [208/391], batch loss: nan, batch accuracy: 7.81, data load time: 0.00030, step time: 0.02292
epoch: [1], step: [218/391], batch loss: nan, batch accuracy: 13.28, data load time: 0.00029, step time: 0.02295
epoch: [1], step: [228/391], batch loss: nan, batch accuracy: 10.16, data load time: 0.00029, step time: 0.02297
epoch: [1], step: [238/391], batch loss: nan, batch accuracy: 13.28, data load time: 0.00030, step time: 0.02309
epoch: [1], step: [248/391], batch loss: nan, batch accuracy: 8.59, data load time: 0.00029, step time: 0.02295
epoch: [1], step: [258/391], batch loss: nan, batch accuracy: 9.38, data load time: 0.00030, step time: 0.02295
epoch: [1], step: [268/391], batch loss: nan, batch accuracy: 7.81, data load time: 0.00029, step time: 0.02295
epoch: [1], step: [278/391], batch loss: nan, batch accuracy: 14.06, data load time: 0.00029, step time: 0.02299
epoch: [1], step: [288/391], batch loss: nan, batch accuracy: 7.03, data load time: 0.00029, step time: 0.02306
epoch: [1], step: [298/391], batch loss: nan, batch accuracy: 11.72, data load time: 0.00029, step time: 0.02302
epoch: [1], step: [308/391], batch loss: nan, batch accuracy: 10.94, data load time: 0.00030, step time: 0.02299
epoch: [1], step: [318/391], batch loss: nan, batch accuracy: 8.59, data load time: 0.00029, step time: 0.02297
epoch: [1], step: [328/391], batch loss: nan, batch accuracy: 9.38, data load time: 0.00029, step time: 0.02297
epoch: [1], step: [338/391], batch loss: nan, batch accuracy: 10.16, data load time: 0.00025, step time: 0.00503
epoch: [1], step: [348/391], batch loss: nan, batch accuracy: 8.59, data load time: 0.00025, step time: 0.00503
epoch: [1], step: [358/391], batch loss: nan, batch accuracy: 14.06, data load time: 0.00025, step time: 0.00501
epoch: [1], step: [368/391], batch loss: nan, batch accuracy: 10.16, data load time: 0.00025, step time: 0.00475
epoch: [1], step: [378/391], batch loss: nan, batch accuracy: 5.47, data load time: 0.00025, step time: 0.00473
epoch: [1], step: [388/391], batch loss: nan, batch accuracy: 8.59, data load time: 0.00024, step time: 0.00470
validation loss: nan, accuracy: 10.00
epoch: [2], step: [7/391], batch loss: nan, batch accuracy: 10.16, data load time: 0.00030, step time: 0.15839
epoch: [2], step: [17/391], batch loss: nan, batch accuracy: 14.06, data load time: 0.00030, step time: 0.02337
epoch: [2], step: [27/391], batch loss: nan, batch accuracy: 8.59, data load time: 0.00027, step time: 0.00469
epoch: [2], step: [37/391], batch loss: nan, batch accuracy: 7.03, data load time: 0.00029, step time: 0.02345
epoch: [2], step: [47/391], batch loss: nan, batch accuracy: 11.72, data load time: 0.00028, step time: 0.02358
epoch: [2], step: [57/391], batch loss: nan, batch accuracy: 11.72, data load time: 0.00028, step time: 0.02358
epoch: [2], step: [67/391], batch loss: nan, batch accuracy: 12.50, data load time: 0.00028, step time: 0.02326
epoch: [2], step: [77/391], batch loss: nan, batch accuracy: 8.59, data load time: 0.00028, step time: 0.02330
epoch: [2], step: [87/391], batch loss: nan, batch accuracy: 14.06, data load time: 0.00028, step time: 0.02339
epoch: [2], step: [97/391], batch loss: nan, batch accuracy: 8.59, data load time: 0.00028, step time: 0.02316
epoch: [2], step: [107/391], batch loss: nan, batch accuracy: 11.72, data load time: 0.00029, step time: 0.02411
epoch: [2], step: [117/391], batch loss: nan, batch accuracy: 7.81, data load time: 0.00029, step time: 0.02321
epoch: [2], step: [127/391], batch loss: nan, batch accuracy: 7.81, data load time: 0.00029, step time: 0.02324
epoch: [2], step: [137/391], batch loss: nan, batch accuracy: 15.62, data load time: 0.00029, step time: 0.02321
epoch: [2], step: [147/391], batch loss: nan, batch accuracy: 3.91, data load time: 0.00029, step time: 0.02317
epoch: [2], step: [157/391], batch loss: nan, batch accuracy: 9.38, data load time: 0.00029, step time: 0.02316
epoch: [2], step: [167/391], batch loss: nan, batch accuracy: 7.03, data load time: 0.00029, step time: 0.02315
epoch: [2], step: [177/391], batch loss: nan, batch accuracy: 4.69, data load time: 0.00029, step time: 0.02309
epoch: [2], step: [187/391], batch loss: nan, batch accuracy: 12.50, data load time: 0.00029, step time: 0.02512
epoch: [2], step: [197/391], batch loss: nan, batch accuracy: 11.72, data load time: 0.00029, step time: 0.02299
epoch: [2], step: [207/391], batch loss: nan, batch accuracy: 7.03, data load time: 0.00030, step time: 0.02306
epoch: [2], step: [217/391], batch loss: nan, batch accuracy: 11.72, data load time: 0.00029, step time: 0.02299
epoch: [2], step: [227/391], batch loss: nan, batch accuracy: 11.72, data load time: 0.00028, step time: 0.02301
epoch: [2], step: [237/391], batch loss: nan, batch accuracy: 9.38, data load time: 0.00029, step time: 0.02303
epoch: [2], step: [247/391], batch loss: nan, batch accuracy: 9.38, data load time: 0.00029, step time: 0.02331
epoch: [2], step: [257/391], batch loss: nan, batch accuracy: 14.06, data load time: 0.00029, step time: 0.02304
epoch: [2], step: [267/391], batch loss: nan, batch accuracy: 8.59, data load time: 0.00029, step time: 0.02301
epoch: [2], step: [277/391], batch loss: nan, batch accuracy: 10.94, data load time: 0.00029, step time: 0.02304
epoch: [2], step: [287/391], batch loss: nan, batch accuracy: 9.38, data load time: 0.00030, step time: 0.02301
epoch: [2], step: [297/391], batch loss: nan, batch accuracy: 9.38, data load time: 0.00029, step time: 0.02305
epoch: [2], step: [307/391], batch loss: nan, batch accuracy: 10.16, data load time: 0.00029, step time: 0.02299
epoch: [2], step: [317/391], batch loss: nan, batch accuracy: 7.81, data load time: 0.00030, step time: 0.02306
epoch: [2], step: [327/391], batch loss: nan, batch accuracy: 11.72, data load time: 0.00029, step time: 0.02301
epoch: [2], step: [337/391], batch loss: nan, batch accuracy: 10.94, data load time: 0.00025, step time: 0.00469
epoch: [2], step: [347/391], batch loss: nan, batch accuracy: 12.50, data load time: 0.00025, step time: 0.00469
epoch: [2], step: [357/391], batch loss: nan, batch accuracy: 8.59, data load time: 0.00025, step time: 0.00469
epoch: [2], step: [367/391], batch loss: nan, batch accuracy: 10.16, data load time: 0.00025, step time: 0.00470
epoch: [2], step: [377/391], batch loss: nan, batch accuracy: 9.38, data load time: 0.00025, step time: 0.00470
epoch: [2], step: [387/391], batch loss: nan, batch accuracy: 8.59, data load time: 0.00025, step time: 0.00470
epoch: [3], step: [6/391], batch loss: nan, batch accuracy: 14.84, data load time: 0.00030, step time: 0.00467
epoch: [3], step: [16/391], batch loss: nan, batch accuracy: 12.50, data load time: 0.00029, step time: 0.02499
epoch: [3], step: [26/391], batch loss: nan, batch accuracy: 9.38, data load time: 0.02638, step time: 0.02101
epoch: [3], step: [36/391], batch loss: nan, batch accuracy: 7.81, data load time: 0.00028, step time: 0.02343
epoch: [3], step: [46/391], batch loss: nan, batch accuracy: 8.59, data load time: 0.00028, step time: 0.02361
epoch: [3], step: [56/391], batch loss: nan, batch accuracy: 9.38, data load time: 0.00028, step time: 0.02349
epoch: [3], step: [66/391], batch loss: nan, batch accuracy: 7.81, data load time: 0.00028, step time: 0.02337
epoch: [3], step: [76/391], batch loss: nan, batch accuracy: 11.72, data load time: 0.00027, step time: 0.02337
epoch: [3], step: [86/391], batch loss: nan, batch accuracy: 10.94, data load time: 0.00028, step time: 0.02327
epoch: [3], step: [96/391], batch loss: nan, batch accuracy: 6.25, data load time: 0.00029, step time: 0.02331
epoch: [3], step: [106/391], batch loss: nan, batch accuracy: 3.91, data load time: 0.00030, step time: 0.02326
epoch: [3], step: [116/391], batch loss: nan, batch accuracy: 12.50, data load time: 0.00030, step time: 0.02326
epoch: [3], step: [126/391], batch loss: nan, batch accuracy: 8.59, data load time: 0.00029, step time: 0.02348
epoch: [3], step: [136/391], batch loss: nan, batch accuracy: 10.16, data load time: 0.00029, step time: 0.02317
epoch: [3], step: [146/391], batch loss: nan, batch accuracy: 10.94, data load time: 0.00029, step time: 0.02466
epoch: [3], step: [156/391], batch loss: nan, batch accuracy: 7.81, data load time: 0.00029, step time: 0.02327
epoch: [3], step: [166/391], batch loss: nan, batch accuracy: 9.38, data load time: 0.00029, step time: 0.02314
epoch: [3], step: [176/391], batch loss: nan, batch accuracy: 7.03, data load time: 0.00029, step time: 0.02304
epoch: [3], step: [186/391], batch loss: nan, batch accuracy: 10.94, data load time: 0.00029, step time: 0.02311
epoch: [3], step: [196/391], batch loss: nan, batch accuracy: 10.16, data load time: 0.00029, step time: 0.02303
epoch: [3], step: [206/391], batch loss: nan, batch accuracy: 7.03, data load time: 0.00029, step time: 0.02306
epoch: [3], step: [216/391], batch loss: nan, batch accuracy: 7.81, data load time: 0.00029, step time: 0.02304
epoch: [3], step: [226/391], batch loss: nan, batch accuracy: 6.25, data load time: 0.00029, step time: 0.02309
epoch: [3], step: [236/391], batch loss: nan, batch accuracy: 10.94, data load time: 0.00029, step time: 0.02313
epoch: [3], step: [246/391], batch loss: nan, batch accuracy: 8.59, data load time: 0.00029, step time: 0.02308
epoch: [3], step: [256/391], batch loss: nan, batch accuracy: 8.59, data load time: 0.00029, step time: 0.02300
epoch: [3], step: [266/391], batch loss: nan, batch accuracy: 7.03, data load time: 0.00029, step time: 0.02316
epoch: [3], step: [276/391], batch loss: nan, batch accuracy: 10.16, data load time: 0.00029, step time: 0.02296
epoch: [3], step: [286/391], batch loss: nan, batch accuracy: 11.72, data load time: 0.00029, step time: 0.02317
epoch: [3], step: [296/391], batch loss: nan, batch accuracy: 12.50, data load time: 0.00029, step time: 0.02310
epoch: [3], step: [306/391], batch loss: nan, batch accuracy: 10.16, data load time: 0.00029, step time: 0.02303
epoch: [3], step: [316/391], batch loss: nan, batch accuracy: 14.84, data load time: 0.00030, step time: 0.02496
epoch: [3], step: [326/391], batch loss: nan, batch accuracy: 15.62, data load time: 0.00029, step time: 0.02310
epoch: [3], step: [336/391], batch loss: nan, batch accuracy: 11.72, data load time: 0.00025, step time: 0.00468
epoch: [3], step: [346/391], batch loss: nan, batch accuracy: 9.38, data load time: 0.00025, step time: 0.00469
epoch: [3], step: [356/391], batch loss: nan, batch accuracy: 6.25, data load time: 0.00024, step time: 0.00469
epoch: [3], step: [366/391], batch loss: nan, batch accuracy: 8.59, data load time: 0.00025, step time: 0.00469
epoch: [3], step: [376/391], batch loss: nan, batch accuracy: 10.94, data load time: 0.00025, step time: 0.00470
epoch: [3], step: [386/391], batch loss: nan, batch accuracy: 10.94, data load time: 0.00025, step time: 0.00469
validation loss: nan, accuracy: 10.00
epoch: [4], step: [5/391], batch loss: nan, batch accuracy: 15.62, data load time: 0.00030, step time: 0.00468
epoch: [4], step: [15/391], batch loss: nan, batch accuracy: 11.72, data load time: 0.00030, step time: 0.02654
epoch: [4], step: [25/391], batch loss: nan, batch accuracy: 10.16, data load time: 0.07740, step time: 0.02368
epoch: [4], step: [35/391], batch loss: nan, batch accuracy: 10.94, data load time: 0.00028, step time: 0.02352
epoch: [4], step: [45/391], batch loss: nan, batch accuracy: 6.25, data load time: 0.00028, step time: 0.02357
epoch: [4], step: [55/391], batch loss: nan, batch accuracy: 7.03, data load time: 0.02321, step time: 0.02372
epoch: [4], step: [65/391], batch loss: nan, batch accuracy: 11.72, data load time: 0.00028, step time: 0.02332
epoch: [4], step: [75/391], batch loss: nan, batch accuracy: 9.38, data load time: 0.00028, step time: 0.02329
epoch: [4], step: [85/391], batch loss: nan, batch accuracy: 13.28, data load time: 0.00027, step time: 0.02326
epoch: [4], step: [95/391], batch loss: nan, batch accuracy: 8.59, data load time: 0.00029, step time: 0.02327
epoch: [4], step: [105/391], batch loss: nan, batch accuracy: 12.50, data load time: 0.00030, step time: 0.02325
epoch: [4], step: [115/391], batch loss: nan, batch accuracy: 9.38, data load time: 0.00029, step time: 0.02442
epoch: [4], step: [125/391], batch loss: nan, batch accuracy: 10.94, data load time: 0.00029, step time: 0.02431
epoch: [4], step: [135/391], batch loss: nan, batch accuracy: 10.94, data load time: 0.00029, step time: 0.02426
epoch: [4], step: [145/391], batch loss: nan, batch accuracy: 3.91, data load time: 0.00029, step time: 0.02319
epoch: [4], step: [155/391], batch loss: nan, batch accuracy: 8.59, data load time: 0.00030, step time: 0.02330
epoch: [4], step: [165/391], batch loss: nan, batch accuracy: 9.38, data load time: 0.00029, step time: 0.02335
epoch: [4], step: [175/391], batch loss: nan, batch accuracy: 10.94, data load time: 0.00029, step time: 0.02304
epoch: [4], step: [185/391], batch loss: nan, batch accuracy: 7.81, data load time: 0.00029, step time: 0.02308
epoch: [4], step: [195/391], batch loss: nan, batch accuracy: 14.84, data load time: 0.00030, step time: 0.02327
epoch: [4], step: [205/391], batch loss: nan, batch accuracy: 7.81, data load time: 0.00029, step time: 0.02307
epoch: [4], step: [215/391], batch loss: nan, batch accuracy: 12.50, data load time: 0.00030, step time: 0.02307
epoch: [4], step: [225/391], batch loss: nan, batch accuracy: 6.25, data load time: 0.00029, step time: 0.02504
epoch: [4], step: [235/391], batch loss: nan, batch accuracy: 14.06, data load time: 0.00030, step time: 0.02312
epoch: [4], step: [245/391], batch loss: nan, batch accuracy: 9.38, data load time: 0.00029, step time: 0.02321
epoch: [4], step: [255/391], batch loss: nan, batch accuracy: 9.38, data load time: 0.00030, step time: 0.02310
epoch: [4], step: [265/391], batch loss: nan, batch accuracy: 12.50, data load time: 0.00029, step time: 0.02311
epoch: [4], step: [275/391], batch loss: nan, batch accuracy: 9.38, data load time: 0.00029, step time: 0.02306
epoch: [4], step: [285/391], batch loss: nan, batch accuracy: 6.25, data load time: 0.00029, step time: 0.02303
epoch: [4], step: [295/391], batch loss: nan, batch accuracy: 12.50, data load time: 0.00029, step time: 0.02308
epoch: [4], step: [305/391], batch loss: nan, batch accuracy: 17.19, data load time: 0.00029, step time: 0.02312
epoch: [4], step: [315/391], batch loss: nan, batch accuracy: 9.38, data load time: 0.00029, step time: 0.02305
epoch: [4], step: [325/391], batch loss: nan, batch accuracy: 12.50, data load time: 0.00029, step time: 0.02307
epoch: [4], step: [335/391], batch loss: nan, batch accuracy: 11.72, data load time: 0.00025, step time: 0.00468
epoch: [4], step: [345/391], batch loss: nan, batch accuracy: 9.38, data load time: 0.00025, step time: 0.00468
epoch: [4], step: [355/391], batch loss: nan, batch accuracy: 6.25, data load time: 0.00025, step time: 0.00468
epoch: [4], step: [365/391], batch loss: nan, batch accuracy: 14.06, data load time: 0.00025, step time: 0.00468
epoch: [4], step: [375/391], batch loss: nan, batch accuracy: 7.03, data load time: 0.00025, step time: 0.00468
epoch: [4], step: [385/391], batch loss: nan, batch accuracy: 8.59, data load time: 0.00025, step time: 0.00469
epoch: [5], step: [4/391], batch loss: nan, batch accuracy: 11.72, data load time: 0.00030, step time: 0.00467
epoch: [5], step: [14/391], batch loss: nan, batch accuracy: 9.38, data load time: 0.00029, step time: 0.02409
epoch: [5], step: [24/391], batch loss: nan, batch accuracy: 8.59, data load time: 0.00043, step time: 0.02365
epoch: [5], step: [34/391], batch loss: nan, batch accuracy: 6.25, data load time: 0.00028, step time: 0.02375
epoch: [5], step: [44/391], batch loss: nan, batch accuracy: 10.94, data load time: 0.00028, step time: 0.02386
epoch: [5], step: [54/391], batch loss: nan, batch accuracy: 11.72, data load time: 0.00028, step time: 0.02373
epoch: [5], step: [64/391], batch loss: nan, batch accuracy: 7.81, data load time: 0.00028, step time: 0.02352
epoch: [5], step: [74/391], batch loss: nan, batch accuracy: 11.72, data load time: 0.00027, step time: 0.02351
epoch: [5], step: [84/391], batch loss: nan, batch accuracy: 6.25, data load time: 0.00027, step time: 0.02326
epoch: [5], step: [94/391], batch loss: nan, batch accuracy: 12.50, data load time: 0.00028, step time: 0.02315
epoch: [5], step: [104/391], batch loss: nan, batch accuracy: 14.06, data load time: 0.00029, step time: 0.02316
epoch: [5], step: [114/391], batch loss: nan, batch accuracy: 7.03, data load time: 0.00029, step time: 0.02306
epoch: [5], step: [124/391], batch loss: nan, batch accuracy: 10.16, data load time: 0.00029, step time: 0.02343
epoch: [5], step: [134/391], batch loss: nan, batch accuracy: 11.72, data load time: 0.00030, step time: 0.02316
epoch: [5], step: [144/391], batch loss: nan, batch accuracy: 10.16, data load time: 0.00029, step time: 0.02321
epoch: [5], step: [154/391], batch loss: nan, batch accuracy: 10.94, data load time: 0.00029, step time: 0.02323
epoch: [5], step: [164/391], batch loss: nan, batch accuracy: 5.47, data load time: 0.00029, step time: 0.02320
epoch: [5], step: [174/391], batch loss: nan, batch accuracy: 5.47, data load time: 0.00029, step time: 0.02302
epoch: [5], step: [184/391], batch loss: nan, batch accuracy: 9.38, data load time: 0.00029, step time: 0.02314
epoch: [5], step: [194/391], batch loss: nan, batch accuracy: 10.94, data load time: 0.00029, step time: 0.02301
epoch: [5], step: [204/391], batch loss: nan, batch accuracy: 8.59, data load time: 0.00029, step time: 0.02304
epoch: [5], step: [214/391], batch loss: nan, batch accuracy: 7.81, data load time: 0.00029, step time: 0.02309
epoch: [5], step: [224/391], batch loss: nan, batch accuracy: 7.81, data load time: 0.00029, step time: 0.02297
epoch: [5], step: [234/391], batch loss: nan, batch accuracy: 11.72, data load time: 0.00029, step time: 0.02301
epoch: [5], step: [244/391], batch loss: nan, batch accuracy: 8.59, data load time: 0.00029, step time: 0.02305
epoch: [5], step: [254/391], batch loss: nan, batch accuracy: 10.16, data load time: 0.00029, step time: 0.02297
epoch: [5], step: [264/391], batch loss: nan, batch accuracy: 7.81, data load time: 0.00030, step time: 0.02299
epoch: [5], step: [274/391], batch loss: nan, batch accuracy: 9.38, data load time: 0.00029, step time: 0.02306
epoch: [5], step: [284/391], batch loss: nan, batch accuracy: 8.59, data load time: 0.00029, step time: 0.02305
epoch: [5], step: [294/391], batch loss: nan, batch accuracy: 11.72, data load time: 0.00029, step time: 0.02307
epoch: [5], step: [304/391], batch loss: nan, batch accuracy: 9.38, data load time: 0.00029, step time: 0.02307
epoch: [5], step: [314/391], batch loss: nan, batch accuracy: 5.47, data load time: 0.00030, step time: 0.02303
epoch: [5], step: [324/391], batch loss: nan, batch accuracy: 13.28, data load time: 0.00029, step time: 0.02304
epoch: [5], step: [334/391], batch loss: nan, batch accuracy: 12.50, data load time: 0.00286, step time: 0.01601
epoch: [5], step: [344/391], batch loss: nan, batch accuracy: 14.06, data load time: 0.00025, step time: 0.00501
epoch: [5], step: [354/391], batch loss: nan, batch accuracy: 7.03, data load time: 0.00025, step time: 0.00503
epoch: [5], step: [364/391], batch loss: nan, batch accuracy: 6.25, data load time: 0.00025, step time: 0.00503
epoch: [5], step: [374/391], batch loss: nan, batch accuracy: 11.72, data load time: 0.00025, step time: 0.00474
epoch: [5], step: [384/391], batch loss: nan, batch accuracy: 11.72, data load time: 0.00025, step time: 0.00472
validation loss: nan, accuracy: 10.00
epoch: [6], step: [3/391], batch loss: nan, batch accuracy: 11.72, data load time: 0.00029, step time: 0.00588
epoch: [6], step: [13/391], batch loss: nan, batch accuracy: 7.81, data load time: 0.00030, step time: 0.02395
epoch: [6], step: [23/391], batch loss: nan, batch accuracy: 7.03, data load time: 0.00029, step time: 0.02390
epoch: [6], step: [33/391], batch loss: nan, batch accuracy: 12.50, data load time: 0.00028, step time: 0.02347
epoch: [6], step: [43/391], batch loss: nan, batch accuracy: 5.47, data load time: 0.00028, step time: 0.02357
epoch: [6], step: [53/391], batch loss: nan, batch accuracy: 8.59, data load time: 0.00028, step time: 0.02358
epoch: [6], step: [63/391], batch loss: nan, batch accuracy: 8.59, data load time: 0.00028, step time: 0.02345
epoch: [6], step: [73/391], batch loss: nan, batch accuracy: 7.81, data load time: 0.00028, step time: 0.02335
epoch: [6], step: [83/391], batch loss: nan, batch accuracy: 15.62, data load time: 0.00035, step time: 0.02338
epoch: [6], step: [93/391], batch loss: nan, batch accuracy: 14.06, data load time: 0.00027, step time: 0.02330
epoch: [6], step: [103/391], batch loss: nan, batch accuracy: 10.16, data load time: 0.00029, step time: 0.02328
epoch: [6], step: [113/391], batch loss: nan, batch accuracy: 14.84, data load time: 0.00029, step time: 0.02429
epoch: [6], step: [123/391], batch loss: nan, batch accuracy: 11.72, data load time: 0.00030, step time: 0.02328
epoch: [6], step: [133/391], batch loss: nan, batch accuracy: 4.69, data load time: 0.00029, step time: 0.02328
epoch: [6], step: [143/391], batch loss: nan, batch accuracy: 9.38, data load time: 0.00029, step time: 0.02323
epoch: [6], step: [153/391], batch loss: nan, batch accuracy: 9.38, data load time: 0.00030, step time: 0.02322
epoch: [6], step: [163/391], batch loss: nan, batch accuracy: 11.72, data load time: 0.00029, step time: 0.02326
epoch: [6], step: [173/391], batch loss: nan, batch accuracy: 13.28, data load time: 0.00030, step time: 0.02305
epoch: [6], step: [183/391], batch loss: nan, batch accuracy: 9.38, data load time: 0.00029, step time: 0.02298
epoch: [6], step: [193/391], batch loss: nan, batch accuracy: 8.59, data load time: 0.00029, step time: 0.02299
epoch: [6], step: [203/391], batch loss: nan, batch accuracy: 10.16, data load time: 0.00029, step time: 0.02305
epoch: [6], step: [213/391], batch loss: nan, batch accuracy: 9.38, data load time: 0.00029, step time: 0.02302
epoch: [6], step: [223/391], batch loss: nan, batch accuracy: 9.38, data load time: 0.00029, step time: 0.02313
epoch: [6], step: [233/391], batch loss: nan, batch accuracy: 14.06, data load time: 0.00029, step time: 0.02305
epoch: [6], step: [243/391], batch loss: nan, batch accuracy: 8.59, data load time: 0.00029, step time: 0.02311
epoch: [6], step: [253/391], batch loss: nan, batch accuracy: 6.25, data load time: 0.00029, step time: 0.02306
epoch: [6], step: [263/391], batch loss: nan, batch accuracy: 8.59, data load time: 0.00029, step time: 0.02301
epoch: [6], step: [273/391], batch loss: nan, batch accuracy: 8.59, data load time: 0.00029, step time: 0.02304
epoch: [6], step: [283/391], batch loss: nan, batch accuracy: 13.28, data load time: 0.00029, step time: 0.02308
epoch: [6], step: [293/391], batch loss: nan, batch accuracy: 4.69, data load time: 0.00029, step time: 0.02305
epoch: [6], step: [303/391], batch loss: nan, batch accuracy: 10.16, data load time: 0.00029, step time: 0.02304
epoch: [6], step: [313/391], batch loss: nan, batch accuracy: 12.50, data load time: 0.00029, step time: 0.02308
epoch: [6], step: [323/391], batch loss: nan, batch accuracy: 10.16, data load time: 0.00029, step time: 0.02304
epoch: [6], step: [333/391], batch loss: nan, batch accuracy: 7.81, data load time: 0.00029, step time: 0.02307
epoch: [6], step: [343/391], batch loss: nan, batch accuracy: 10.16, data load time: 0.00025, step time: 0.00469
epoch: [6], step: [353/391], batch loss: nan, batch accuracy: 12.50, data load time: 0.00025, step time: 0.00470
epoch: [6], step: [363/391], batch loss: nan, batch accuracy: 14.06, data load time: 0.00025, step time: 0.00470
epoch: [6], step: [373/391], batch loss: nan, batch accuracy: 9.38, data load time: 0.00025, step time: 0.00470
epoch: [6], step: [383/391], batch loss: nan, batch accuracy: 10.16, data load time: 0.00025, step time: 0.00470
epoch: [7], step: [2/391], batch loss: nan, batch accuracy: 7.03, data load time: 0.00030, step time: 0.00468
epoch: [7], step: [12/391], batch loss: nan, batch accuracy: 7.03, data load time: 0.00029, step time: 0.01723
epoch: [7], step: [22/391], batch loss: nan, batch accuracy: 6.25, data load time: 0.00029, step time: 0.02510
epoch: [7], step: [32/391], batch loss: nan, batch accuracy: 16.41, data load time: 0.00028, step time: 0.02363
epoch: [7], step: [42/391], batch loss: nan, batch accuracy: 10.16, data load time: 0.00028, step time: 0.02354
epoch: [7], step: [52/391], batch loss: nan, batch accuracy: 11.72, data load time: 0.00028, step time: 0.02365
epoch: [7], step: [62/391], batch loss: nan, batch accuracy: 13.28, data load time: 0.00028, step time: 0.02342
epoch: [7], step: [72/391], batch loss: nan, batch accuracy: 8.59, data load time: 0.00027, step time: 0.02333
epoch: [7], step: [82/391], batch loss: nan, batch accuracy: 10.16, data load time: 0.00029, step time: 0.02334
epoch: [7], step: [92/391], batch loss: nan, batch accuracy: 6.25, data load time: 0.00027, step time: 0.02309
epoch: [7], step: [102/391], batch loss: nan, batch accuracy: 7.03, data load time: 0.00029, step time: 0.02321
epoch: [7], step: [112/391], batch loss: nan, batch accuracy: 14.84, data load time: 0.00029, step time: 0.02327
epoch: [7], step: [122/391], batch loss: nan, batch accuracy: 11.72, data load time: 0.00029, step time: 0.02330
epoch: [7], step: [132/391], batch loss: nan, batch accuracy: 12.50, data load time: 0.00029, step time: 0.02321
epoch: [7], step: [142/391], batch loss: nan, batch accuracy: 10.16, data load time: 0.00029, step time: 0.02320
epoch: [7], step: [152/391], batch loss: nan, batch accuracy: 7.03, data load time: 0.00029, step time: 0.02326
epoch: [7], step: [162/391], batch loss: nan, batch accuracy: 13.28, data load time: 0.00029, step time: 0.02339
epoch: [7], step: [172/391], batch loss: nan, batch accuracy: 8.59, data load time: 0.00029, step time: 0.02306
epoch: [7], step: [182/391], batch loss: nan, batch accuracy: 8.59, data load time: 0.00029, step time: 0.02315
epoch: [7], step: [192/391], batch loss: nan, batch accuracy: 10.16, data load time: 0.00029, step time: 0.02299
epoch: [7], step: [202/391], batch loss: nan, batch accuracy: 14.06, data load time: 0.00030, step time: 0.02306
epoch: [7], step: [212/391], batch loss: nan, batch accuracy: 9.38, data load time: 0.00028, step time: 0.02309
epoch: [7], step: [222/391], batch loss: nan, batch accuracy: 12.50, data load time: 0.00030, step time: 0.02297
epoch: [7], step: [232/391], batch loss: nan, batch accuracy: 8.59, data load time: 0.00029, step time: 0.02294
epoch: [7], step: [242/391], batch loss: nan, batch accuracy: 10.94, data load time: 0.00030, step time: 0.02307
epoch: [7], step: [252/391], batch loss: nan, batch accuracy: 12.50, data load time: 0.00029, step time: 0.02305
epoch: [7], step: [262/391], batch loss: nan, batch accuracy: 8.59, data load time: 0.00029, step time: 0.02309
epoch: [7], step: [272/391], batch loss: nan, batch accuracy: 13.28, data load time: 0.00030, step time: 0.02305
epoch: [7], step: [282/391], batch loss: nan, batch accuracy: 8.59, data load time: 0.00029, step time: 0.02312
epoch: [7], step: [292/391], batch loss: nan, batch accuracy: 8.59, data load time: 0.00029, step time: 0.02329
epoch: [7], step: [302/391], batch loss: nan, batch accuracy: 10.16, data load time: 0.00029, step time: 0.02312
epoch: [7], step: [312/391], batch loss: nan, batch accuracy: 9.38, data load time: 0.00029, step time: 0.02301
epoch: [7], step: [322/391], batch loss: nan, batch accuracy: 7.03, data load time: 0.00029, step time: 0.02309
epoch: [7], step: [332/391], batch loss: nan, batch accuracy: 9.38, data load time: 0.00030, step time: 0.02317
epoch: [7], step: [342/391], batch loss: nan, batch accuracy: 9.38, data load time: 0.00025, step time: 0.00470
epoch: [7], step: [352/391], batch loss: nan, batch accuracy: 14.06, data load time: 0.00025, step time: 0.00468
epoch: [7], step: [362/391], batch loss: nan, batch accuracy: 10.94, data load time: 0.00025, step time: 0.00469
epoch: [7], step: [372/391], batch loss: nan, batch accuracy: 6.25, data load time: 0.00025, step time: 0.00470
epoch: [7], step: [382/391], batch loss: nan, batch accuracy: 9.38, data load time: 0.00026, step time: 0.00469
validation loss: nan, accuracy: 10.00
epoch: [8], step: [1/391], batch loss: nan, batch accuracy: 9.38, data load time: 0.00032, step time: 0.00659
epoch: [8], step: [11/391], batch loss: nan, batch accuracy: 14.84, data load time: 0.00029, step time: 0.03413
epoch: [8], step: [21/391], batch loss: nan, batch accuracy: 10.16, data load time: 0.00029, step time: 0.02406
epoch: [8], step: [31/391], batch loss: nan, batch accuracy: 7.03, data load time: 0.00028, step time: 0.02350
epoch: [8], step: [41/391], batch loss: nan, batch accuracy: 7.81, data load time: 0.00028, step time: 0.02353
epoch: [8], step: [51/391], batch loss: nan, batch accuracy: 10.94, data load time: 0.00028, step time: 0.02360
epoch: [8], step: [61/391], batch loss: nan, batch accuracy: 14.06, data load time: 0.00030, step time: 0.02384
epoch: [8], step: [71/391], batch loss: nan, batch accuracy: 9.38, data load time: 0.00028, step time: 0.02335
epoch: [8], step: [81/391], batch loss: nan, batch accuracy: 7.81, data load time: 0.00027, step time: 0.02335
epoch: [8], step: [91/391], batch loss: nan, batch accuracy: 7.03, data load time: 0.00027, step time: 0.02317
epoch: [8], step: [101/391], batch loss: nan, batch accuracy: 8.59, data load time: 0.00029, step time: 0.02323
epoch: [8], step: [111/391], batch loss: nan, batch accuracy: 10.16, data load time: 0.00029, step time: 0.02329
epoch: [8], step: [121/391], batch loss: nan, batch accuracy: 10.16, data load time: 0.00028, step time: 0.02320
epoch: [8], step: [131/391], batch loss: nan, batch accuracy: 16.41, data load time: 0.00029, step time: 0.02326
epoch: [8], step: [141/391], batch loss: nan, batch accuracy: 7.03, data load time: 0.00029, step time: 0.02321
epoch: [8], step: [151/391], batch loss: nan, batch accuracy: 12.50, data load time: 0.00029, step time: 0.02319
epoch: [8], step: [161/391], batch loss: nan, batch accuracy: 10.16, data load time: 0.00029, step time: 0.02324
epoch: [8], step: [171/391], batch loss: nan, batch accuracy: 5.47, data load time: 0.00029, step time: 0.02318
epoch: [8], step: [181/391], batch loss: nan, batch accuracy: 6.25, data load time: 0.00029, step time: 0.02303
epoch: [8], step: [191/391], batch loss: nan, batch accuracy: 8.59, data load time: 0.00030, step time: 0.02307
epoch: [8], step: [201/391], batch loss: nan, batch accuracy: 9.38, data load time: 0.00029, step time: 0.02318
epoch: [8], step: [211/391], batch loss: nan, batch accuracy: 9.38, data load time: 0.00029, step time: 0.02304
epoch: [8], step: [221/391], batch loss: nan, batch accuracy: 10.94, data load time: 0.00029, step time: 0.02305
epoch: [8], step: [231/391], batch loss: nan, batch accuracy: 11.72, data load time: 0.00029, step time: 0.02299
epoch: [8], step: [241/391], batch loss: nan, batch accuracy: 16.41, data load time: 0.00029, step time: 0.02310
epoch: [8], step: [251/391], batch loss: nan, batch accuracy: 5.47, data load time: 0.00036, step time: 0.02344
epoch: [8], step: [261/391], batch loss: nan, batch accuracy: 9.38, data load time: 0.00029, step time: 0.02312
epoch: [8], step: [271/391], batch loss: nan, batch accuracy: 10.16, data load time: 0.00030, step time: 0.02319
epoch: [8], step: [281/391], batch loss: nan, batch accuracy: 10.16, data load time: 0.00030, step time: 0.02417
epoch: [8], step: [291/391], batch loss: nan, batch accuracy: 11.72, data load time: 0.00029, step time: 0.02419
epoch: [8], step: [301/391], batch loss: nan, batch accuracy: 8.59, data load time: 0.00029, step time: 0.02414
epoch: [8], step: [311/391], batch loss: nan, batch accuracy: 8.59, data load time: 0.00029, step time: 0.02302
epoch: [8], step: [321/391], batch loss: nan, batch accuracy: 9.38, data load time: 0.00029, step time: 0.02311
epoch: [8], step: [331/391], batch loss: nan, batch accuracy: 10.94, data load time: 0.00030, step time: 0.02312
epoch: [8], step: [341/391], batch loss: nan, batch accuracy: 12.50, data load time: 0.00025, step time: 0.00468
epoch: [8], step: [351/391], batch loss: nan, batch accuracy: 10.16, data load time: 0.00025, step time: 0.00469
epoch: [8], step: [361/391], batch loss: nan, batch accuracy: 11.72, data load time: 0.00025, step time: 0.00469
epoch: [8], step: [371/391], batch loss: nan, batch accuracy: 10.94, data load time: 0.00025, step time: 0.00469
epoch: [8], step: [381/391], batch loss: nan, batch accuracy: 7.81, data load time: 0.00025, step time: 0.00470
epoch: [9], step: [0/391], batch loss: nan, batch accuracy: 14.84, data load time: 1.53831, step time: 0.52376
epoch: [9], step: [10/391], batch loss: nan, batch accuracy: 5.47, data load time: 0.00031, step time: 0.02490
epoch: [9], step: [20/391], batch loss: nan, batch accuracy: 8.59, data load time: 0.00030, step time: 0.02358
epoch: [9], step: [30/391], batch loss: nan, batch accuracy: 8.59, data load time: 0.00029, step time: 0.02374
epoch: [9], step: [40/391], batch loss: nan, batch accuracy: 14.84, data load time: 0.00028, step time: 0.02376
epoch: [9], step: [50/391], batch loss: nan, batch accuracy: 14.06, data load time: 0.00028, step time: 0.02368
epoch: [9], step: [60/391], batch loss: nan, batch accuracy: 14.06, data load time: 0.00030, step time: 0.02395
epoch: [9], step: [70/391], batch loss: nan, batch accuracy: 8.59, data load time: 0.00028, step time: 0.02348
epoch: [9], step: [80/391], batch loss: nan, batch accuracy: 14.06, data load time: 0.00028, step time: 0.02318
epoch: [9], step: [90/391], batch loss: nan, batch accuracy: 14.06, data load time: 0.00027, step time: 0.02424
epoch: [9], step: [100/391], batch loss: nan, batch accuracy: 10.94, data load time: 0.00029, step time: 0.02421
epoch: [9], step: [110/391], batch loss: nan, batch accuracy: 13.28, data load time: 0.00030, step time: 0.02429
epoch: [9], step: [120/391], batch loss: nan, batch accuracy: 7.81, data load time: 0.00030, step time: 0.02314
epoch: [9], step: [130/391], batch loss: nan, batch accuracy: 7.03, data load time: 0.00030, step time: 0.02322
epoch: [9], step: [140/391], batch loss: nan, batch accuracy: 7.81, data load time: 0.00029, step time: 0.02308
epoch: [9], step: [150/391], batch loss: nan, batch accuracy: 7.81, data load time: 0.00029, step time: 0.02320
epoch: [9], step: [160/391], batch loss: nan, batch accuracy: 6.25, data load time: 0.00029, step time: 0.02321
epoch: [9], step: [170/391], batch loss: nan, batch accuracy: 10.94, data load time: 0.00029, step time: 0.02302
epoch: [9], step: [180/391], batch loss: nan, batch accuracy: 14.84, data load time: 0.00030, step time: 0.02303
epoch: [9], step: [190/391], batch loss: nan, batch accuracy: 5.47, data load time: 0.00029, step time: 0.02299
epoch: [9], step: [200/391], batch loss: nan, batch accuracy: 7.81, data load time: 0.00030, step time: 0.02323
epoch: [9], step: [210/391], batch loss: nan, batch accuracy: 11.72, data load time: 0.00029, step time: 0.02302
epoch: [9], step: [220/391], batch loss: nan, batch accuracy: 7.81, data load time: 0.00029, step time: 0.02300
epoch: [9], step: [230/391], batch loss: nan, batch accuracy: 7.03, data load time: 0.00029, step time: 0.02304
epoch: [9], step: [240/391], batch loss: nan, batch accuracy: 14.84, data load time: 0.00029, step time: 0.02308
epoch: [9], step: [250/391], batch loss: nan, batch accuracy: 4.69, data load time: 0.00029, step time: 0.02313
epoch: [9], step: [260/391], batch loss: nan, batch accuracy: 14.06, data load time: 0.00029, step time: 0.02306
epoch: [9], step: [270/391], batch loss: nan, batch accuracy: 12.50, data load time: 0.00029, step time: 0.02301
epoch: [9], step: [280/391], batch loss: nan, batch accuracy: 8.59, data load time: 0.00029, step time: 0.02298
epoch: [9], step: [290/391], batch loss: nan, batch accuracy: 11.72, data load time: 0.00029, step time: 0.02298
epoch: [9], step: [300/391], batch loss: nan, batch accuracy: 11.72, data load time: 0.00029, step time: 0.02307
epoch: [9], step: [310/391], batch loss: nan, batch accuracy: 14.06, data load time: 0.00029, step time: 0.02302
epoch: [9], step: [320/391], batch loss: nan, batch accuracy: 10.16, data load time: 0.00029, step time: 0.02304
epoch: [9], step: [330/391], batch loss: nan, batch accuracy: 7.03, data load time: 0.00029, step time: 0.02299
epoch: [9], step: [340/391], batch loss: nan, batch accuracy: 8.59, data load time: 0.00025, step time: 0.00503
epoch: [9], step: [350/391], batch loss: nan, batch accuracy: 10.16, data load time: 0.00025, step time: 0.00502
epoch: [9], step: [360/391], batch loss: nan, batch accuracy: 9.38, data load time: 0.00025, step time: 0.00505
epoch: [9], step: [370/391], batch loss: nan, batch accuracy: 13.28, data load time: 0.00025, step time: 0.00473
epoch: [9], step: [380/391], batch loss: nan, batch accuracy: 14.84, data load time: 0.00025, step time: 0.00474
epoch: [9], step: [390/391], batch loss: nan, batch accuracy: 5.00, data load time: 0.00019, step time: 0.00347
validation loss: nan, accuracy: 10.00
epoch: [10], step: [9/391], batch loss: nan, batch accuracy: 15.62, data load time: 0.00029, step time: 0.02351
epoch: [10], step: [19/391], batch loss: nan, batch accuracy: 14.06, data load time: 0.00029, step time: 0.02344
epoch: [10], step: [29/391], batch loss: nan, batch accuracy: 8.59, data load time: 0.00028, step time: 0.02354
epoch: [10], step: [39/391], batch loss: nan, batch accuracy: 10.94, data load time: 0.00028, step time: 0.02357
epoch: [10], step: [49/391], batch loss: nan, batch accuracy: 6.25, data load time: 0.00028, step time: 0.02356
epoch: [10], step: [59/391], batch loss: nan, batch accuracy: 10.16, data load time: 0.00028, step time: 0.02364
epoch: [10], step: [69/391], batch loss: nan, batch accuracy: 14.84, data load time: 0.00027, step time: 0.02344
epoch: [10], step: [79/391], batch loss: nan, batch accuracy: 10.94, data load time: 0.00027, step time: 0.02329
epoch: [10], step: [89/391], batch loss: nan, batch accuracy: 10.16, data load time: 0.00027, step time: 0.02329
epoch: [10], step: [99/391], batch loss: nan, batch accuracy: 9.38, data load time: 0.00029, step time: 0.02316
epoch: [10], step: [109/391], batch loss: nan, batch accuracy: 10.94, data load time: 0.00029, step time: 0.02315
epoch: [10], step: [119/391], batch loss: nan, batch accuracy: 7.81, data load time: 0.00029, step time: 0.02429
epoch: [10], step: [129/391], batch loss: nan, batch accuracy: 10.94, data load time: 0.00029, step time: 0.02318
epoch: [10], step: [139/391], batch loss: nan, batch accuracy: 11.72, data load time: 0.00030, step time: 0.02312
epoch: [10], step: [149/391], batch loss: nan, batch accuracy: 10.16, data load time: 0.00029, step time: 0.02312
epoch: [10], step: [159/391], batch loss: nan, batch accuracy: 17.97, data load time: 0.00030, step time: 0.02320
epoch: [10], step: [169/391], batch loss: nan, batch accuracy: 12.50, data load time: 0.00029, step time: 0.02305
epoch: [10], step: [179/391], batch loss: nan, batch accuracy: 7.81, data load time: 0.00029, step time: 0.02297
epoch: [10], step: [189/391], batch loss: nan, batch accuracy: 8.59, data load time: 0.00029, step time: 0.02307
epoch: [10], step: [199/391], batch loss: nan, batch accuracy: 11.72, data load time: 0.00029, step time: 0.02308
epoch: [10], step: [209/391], batch loss: nan, batch accuracy: 16.41, data load time: 0.00029, step time: 0.02307
epoch: [10], step: [219/391], batch loss: nan, batch accuracy: 12.50, data load time: 0.00029, step time: 0.02307
epoch: [10], step: [229/391], batch loss: nan, batch accuracy: 13.28, data load time: 0.00029, step time: 0.02304
epoch: [10], step: [239/391], batch loss: nan, batch accuracy: 14.84, data load time: 0.00029, step time: 0.02306
epoch: [10], step: [249/391], batch loss: nan, batch accuracy: 5.47, data load time: 0.00029, step time: 0.02303
epoch: [10], step: [259/391], batch loss: nan, batch accuracy: 12.50, data load time: 0.00030, step time: 0.02308
epoch: [10], step: [269/391], batch loss: nan, batch accuracy: 8.59, data load time: 0.00029, step time: 0.02304
epoch: [10], step: [279/391], batch loss: nan, batch accuracy: 11.72, data load time: 0.00029, step time: 0.02297
epoch: [10], step: [289/391], batch loss: nan, batch accuracy: 15.62, data load time: 0.00029, step time: 0.02301
epoch: [10], step: [299/391], batch loss: nan, batch accuracy: 14.06, data load time: 0.00029, step time: 0.02300
epoch: [10], step: [309/391], batch loss: nan, batch accuracy: 10.16, data load time: 0.00029, step time: 0.02303
epoch: [10], step: [319/391], batch loss: nan, batch accuracy: 8.59, data load time: 0.00029, step time: 0.02301
epoch: [10], step: [329/391], batch loss: nan, batch accuracy: 10.16, data load time: 0.00029, step time: 0.02307
epoch: [10], step: [339/391], batch loss: nan, batch accuracy: 9.38, data load time: 0.00025, step time: 0.00469
epoch: [10], step: [349/391], batch loss: nan, batch accuracy: 9.38, data load time: 0.00026, step time: 0.00469
epoch: [10], step: [359/391], batch loss: nan, batch accuracy: 7.03, data load time: 0.00025, step time: 0.00470
epoch: [10], step: [369/391], batch loss: nan, batch accuracy: 7.81, data load time: 0.00025, step time: 0.00469
epoch: [10], step: [379/391], batch loss: nan, batch accuracy: 4.69, data load time: 0.00025, step time: 0.00469
epoch: [10], step: [389/391], batch loss: nan, batch accuracy: 9.38, data load time: 0.00024, step time: 0.00469
epoch: [11], step: [8/391], batch loss: nan, batch accuracy: 13.28, data load time: 0.00030, step time: 0.02347
epoch: [11], step: [18/391], batch loss: nan, batch accuracy: 6.25, data load time: 0.00029, step time: 0.02471
epoch: [11], step: [28/391], batch loss: nan, batch accuracy: 11.72, data load time: 0.00028, step time: 0.02354
epoch: [11], step: [38/391], batch loss: nan, batch accuracy: 7.81, data load time: 0.00028, step time: 0.02349
epoch: [11], step: [48/391], batch loss: nan, batch accuracy: 9.38, data load time: 0.00028, step time: 0.02363
epoch: [11], step: [58/391], batch loss: nan, batch accuracy: 14.06, data load time: 0.00028, step time: 0.02356
epoch: [11], step: [68/391], batch loss: nan, batch accuracy: 14.06, data load time: 0.00029, step time: 0.02330
epoch: [11], step: [78/391], batch loss: nan, batch accuracy: 12.50, data load time: 0.00027, step time: 0.02337
epoch: [11], step: [88/391], batch loss: nan, batch accuracy: 12.50, data load time: 0.00028, step time: 0.02316
epoch: [11], step: [98/391], batch loss: nan, batch accuracy: 8.59, data load time: 0.00029, step time: 0.02336
epoch: [11], step: [108/391], batch loss: nan, batch accuracy: 10.16, data load time: 0.00029, step time: 0.02323
epoch: [11], step: [118/391], batch loss: nan, batch accuracy: 9.38, data load time: 0.00029, step time: 0.02326
epoch: [11], step: [128/391], batch loss: nan, batch accuracy: 9.38, data load time: 0.00029, step time: 0.02341
epoch: [11], step: [138/391], batch loss: nan, batch accuracy: 10.16, data load time: 0.00030, step time: 0.02323
epoch: [11], step: [148/391], batch loss: nan, batch accuracy: 14.06, data load time: 0.00028, step time: 0.02334
epoch: [11], step: [158/391], batch loss: nan, batch accuracy: 12.50, data load time: 0.00029, step time: 0.02334
epoch: [11], step: [168/391], batch loss: nan, batch accuracy: 10.16, data load time: 0.00030, step time: 0.02303
epoch: [11], step: [178/391], batch loss: nan, batch accuracy: 10.16, data load time: 0.00028, step time: 0.02306
epoch: [11], step: [188/391], batch loss: nan, batch accuracy: 13.28, data load time: 0.00029, step time: 0.02309
epoch: [11], step: [198/391], batch loss: nan, batch accuracy: 7.81, data load time: 0.00029, step time: 0.02304
epoch: [11], step: [208/391], batch loss: nan, batch accuracy: 10.16, data load time: 0.00029, step time: 0.02304
epoch: [11], step: [218/391], batch loss: nan, batch accuracy: 11.72, data load time: 0.00029, step time: 0.02308
epoch: [11], step: [228/391], batch loss: nan, batch accuracy: 11.72, data load time: 0.00029, step time: 0.02299
epoch: [11], step: [238/391], batch loss: nan, batch accuracy: 10.94, data load time: 0.00029, step time: 0.02302
epoch: [11], step: [248/391], batch loss: nan, batch accuracy: 10.16, data load time: 0.00029, step time: 0.02306
epoch: [11], step: [258/391], batch loss: nan, batch accuracy: 7.81, data load time: 0.00029, step time: 0.02306
epoch: [11], step: [268/391], batch loss: nan, batch accuracy: 12.50, data load time: 0.00029, step time: 0.02309
epoch: [11], step: [278/391], batch loss: nan, batch accuracy: 10.16, data load time: 0.00030, step time: 0.02307
epoch: [11], step: [288/391], batch loss: nan, batch accuracy: 7.03, data load time: 0.00029, step time: 0.02304
epoch: [11], step: [298/391], batch loss: nan, batch accuracy: 6.25, data load time: 0.00029, step time: 0.02321
epoch: [11], step: [308/391], batch loss: nan, batch accuracy: 14.06, data load time: 0.00029, step time: 0.02300
epoch: [11], step: [318/391], batch loss: nan, batch accuracy: 8.59, data load time: 0.00029, step time: 0.02336
epoch: [11], step: [328/391], batch loss: nan, batch accuracy: 8.59, data load time: 0.00029, step time: 0.02306
epoch: [11], step: [338/391], batch loss: nan, batch accuracy: 11.72, data load time: 0.00025, step time: 0.00469
epoch: [11], step: [348/391], batch loss: nan, batch accuracy: 4.69, data load time: 0.00025, step time: 0.00469
epoch: [11], step: [358/391], batch loss: nan, batch accuracy: 14.06, data load time: 0.00025, step time: 0.00469
epoch: [11], step: [368/391], batch loss: nan, batch accuracy: 10.94, data load time: 0.00025, step time: 0.00468
epoch: [11], step: [378/391], batch loss: nan, batch accuracy: 9.38, data load time: 0.00025, step time: 0.00469
epoch: [11], step: [388/391], batch loss: nan, batch accuracy: 8.59, data load time: 0.00025, step time: 0.00469
validation loss: nan, accuracy: 10.00
epoch: [12], step: [7/391], batch loss: nan, batch accuracy: 9.38, data load time: 0.00029, step time: 0.12123
epoch: [12], step: [17/391], batch loss: nan, batch accuracy: 13.28, data load time: 0.00029, step time: 0.02353
epoch: [12], step: [27/391], batch loss: nan, batch accuracy: 14.06, data load time: 0.00684, step time: 0.02094
epoch: [12], step: [37/391], batch loss: nan, batch accuracy: 7.81, data load time: 0.00029, step time: 0.02358
epoch: [12], step: [47/391], batch loss: nan, batch accuracy: 13.28, data load time: 0.00028, step time: 0.02354
epoch: [12], step: [57/391], batch loss: nan, batch accuracy: 10.16, data load time: 0.00028, step time: 0.02204
epoch: [12], step: [67/391], batch loss: nan, batch accuracy: 8.59, data load time: 0.00028, step time: 0.02332
epoch: [12], step: [77/391], batch loss: nan, batch accuracy: 9.38, data load time: 0.00027, step time: 0.02333
epoch: [12], step: [87/391], batch loss: nan, batch accuracy: 8.59, data load time: 0.00028, step time: 0.02328
epoch: [12], step: [97/391], batch loss: nan, batch accuracy: 13.28, data load time: 0.00029, step time: 0.02326
epoch: [12], step: [107/391], batch loss: nan, batch accuracy: 13.28, data load time: 0.00029, step time: 0.02326
epoch: [12], step: [117/391], batch loss: nan, batch accuracy: 7.81, data load time: 0.00029, step time: 0.02324
epoch: [12], step: [127/391], batch loss: nan, batch accuracy: 6.25, data load time: 0.00029, step time: 0.02321
epoch: [12], step: [137/391], batch loss: nan, batch accuracy: 10.94, data load time: 0.00030, step time: 0.02323
epoch: [12], step: [147/391], batch loss: nan, batch accuracy: 7.03, data load time: 0.00029, step time: 0.02323
epoch: [12], step: [157/391], batch loss: nan, batch accuracy: 8.59, data load time: 0.00029, step time: 0.02320
epoch: [12], step: [167/391], batch loss: nan, batch accuracy: 13.28, data load time: 0.00030, step time: 0.02323
epoch: [12], step: [177/391], batch loss: nan, batch accuracy: 10.16, data load time: 0.00029, step time: 0.02318
epoch: [12], step: [187/391], batch loss: nan, batch accuracy: 7.81, data load time: 0.00029, step time: 0.02314
epoch: [12], step: [197/391], batch loss: nan, batch accuracy: 11.72, data load time: 0.00029, step time: 0.02313
epoch: [12], step: [207/391], batch loss: nan, batch accuracy: 7.03, data load time: 0.00029, step time: 0.02309
epoch: [12], step: [217/391], batch loss: nan, batch accuracy: 13.28, data load time: 0.00029, step time: 0.02304
epoch: [12], step: [227/391], batch loss: nan, batch accuracy: 14.06, data load time: 0.00029, step time: 0.02298
epoch: [12], step: [237/391], batch loss: nan, batch accuracy: 9.38, data load time: 0.00029, step time: 0.02316
epoch: [12], step: [247/391], batch loss: nan, batch accuracy: 8.59, data load time: 0.00029, step time: 0.02312
epoch: [12], step: [257/391], batch loss: nan, batch accuracy: 6.25, data load time: 0.00029, step time: 0.02309
epoch: [12], step: [267/391], batch loss: nan, batch accuracy: 10.94, data load time: 0.00029, step time: 0.02313
epoch: [12], step: [277/391], batch loss: nan, batch accuracy: 11.72, data load time: 0.00029, step time: 0.02302
epoch: [12], step: [287/391], batch loss: nan, batch accuracy: 10.16, data load time: 0.00029, step time: 0.02306
epoch: [12], step: [297/391], batch loss: nan, batch accuracy: 10.16, data load time: 0.00029, step time: 0.02305
epoch: [12], step: [307/391], batch loss: nan, batch accuracy: 10.94, data load time: 0.00029, step time: 0.02304
epoch: [12], step: [317/391], batch loss: nan, batch accuracy: 9.38, data load time: 0.00029, step time: 0.02310
epoch: [12], step: [327/391], batch loss: nan, batch accuracy: 10.16, data load time: 0.00029, step time: 0.02314
epoch: [12], step: [337/391], batch loss: nan, batch accuracy: 7.81, data load time: 0.00025, step time: 0.00503
epoch: [12], step: [347/391], batch loss: nan, batch accuracy: 11.72, data load time: 0.00025, step time: 0.00480
epoch: [12], step: [357/391], batch loss: nan, batch accuracy: 10.16, data load time: 0.00025, step time: 0.00472
epoch: [12], step: [367/391], batch loss: nan, batch accuracy: 6.25, data load time: 0.00026, step time: 0.00470
epoch: [12], step: [377/391], batch loss: nan, batch accuracy: 6.25, data load time: 0.00026, step time: 0.00469
epoch: [12], step: [387/391], batch loss: nan, batch accuracy: 10.16, data load time: 0.00024, step time: 0.00469
epoch: [13], step: [6/391], batch loss: nan, batch accuracy: 15.62, data load time: 0.00029, step time: 0.06369
epoch: [13], step: [16/391], batch loss: nan, batch accuracy: 10.16, data load time: 0.00029, step time: 0.02353
epoch: [13], step: [26/391], batch loss: nan, batch accuracy: 4.69, data load time: 0.02627, step time: 0.02104
epoch: [13], step: [36/391], batch loss: nan, batch accuracy: 13.28, data load time: 0.00028, step time: 0.02369
epoch: [13], step: [46/391], batch loss: nan, batch accuracy: 10.94, data load time: 0.00028, step time: 0.02357
epoch: [13], step: [56/391], batch loss: nan, batch accuracy: 11.72, data load time: 0.00028, step time: 0.02339
epoch: [13], step: [66/391], batch loss: nan, batch accuracy: 7.81, data load time: 0.00028, step time: 0.02341
epoch: [13], step: [76/391], batch loss: nan, batch accuracy: 4.69, data load time: 0.00027, step time: 0.02348
epoch: [13], step: [86/391], batch loss: nan, batch accuracy: 10.16, data load time: 0.00028, step time: 0.02316
epoch: [13], step: [96/391], batch loss: nan, batch accuracy: 6.25, data load time: 0.00029, step time: 0.02320
epoch: [13], step: [106/391], batch loss: nan, batch accuracy: 10.16, data load time: 0.00029, step time: 0.02322
epoch: [13], step: [116/391], batch loss: nan, batch accuracy: 10.94, data load time: 0.00029, step time: 0.02305
epoch: [13], step: [126/391], batch loss: nan, batch accuracy: 10.94, data load time: 0.00029, step time: 0.02348
epoch: [13], step: [136/391], batch loss: nan, batch accuracy: 6.25, data load time: 0.00029, step time: 0.02319
epoch: [13], step: [146/391], batch loss: nan, batch accuracy: 14.06, data load time: 0.00030, step time: 0.02318
epoch: [13], step: [156/391], batch loss: nan, batch accuracy: 11.72, data load time: 0.00029, step time: 0.02322
epoch: [13], step: [166/391], batch loss: nan, batch accuracy: 9.38, data load time: 0.00030, step time: 0.02329
epoch: [13], step: [176/391], batch loss: nan, batch accuracy: 7.81, data load time: 0.00029, step time: 0.02308
epoch: [13], step: [186/391], batch loss: nan, batch accuracy: 12.50, data load time: 0.00029, step time: 0.02305
epoch: [13], step: [196/391], batch loss: nan, batch accuracy: 13.28, data load time: 0.00029, step time: 0.02300
epoch: [13], step: [206/391], batch loss: nan, batch accuracy: 9.38, data load time: 0.00029, step time: 0.02306
epoch: [13], step: [216/391], batch loss: nan, batch accuracy: 11.72, data load time: 0.00030, step time: 0.02312
epoch: [13], step: [226/391], batch loss: nan, batch accuracy: 13.28, data load time: 0.00029, step time: 0.02309
epoch: [13], step: [236/391], batch loss: nan, batch accuracy: 9.38, data load time: 0.00030, step time: 0.02311
epoch: [13], step: [246/391], batch loss: nan, batch accuracy: 9.38, data load time: 0.00029, step time: 0.02315
epoch: [13], step: [256/391], batch loss: nan, batch accuracy: 8.59, data load time: 0.00030, step time: 0.02415
epoch: [13], step: [266/391], batch loss: nan, batch accuracy: 9.38, data load time: 0.00029, step time: 0.02416
epoch: [13], step: [276/391], batch loss: nan, batch accuracy: 11.72, data load time: 0.00029, step time: 0.02418
epoch: [13], step: [286/391], batch loss: nan, batch accuracy: 7.81, data load time: 0.00029, step time: 0.02309
epoch: [13], step: [296/391], batch loss: nan, batch accuracy: 6.25, data load time: 0.00029, step time: 0.02311
epoch: [13], step: [306/391], batch loss: nan, batch accuracy: 6.25, data load time: 0.00030, step time: 0.02306
epoch: [13], step: [316/391], batch loss: nan, batch accuracy: 14.06, data load time: 0.00029, step time: 0.02322
epoch: [13], step: [326/391], batch loss: nan, batch accuracy: 10.16, data load time: 0.00029, step time: 0.02308
epoch: [13], step: [336/391], batch loss: nan, batch accuracy: 8.59, data load time: 0.00025, step time: 0.00470
epoch: [13], step: [346/391], batch loss: nan, batch accuracy: 14.84, data load time: 0.00025, step time: 0.00469
epoch: [13], step: [356/391], batch loss: nan, batch accuracy: 8.59, data load time: 0.00025, step time: 0.00470
epoch: [13], step: [366/391], batch loss: nan, batch accuracy: 9.38, data load time: 0.00025, step time: 0.00470
epoch: [13], step: [376/391], batch loss: nan, batch accuracy: 11.72, data load time: 0.00025, step time: 0.00468
epoch: [13], step: [386/391], batch loss: nan, batch accuracy: 8.59, data load time: 0.00025, step time: 0.00469
validation loss: nan, accuracy: 10.00
epoch: [14], step: [5/391], batch loss: nan, batch accuracy: 7.03, data load time: 0.00029, step time: 0.00467
epoch: [14], step: [15/391], batch loss: nan, batch accuracy: 14.84, data load time: 0.00030, step time: 0.02341
epoch: [14], step: [25/391], batch loss: nan, batch accuracy: 12.50, data load time: 0.07680, step time: 0.02365
epoch: [14], step: [35/391], batch loss: nan, batch accuracy: 10.94, data load time: 0.00028, step time: 0.02354
epoch: [14], step: [45/391], batch loss: nan, batch accuracy: 9.38, data load time: 0.00029, step time: 0.02355
epoch: [14], step: [55/391], batch loss: nan, batch accuracy: 5.47, data load time: 0.00028, step time: 0.02312
epoch: [14], step: [65/391], batch loss: nan, batch accuracy: 14.06, data load time: 0.00028, step time: 0.02329
epoch: [14], step: [75/391], batch loss: nan, batch accuracy: 12.50, data load time: 0.00027, step time: 0.02333
epoch: [14], step: [85/391], batch loss: nan, batch accuracy: 13.28, data load time: 0.00028, step time: 0.02319
epoch: [14], step: [95/391], batch loss: nan, batch accuracy: 10.16, data load time: 0.00028, step time: 0.02321
epoch: [14], step: [105/391], batch loss: nan, batch accuracy: 10.94, data load time: 0.00029, step time: 0.02322
epoch: [14], step: [115/391], batch loss: nan, batch accuracy: 15.62, data load time: 0.00029, step time: 0.02315
epoch: [14], step: [125/391], batch loss: nan, batch accuracy: 10.94, data load time: 0.00029, step time: 0.02427
epoch: [14], step: [135/391], batch loss: nan, batch accuracy: 9.38, data load time: 0.00029, step time: 0.02322
epoch: [14], step: [145/391], batch loss: nan, batch accuracy: 10.16, data load time: 0.00029, step time: 0.02323
epoch: [14], step: [155/391], batch loss: nan, batch accuracy: 10.94, data load time: 0.00029, step time: 0.02320
epoch: [14], step: [165/391], batch loss: nan, batch accuracy: 10.16, data load time: 0.00029, step time: 0.02323
epoch: [14], step: [175/391], batch loss: nan, batch accuracy: 6.25, data load time: 0.00029, step time: 0.02311
epoch: [14], step: [185/391], batch loss: nan, batch accuracy: 7.03, data load time: 0.00029, step time: 0.02310
epoch: [14], step: [195/391], batch loss: nan, batch accuracy: 10.94, data load time: 0.00029, step time: 0.02306
epoch: [14], step: [205/391], batch loss: nan, batch accuracy: 7.81, data load time: 0.00029, step time: 0.02306
epoch: [14], step: [215/391], batch loss: nan, batch accuracy: 12.50, data load time: 0.00029, step time: 0.02309
epoch: [14], step: [225/391], batch loss: nan, batch accuracy: 13.28, data load time: 0.00029, step time: 0.02305
epoch: [14], step: [235/391], batch loss: nan, batch accuracy: 7.81, data load time: 0.00029, step time: 0.02308
epoch: [14], step: [245/391], batch loss: nan, batch accuracy: 14.84, data load time: 0.00030, step time: 0.02338
epoch: [14], step: [255/391], batch loss: nan, batch accuracy: 4.69, data load time: 0.00029, step time: 0.02307
epoch: [14], step: [265/391], batch loss: nan, batch accuracy: 7.81, data load time: 0.00029, step time: 0.02317
epoch: [14], step: [275/391], batch loss: nan, batch accuracy: 14.84, data load time: 0.00029, step time: 0.02303
epoch: [14], step: [285/391], batch loss: nan, batch accuracy: 10.16, data load time: 0.00029, step time: 0.02304
epoch: [14], step: [295/391], batch loss: nan, batch accuracy: 7.03, data load time: 0.00030, step time: 0.02315
epoch: [14], step: [305/391], batch loss: nan, batch accuracy: 11.72, data load time: 0.00029, step time: 0.02313
epoch: [14], step: [315/391], batch loss: nan, batch accuracy: 11.72, data load time: 0.00029, step time: 0.02308
epoch: [14], step: [325/391], batch loss: nan, batch accuracy: 8.59, data load time: 0.00029, step time: 0.02303
epoch: [14], step: [335/391], batch loss: nan, batch accuracy: 3.12, data load time: 0.00026, step time: 0.00469
epoch: [14], step: [345/391], batch loss: nan, batch accuracy: 17.97, data load time: 0.00025, step time: 0.00470
epoch: [14], step: [355/391], batch loss: nan, batch accuracy: 6.25, data load time: 0.00025, step time: 0.00470
epoch: [14], step: [365/391], batch loss: nan, batch accuracy: 7.03, data load time: 0.00025, step time: 0.00470
epoch: [14], step: [375/391], batch loss: nan, batch accuracy: 12.50, data load time: 0.00025, step time: 0.00470
epoch: [14], step: [385/391], batch loss: nan, batch accuracy: 10.16, data load time: 0.00039, step time: 0.00471
epoch: [15], step: [4/391], batch loss: nan, batch accuracy: 10.94, data load time: 0.00029, step time: 0.00468
epoch: [15], step: [14/391], batch loss: nan, batch accuracy: 6.25, data load time: 0.00029, step time: 0.02490
epoch: [15], step: [24/391], batch loss: nan, batch accuracy: 7.03, data load time: 0.00043, step time: 0.02365
epoch: [15], step: [34/391], batch loss: nan, batch accuracy: 12.50, data load time: 0.00028, step time: 0.02347
epoch: [15], step: [44/391], batch loss: nan, batch accuracy: 10.16, data load time: 0.00028, step time: 0.02358
epoch: [15], step: [54/391], batch loss: nan, batch accuracy: 5.47, data load time: 0.00028, step time: 0.02353
epoch: [15], step: [64/391], batch loss: nan, batch accuracy: 8.59, data load time: 0.00029, step time: 0.02338
epoch: [15], step: [74/391], batch loss: nan, batch accuracy: 17.19, data load time: 0.00029, step time: 0.02336
epoch: [15], step: [84/391], batch loss: nan, batch accuracy: 8.59, data load time: 0.00029, step time: 0.02331
epoch: [15], step: [94/391], batch loss: nan, batch accuracy: 9.38, data load time: 0.00029, step time: 0.02320
epoch: [15], step: [104/391], batch loss: nan, batch accuracy: 10.94, data load time: 0.00029, step time: 0.02341
epoch: [15], step: [114/391], batch loss: nan, batch accuracy: 14.06, data load time: 0.00029, step time: 0.02326
epoch: [15], step: [124/391], batch loss: nan, batch accuracy: 8.59, data load time: 0.00029, step time: 0.02330
epoch: [15], step: [134/391], batch loss: nan, batch accuracy: 13.28, data load time: 0.00029, step time: 0.02327
epoch: [15], step: [144/391], batch loss: nan, batch accuracy: 9.38, data load time: 0.00030, step time: 0.02327
epoch: [15], step: [154/391], batch loss: nan, batch accuracy: 12.50, data load time: 0.00029, step time: 0.02323
epoch: [15], step: [164/391], batch loss: nan, batch accuracy: 6.25, data load time: 0.00029, step time: 0.02325
epoch: [15], step: [174/391], batch loss: nan, batch accuracy: 12.50, data load time: 0.00029, step time: 0.02303
epoch: [15], step: [184/391], batch loss: nan, batch accuracy: 10.16, data load time: 0.00030, step time: 0.02307
epoch: [15], step: [194/391], batch loss: nan, batch accuracy: 3.91, data load time: 0.00029, step time: 0.02308
epoch: [15], step: [204/391], batch loss: nan, batch accuracy: 7.81, data load time: 0.00029, step time: 0.02311
epoch: [15], step: [214/391], batch loss: nan, batch accuracy: 11.72, data load time: 0.00030, step time: 0.02315
epoch: [15], step: [224/391], batch loss: nan, batch accuracy: 13.28, data load time: 0.00029, step time: 0.02309
epoch: [15], step: [234/391], batch loss: nan, batch accuracy: 7.81, data load time: 0.00029, step time: 0.02308
epoch: [15], step: [244/391], batch loss: nan, batch accuracy: 14.06, data load time: 0.00029, step time: 0.02310
epoch: [15], step: [254/391], batch loss: nan, batch accuracy: 14.06, data load time: 0.00029, step time: 0.02315
epoch: [15], step: [264/391], batch loss: nan, batch accuracy: 10.16, data load time: 0.00029, step time: 0.02319
epoch: [15], step: [274/391], batch loss: nan, batch accuracy: 10.16, data load time: 0.00029, step time: 0.02403
epoch: [15], step: [284/391], batch loss: nan, batch accuracy: 14.06, data load time: 0.00030, step time: 0.02307
epoch: [15], step: [294/391], batch loss: nan, batch accuracy: 10.16, data load time: 0.00030, step time: 0.02317
epoch: [15], step: [304/391], batch loss: nan, batch accuracy: 12.50, data load time: 0.00030, step time: 0.02318
epoch: [15], step: [314/391], batch loss: nan, batch accuracy: 9.38, data load time: 0.00029, step time: 0.02307
epoch: [15], step: [324/391], batch loss: nan, batch accuracy: 8.59, data load time: 0.00030, step time: 0.02314
epoch: [15], step: [334/391], batch loss: nan, batch accuracy: 12.50, data load time: 0.00280, step time: 0.01608
epoch: [15], step: [344/391], batch loss: nan, batch accuracy: 8.59, data load time: 0.00025, step time: 0.00470
epoch: [15], step: [354/391], batch loss: nan, batch accuracy: 14.84, data load time: 0.00025, step time: 0.00470
epoch: [15], step: [364/391], batch loss: nan, batch accuracy: 11.72, data load time: 0.00025, step time: 0.00470
epoch: [15], step: [374/391], batch loss: nan, batch accuracy: 4.69, data load time: 0.00025, step time: 0.00468
epoch: [15], step: [384/391], batch loss: nan, batch accuracy: 14.84, data load time: 0.00025, step time: 0.00470
validation loss: nan, accuracy: 10.00
epoch: [16], step: [3/391], batch loss: nan, batch accuracy: 7.81, data load time: 0.00029, step time: 0.00466
epoch: [16], step: [13/391], batch loss: nan, batch accuracy: 10.94, data load time: 0.00029, step time: 0.02496
epoch: [16], step: [23/391], batch loss: nan, batch accuracy: 7.81, data load time: 0.00029, step time: 0.02371
epoch: [16], step: [33/391], batch loss: nan, batch accuracy: 14.84, data load time: 0.00028, step time: 0.02377
epoch: [16], step: [43/391], batch loss: nan, batch accuracy: 13.28, data load time: 0.00029, step time: 0.02177
epoch: [16], step: [53/391], batch loss: nan, batch accuracy: 14.06, data load time: 0.00028, step time: 0.02382
epoch: [16], step: [63/391], batch loss: nan, batch accuracy: 7.81, data load time: 0.00027, step time: 0.02357
epoch: [16], step: [73/391], batch loss: nan, batch accuracy: 9.38, data load time: 0.00027, step time: 0.02352
epoch: [16], step: [83/391], batch loss: nan, batch accuracy: 5.47, data load time: 0.00034, step time: 0.02326
epoch: [16], step: [93/391], batch loss: nan, batch accuracy: 8.59, data load time: 0.00027, step time: 0.02341
epoch: [16], step: [103/391], batch loss: nan, batch accuracy: 10.16, data load time: 0.00029, step time: 0.02319
epoch: [16], step: [113/391], batch loss: nan, batch accuracy: 5.47, data load time: 0.00029, step time: 0.02320
epoch: [16], step: [123/391], batch loss: nan, batch accuracy: 15.62, data load time: 0.00029, step time: 0.02322
epoch: [16], step: [133/391], batch loss: nan, batch accuracy: 8.59, data load time: 0.00029, step time: 0.02324
epoch: [16], step: [143/391], batch loss: nan, batch accuracy: 14.06, data load time: 0.00029, step time: 0.02311
epoch: [16], step: [153/391], batch loss: nan, batch accuracy: 10.16, data load time: 0.00028, step time: 0.02331
epoch: [16], step: [163/391], batch loss: nan, batch accuracy: 12.50, data load time: 0.00029, step time: 0.02329
epoch: [16], step: [173/391], batch loss: nan, batch accuracy: 12.50, data load time: 0.00029, step time: 0.02312
epoch: [16], step: [183/391], batch loss: nan, batch accuracy: 7.81, data load time: 0.00029, step time: 0.02315
epoch: [16], step: [193/391], batch loss: nan, batch accuracy: 13.28, data load time: 0.00029, step time: 0.02309
epoch: [16], step: [203/391], batch loss: nan, batch accuracy: 7.81, data load time: 0.00029, step time: 0.02304
epoch: [16], step: [213/391], batch loss: nan, batch accuracy: 6.25, data load time: 0.00029, step time: 0.02310
epoch: [16], step: [223/391], batch loss: nan, batch accuracy: 9.38, data load time: 0.00029, step time: 0.02311
epoch: [16], step: [233/391], batch loss: nan, batch accuracy: 18.75, data load time: 0.00030, step time: 0.02311
epoch: [16], step: [243/391], batch loss: nan, batch accuracy: 2.34, data load time: 0.00030, step time: 0.02307
epoch: [16], step: [253/391], batch loss: nan, batch accuracy: 7.81, data load time: 0.00030, step time: 0.02308
epoch: [16], step: [263/391], batch loss: nan, batch accuracy: 8.59, data load time: 0.00030, step time: 0.02305
epoch: [16], step: [273/391], batch loss: nan, batch accuracy: 11.72, data load time: 0.00030, step time: 0.02305
epoch: [16], step: [283/391], batch loss: nan, batch accuracy: 9.38, data load time: 0.00029, step time: 0.02421
epoch: [16], step: [293/391], batch loss: nan, batch accuracy: 17.19, data load time: 0.00029, step time: 0.02310
epoch: [16], step: [303/391], batch loss: nan, batch accuracy: 10.94, data load time: 0.00029, step time: 0.02305
epoch: [16], step: [313/391], batch loss: nan, batch accuracy: 6.25, data load time: 0.00029, step time: 0.02304
epoch: [16], step: [323/391], batch loss: nan, batch accuracy: 5.47, data load time: 0.00029, step time: 0.02309
epoch: [16], step: [333/391], batch loss: nan, batch accuracy: 15.62, data load time: 0.00029, step time: 0.02308
epoch: [16], step: [343/391], batch loss: nan, batch accuracy: 9.38, data load time: 0.00025, step time: 0.00502
epoch: [16], step: [353/391], batch loss: nan, batch accuracy: 9.38, data load time: 0.00025, step time: 0.00503
epoch: [16], step: [363/391], batch loss: nan, batch accuracy: 19.53, data load time: 0.00025, step time: 0.00505
epoch: [16], step: [373/391], batch loss: nan, batch accuracy: 12.50, data load time: 0.00026, step time: 0.00474
epoch: [16], step: [383/391], batch loss: nan, batch accuracy: 9.38, data load time: 0.00025, step time: 0.00473
epoch: [17], step: [2/391], batch loss: nan, batch accuracy: 7.03, data load time: 0.00029, step time: 0.00469
epoch: [17], step: [12/391], batch loss: nan, batch accuracy: 9.38, data load time: 0.00028, step time: 0.02352
epoch: [17], step: [22/391], batch loss: nan, batch accuracy: 11.72, data load time: 0.00029, step time: 0.02489
epoch: [17], step: [32/391], batch loss: nan, batch accuracy: 10.94, data load time: 0.00028, step time: 0.02358
epoch: [17], step: [42/391], batch loss: nan, batch accuracy: 7.03, data load time: 0.00028, step time: 0.02345
epoch: [17], step: [52/391], batch loss: nan, batch accuracy: 9.38, data load time: 0.00028, step time: 0.02356
epoch: [17], step: [62/391], batch loss: nan, batch accuracy: 8.59, data load time: 0.00028, step time: 0.02336
epoch: [17], step: [72/391], batch loss: nan, batch accuracy: 11.72, data load time: 0.00028, step time: 0.02330
epoch: [17], step: [82/391], batch loss: nan, batch accuracy: 14.84, data load time: 0.00028, step time: 0.02345
epoch: [17], step: [92/391], batch loss: nan, batch accuracy: 8.59, data load time: 0.00028, step time: 0.02321
epoch: [17], step: [102/391], batch loss: nan, batch accuracy: 10.94, data load time: 0.00029, step time: 0.02344
epoch: [17], step: [112/391], batch loss: nan, batch accuracy: 8.59, data load time: 0.00029, step time: 0.02320
epoch: [17], step: [122/391], batch loss: nan, batch accuracy: 12.50, data load time: 0.00030, step time: 0.02318
epoch: [17], step: [132/391], batch loss: nan, batch accuracy: 11.72, data load time: 0.00029, step time: 0.02328
epoch: [17], step: [142/391], batch loss: nan, batch accuracy: 11.72, data load time: 0.00030, step time: 0.02323
epoch: [17], step: [152/391], batch loss: nan, batch accuracy: 12.50, data load time: 0.00029, step time: 0.02319
epoch: [17], step: [162/391], batch loss: nan, batch accuracy: 7.81, data load time: 0.00030, step time: 0.02334
epoch: [17], step: [172/391], batch loss: nan, batch accuracy: 10.94, data load time: 0.00029, step time: 0.02297
epoch: [17], step: [182/391], batch loss: nan, batch accuracy: 10.16, data load time: 0.00029, step time: 0.02302
epoch: [17], step: [192/391], batch loss: nan, batch accuracy: 12.50, data load time: 0.00029, step time: 0.02315
epoch: [17], step: [202/391], batch loss: nan, batch accuracy: 9.38, data load time: 0.00029, step time: 0.02309
epoch: [17], step: [212/391], batch loss: nan, batch accuracy: 11.72, data load time: 0.00029, step time: 0.02305
epoch: [17], step: [222/391], batch loss: nan, batch accuracy: 11.72, data load time: 0.00029, step time: 0.02326
epoch: [17], step: [232/391], batch loss: nan, batch accuracy: 7.81, data load time: 0.00029, step time: 0.02306
epoch: [17], step: [242/391], batch loss: nan, batch accuracy: 11.72, data load time: 0.00029, step time: 0.02314
epoch: [17], step: [252/391], batch loss: nan, batch accuracy: 10.16, data load time: 0.00029, step time: 0.02308
epoch: [17], step: [262/391], batch loss: nan, batch accuracy: 7.81, data load time: 0.00029, step time: 0.02307
epoch: [17], step: [272/391], batch loss: nan, batch accuracy: 8.59, data load time: 0.00029, step time: 0.02313
epoch: [17], step: [282/391], batch loss: nan, batch accuracy: 9.38, data load time: 0.00029, step time: 0.02305
epoch: [17], step: [292/391], batch loss: nan, batch accuracy: 3.91, data load time: 0.00029, step time: 0.02307
epoch: [17], step: [302/391], batch loss: nan, batch accuracy: 7.81, data load time: 0.00029, step time: 0.02303
epoch: [17], step: [312/391], batch loss: nan, batch accuracy: 11.72, data load time: 0.00029, step time: 0.02306
epoch: [17], step: [322/391], batch loss: nan, batch accuracy: 8.59, data load time: 0.00029, step time: 0.02303
epoch: [17], step: [332/391], batch loss: nan, batch accuracy: 6.25, data load time: 0.00029, step time: 0.02308
epoch: [17], step: [342/391], batch loss: nan, batch accuracy: 9.38, data load time: 0.00025, step time: 0.00469
epoch: [17], step: [352/391], batch loss: nan, batch accuracy: 7.81, data load time: 0.00025, step time: 0.00469
epoch: [17], step: [362/391], batch loss: nan, batch accuracy: 10.94, data load time: 0.00024, step time: 0.00469
epoch: [17], step: [372/391], batch loss: nan, batch accuracy: 15.62, data load time: 0.00025, step time: 0.00469
epoch: [17], step: [382/391], batch loss: nan, batch accuracy: 8.59, data load time: 0.00025, step time: 0.00470
validation loss: nan, accuracy: 10.00
epoch: [18], step: [1/391], batch loss: nan, batch accuracy: 6.25, data load time: 0.00033, step time: 0.00659
epoch: [18], step: [11/391], batch loss: nan, batch accuracy: 7.81, data load time: 0.00030, step time: 0.02372
epoch: [18], step: [21/391], batch loss: nan, batch accuracy: 9.38, data load time: 0.00029, step time: 0.02371
epoch: [18], step: [31/391], batch loss: nan, batch accuracy: 7.81, data load time: 0.00028, step time: 0.02360
epoch: [18], step: [41/391], batch loss: nan, batch accuracy: 8.59, data load time: 0.00028, step time: 0.02360
epoch: [18], step: [51/391], batch loss: nan, batch accuracy: 10.16, data load time: 0.00028, step time: 0.02362
epoch: [18], step: [61/391], batch loss: nan, batch accuracy: 10.16, data load time: 0.00030, step time: 0.02375
epoch: [18], step: [71/391], batch loss: nan, batch accuracy: 7.03, data load time: 0.00028, step time: 0.02337
epoch: [18], step: [81/391], batch loss: nan, batch accuracy: 9.38, data load time: 0.00028, step time: 0.02337
epoch: [18], step: [91/391], batch loss: nan, batch accuracy: 8.59, data load time: 0.00028, step time: 0.02326
epoch: [18], step: [101/391], batch loss: nan, batch accuracy: 8.59, data load time: 0.00029, step time: 0.02320
epoch: [18], step: [111/391], batch loss: nan, batch accuracy: 12.50, data load time: 0.00029, step time: 0.02322
epoch: [18], step: [121/391], batch loss: nan, batch accuracy: 5.47, data load time: 0.00029, step time: 0.02321
epoch: [18], step: [131/391], batch loss: nan, batch accuracy: 8.59, data load time: 0.00029, step time: 0.02450
epoch: [18], step: [141/391], batch loss: nan, batch accuracy: 10.16, data load time: 0.00029, step time: 0.02314
epoch: [18], step: [151/391], batch loss: nan, batch accuracy: 10.94, data load time: 0.00029, step time: 0.02324
epoch: [18], step: [161/391], batch loss: nan, batch accuracy: 9.38, data load time: 0.00030, step time: 0.02326
epoch: [18], step: [171/391], batch loss: nan, batch accuracy: 12.50, data load time: 0.00029, step time: 0.02310
epoch: [18], step: [181/391], batch loss: nan, batch accuracy: 10.94, data load time: 0.00029, step time: 0.02307
epoch: [18], step: [191/391], batch loss: nan, batch accuracy: 10.16, data load time: 0.00029, step time: 0.02302
epoch: [18], step: [201/391], batch loss: nan, batch accuracy: 7.81, data load time: 0.00030, step time: 0.02305
epoch: [18], step: [211/391], batch loss: nan, batch accuracy: 17.97, data load time: 0.00030, step time: 0.02309
epoch: [18], step: [221/391], batch loss: nan, batch accuracy: 13.28, data load time: 0.00029, step time: 0.02310
epoch: [18], step: [231/391], batch loss: nan, batch accuracy: 10.94, data load time: 0.00029, step time: 0.02312
epoch: [18], step: [241/391], batch loss: nan, batch accuracy: 14.84, data load time: 0.00029, step time: 0.02303
epoch: [18], step: [251/391], batch loss: nan, batch accuracy: 11.72, data load time: 0.00029, step time: 0.02307
epoch: [18], step: [261/391], batch loss: nan, batch accuracy: 6.25, data load time: 0.00029, step time: 0.02324
epoch: [18], step: [271/391], batch loss: nan, batch accuracy: 7.81, data load time: 0.00029, step time: 0.02305
epoch: [18], step: [281/391], batch loss: nan, batch accuracy: 13.28, data load time: 0.00029, step time: 0.02302
epoch: [18], step: [291/391], batch loss: nan, batch accuracy: 4.69, data load time: 0.00029, step time: 0.02307
epoch: [18], step: [301/391], batch loss: nan, batch accuracy: 6.25, data load time: 0.00029, step time: 0.02318
epoch: [18], step: [311/391], batch loss: nan, batch accuracy: 11.72, data load time: 0.00029, step time: 0.02313
epoch: [18], step: [321/391], batch loss: nan, batch accuracy: 16.41, data load time: 0.00030, step time: 0.02308
epoch: [18], step: [331/391], batch loss: nan, batch accuracy: 7.03, data load time: 0.00029, step time: 0.02312
epoch: [18], step: [341/391], batch loss: nan, batch accuracy: 7.81, data load time: 0.00026, step time: 0.00467
epoch: [18], step: [351/391], batch loss: nan, batch accuracy: 10.16, data load time: 0.00025, step time: 0.00471
epoch: [18], step: [361/391], batch loss: nan, batch accuracy: 9.38, data load time: 0.00025, step time: 0.00470
epoch: [18], step: [371/391], batch loss: nan, batch accuracy: 14.06, data load time: 0.00025, step time: 0.00469
epoch: [18], step: [381/391], batch loss: nan, batch accuracy: 10.94, data load time: 0.00025, step time: 0.00470
epoch: [19], step: [0/391], batch loss: nan, batch accuracy: 12.50, data load time: 1.54334, step time: 0.52433
epoch: [19], step: [10/391], batch loss: nan, batch accuracy: 7.81, data load time: 0.00029, step time: 0.02459
epoch: [19], step: [20/391], batch loss: nan, batch accuracy: 7.81, data load time: 0.00029, step time: 0.02359
epoch: [19], step: [30/391], batch loss: nan, batch accuracy: 10.94, data load time: 0.00028, step time: 0.02353
epoch: [19], step: [40/391], batch loss: nan, batch accuracy: 7.03, data load time: 0.00028, step time: 0.02169
epoch: [19], step: [50/391], batch loss: nan, batch accuracy: 10.94, data load time: 0.00028, step time: 0.02353
epoch: [19], step: [60/391], batch loss: nan, batch accuracy: 10.16, data load time: 0.00028, step time: 0.02353
epoch: [19], step: [70/391], batch loss: nan, batch accuracy: 9.38, data load time: 0.00028, step time: 0.02326
epoch: [19], step: [80/391], batch loss: nan, batch accuracy: 7.03, data load time: 0.00028, step time: 0.02331
epoch: [19], step: [90/391], batch loss: nan, batch accuracy: 5.47, data load time: 0.00027, step time: 0.02319
epoch: [19], step: [100/391], batch loss: nan, batch accuracy: 10.16, data load time: 0.00030, step time: 0.02329
epoch: [19], step: [110/391], batch loss: nan, batch accuracy: 8.59, data load time: 0.00029, step time: 0.02319
epoch: [19], step: [120/391], batch loss: nan, batch accuracy: 17.19, data load time: 0.00029, step time: 0.02321
epoch: [19], step: [130/391], batch loss: nan, batch accuracy: 5.47, data load time: 0.00029, step time: 0.02323
epoch: [19], step: [140/391], batch loss: nan, batch accuracy: 6.25, data load time: 0.00029, step time: 0.02327
epoch: [19], step: [150/391], batch loss: nan, batch accuracy: 7.03, data load time: 0.00029, step time: 0.02320
epoch: [19], step: [160/391], batch loss: nan, batch accuracy: 4.69, data load time: 0.00029, step time: 0.02323
epoch: [19], step: [170/391], batch loss: nan, batch accuracy: 11.72, data load time: 0.00030, step time: 0.02306
epoch: [19], step: [180/391], batch loss: nan, batch accuracy: 12.50, data load time: 0.00029, step time: 0.02313
epoch: [19], step: [190/391], batch loss: nan, batch accuracy: 10.94, data load time: 0.00029, step time: 0.02309
epoch: [19], step: [200/391], batch loss: nan, batch accuracy: 14.06, data load time: 0.00030, step time: 0.02330
epoch: [19], step: [210/391], batch loss: nan, batch accuracy: 7.03, data load time: 0.00029, step time: 0.02323
epoch: [19], step: [220/391], batch loss: nan, batch accuracy: 8.59, data load time: 0.00029, step time: 0.02305
epoch: [19], step: [230/391], batch loss: nan, batch accuracy: 14.84, data load time: 0.00029, step time: 0.02308
epoch: [19], step: [240/391], batch loss: nan, batch accuracy: 8.59, data load time: 0.00029, step time: 0.02324
epoch: [19], step: [250/391], batch loss: nan, batch accuracy: 14.06, data load time: 0.00029, step time: 0.02319
epoch: [19], step: [260/391], batch loss: nan, batch accuracy: 10.16, data load time: 0.00030, step time: 0.02309
epoch: [19], step: [270/391], batch loss: nan, batch accuracy: 10.16, data load time: 0.00029, step time: 0.02308
epoch: [19], step: [280/391], batch loss: nan, batch accuracy: 10.94, data load time: 0.00029, step time: 0.02305
epoch: [19], step: [290/391], batch loss: nan, batch accuracy: 7.03, data load time: 0.00029, step time: 0.02302
epoch: [19], step: [300/391], batch loss: nan, batch accuracy: 9.38, data load time: 0.00029, step time: 0.02308
epoch: [19], step: [310/391], batch loss: nan, batch accuracy: 10.94, data load time: 0.00029, step time: 0.02314
epoch: [19], step: [320/391], batch loss: nan, batch accuracy: 11.72, data load time: 0.00029, step time: 0.02304
epoch: [19], step: [330/391], batch loss: nan, batch accuracy: 7.81, data load time: 0.00030, step time: 0.02308
epoch: [19], step: [340/391], batch loss: nan, batch accuracy: 8.59, data load time: 0.00025, step time: 0.00468
epoch: [19], step: [350/391], batch loss: nan, batch accuracy: 6.25, data load time: 0.00025, step time: 0.00470
epoch: [19], step: [360/391], batch loss: nan, batch accuracy: 9.38, data load time: 0.00025, step time: 0.00469
epoch: [19], step: [370/391], batch loss: nan, batch accuracy: 11.72, data load time: 0.00025, step time: 0.00469
epoch: [19], step: [380/391], batch loss: nan, batch accuracy: 8.59, data load time: 0.00026, step time: 0.00468
epoch: [19], step: [390/391], batch loss: nan, batch accuracy: 13.75, data load time: 0.00019, step time: 0.00347
validation loss: nan, accuracy: 10.00
